#
# A fatal error has been detected by the Java Runtime Environment:
#
#  EXCEPTION_ACCESS_VIOLATION (0xc0000005) at pc=0x00000000, pid=5368, tid=4480
#
# JRE version: 7.0_17-b02
# Java VM: Java HotSpot(TM) Client VM (23.7-b01 mixed mode, sharing windows-x86 )
# Problematic frame:
# C  0x00000000
#
# Failed to write core dump. Minidumps are not enabled by default on client versions of Windows
#
# If you would like to submit a bug report, please visit:
#   http://bugreport.sun.com/bugreport/crash.jsp
# The crash happened outside the Java Virtual Machine in native code.
# See problematic frame for where to report the bug.
#

---------------  T H R E A D  ---------------

Current thread (0x03be8000):  JavaThread "AWT-EventQueue-0" [_thread_in_native, id=4480, stack(0x03ff0000,0x04040000)]

siginfo: ExceptionCode=0xc0000005, reading address 0x00000000

Registers:
EAX=0x048402e8, EBX=0x00000000, ECX=0x048402e8, EDX=0x0000000e
ESP=0x0403d10c, EBP=0x0403d138, ESI=0x00000003, EDI=0x04841610
EIP=0x00000000, EFLAGS=0x00010212

Top of Stack: (sp=0x0403d10c)
0x0403d10c:   6afc1abc 0000000e 00000000 00000000
0x0403d11c:   00000000 00000000 00000000 00000001
0x0403d12c:   002f3a00 ffffffff 04840e68 0403d3b8
0x0403d13c:   6afc513a 0000000e 0403d198 00000000
0x0403d14c:   0403d170 ffffffff 00000004 5b1702c1
0x0403d15c:   ffffffff 000ed280 027f0c7f 00000007
0x0403d16c:   002f3a00 00000002 00000002 00000002
0x0403d17c:   ffffffff 00000014 5b2abb38 00000000 

Instructions: (pc=0x00000000)
0xffffffe0:   


Register to memory mapping:

EAX=0x048402e8 is an unknown value
EBX=0x00000000 is an unknown value
ECX=0x048402e8 is an unknown value
EDX=0x0000000e is an unknown value
ESP=0x0403d10c is pointing into the stack for thread: 0x03be8000
EBP=0x0403d138 is pointing into the stack for thread: 0x03be8000
ESI=0x00000003 is an unknown value
EDI=0x04841610 is an unknown value


Stack: [0x03ff0000,0x04040000],  sp=0x0403d10c,  free space=308k
Java frames: (J=compiled Java code, j=interpreted, Vv=VM code)
j  muargus.extern.dataengine.MuArgusCtrlJNI.CMuArgCtrl_ApplyRecode(JLmuargus/extern/dataengine/CMuArgCtrl;)Z+0
j  muargus.extern.dataengine.CMuArgCtrl.ApplyRecode()Z+5
j  muargus.controller.GlobalRecodeController.undo(Lmuargus/model/RecodeMu;)V+44
j  muargus.view.GlobalRecodeView.undoButtonActionPerformed(Ljava/awt/event/ActionEvent;)V+8
j  muargus.view.GlobalRecodeView.access$700(Lmuargus/view/GlobalRecodeView;Ljava/awt/event/ActionEvent;)V+2
j  muargus.view.GlobalRecodeView$8.actionPerformed(Ljava/awt/event/ActionEvent;)V+5
j  javax.swing.AbstractButton.fireActionPerformed(Ljava/awt/event/ActionEvent;)V+84
j  javax.swing.AbstractButton$Handler.actionPerformed(Ljava/awt/event/ActionEvent;)V+5
j  javax.swing.DefaultButtonModel.fireActionPerformed(Ljava/awt/event/ActionEvent;)V+35
j  javax.swing.DefaultButtonModel.setPressed(Z)V+117
j  javax.swing.plaf.basic.BasicButtonListener.mouseReleased(Ljava/awt/event/MouseEvent;)V+35
j  java.awt.Component.processMouseEvent(Ljava/awt/event/MouseEvent;)V+64
j  javax.swing.JComponent.processMouseEvent(Ljava/awt/event/MouseEvent;)V+23
J  java.awt.Component.processEvent(Ljava/awt/AWTEvent;)V
j  java.awt.Container.processEvent(Ljava/awt/AWTEvent;)V+18
J  java.awt.Component.dispatchEventImpl(Ljava/awt/AWTEvent;)V
J  java.awt.Container.dispatchEventImpl(Ljava/awt/AWTEvent;)V
J  java.awt.LightweightDispatcher.retargetMouseEvent(Ljava/awt/Component;ILjava/awt/event/MouseEvent;)V
J  java.awt.LightweightDispatcher.processMouseEvent(Ljava/awt/event/MouseEvent;)Z
J  java.awt.LightweightDispatcher.dispatchEvent(Ljava/awt/AWTEvent;)Z
J  java.awt.Container.dispatchEventImpl(Ljava/awt/AWTEvent;)V
J  java.awt.Window.dispatchEventImpl(Ljava/awt/AWTEvent;)V
J  java.awt.EventQueue.dispatchEventImpl(Ljava/awt/AWTEvent;Ljava/lang/Object;)V
J  java.awt.EventQueue$3.run()Ljava/lang/Object;
v  ~StubRoutines::call_stub
J  java.security.AccessController.doPrivileged(Ljava/security/PrivilegedAction;Ljava/security/AccessControlContext;)Ljava/lang/Object;
J  java.security.ProtectionDomain$1.doIntersectionPrivilege(Ljava/security/PrivilegedAction;Ljava/security/AccessControlContext;Ljava/security/AccessControlContext;)Ljava/lang/Object;
J  java.awt.EventQueue$4.run()Ljava/lang/Object;
v  ~StubRoutines::call_stub
J  java.security.AccessController.doPrivileged(Ljava/security/PrivilegedAction;Ljava/security/AccessControlContext;)Ljava/lang/Object;
J  java.awt.EventQueue.dispatchEvent(Ljava/awt/AWTEvent;)V
J  java.awt.EventDispatchThread.pumpOneEventForFilters(I)V
J  java.awt.EventDispatchThread.pumpEventsForFilter(ILjava/awt/Conditional;Ljava/awt/EventFilter;)V
j  java.awt.EventDispatchThread.pumpEventsForFilter(Ljava/awt/Conditional;Ljava/awt/EventFilter;)V+4
j  java.awt.WaitDispatchSupport$2.run()V+59
j  java.awt.WaitDispatchSupport$4.run()Ljava/lang/Object;+4
v  ~StubRoutines::call_stub
j  java.security.AccessController.doPrivileged(Ljava/security/PrivilegedAction;)Ljava/lang/Object;+0
j  java.awt.WaitDispatchSupport.enter()Z+231
j  java.awt.Dialog.show()V+233
j  java.awt.Component.show(Z)V+5
j  java.awt.Component.setVisible(Z)V+2
j  java.awt.Window.setVisible(Z)V+2
j  java.awt.Dialog.setVisible(Z)V+2
j  muargus.controller.GlobalRecodeController.showView()V+5
j  muargus.controller.MainFrameController.globalRecode()V+57
j  muargus.view.MainFrameView.globalRecodeMenuItemActionPerformed(Ljava/awt/event/ActionEvent;)V+4
j  muargus.view.MainFrameView.access$400(Lmuargus/view/MainFrameView;Ljava/awt/event/ActionEvent;)V+2
j  muargus.view.MainFrameView$5.actionPerformed(Ljava/awt/event/ActionEvent;)V+5
j  javax.swing.AbstractButton.fireActionPerformed(Ljava/awt/event/ActionEvent;)V+84
j  javax.swing.AbstractButton$Handler.actionPerformed(Ljava/awt/event/ActionEvent;)V+5
j  javax.swing.DefaultButtonModel.fireActionPerformed(Ljava/awt/event/ActionEvent;)V+35
j  javax.swing.DefaultButtonModel.setPressed(Z)V+117
j  javax.swing.plaf.basic.BasicButtonListener.mouseReleased(Ljava/awt/event/MouseEvent;)V+35
j  java.awt.Component.processMouseEvent(Ljava/awt/event/MouseEvent;)V+64
j  javax.swing.JComponent.processMouseEvent(Ljava/awt/event/MouseEvent;)V+23
j  java.awt.Component.processEvent(Ljava/awt/AWTEvent;)V+81
j  java.awt.Container.processEvent(Ljava/awt/AWTEvent;)V+18
J  java.awt.Component.dispatchEventImpl(Ljava/awt/AWTEvent;)V
J  java.awt.Container.dispatchEventImpl(Ljava/awt/AWTEvent;)V
J  java.awt.LightweightDispatcher.retargetMouseEvent(Ljava/awt/Component;ILjava/awt/event/MouseEvent;)V
J  java.awt.LightweightDispatcher.processMouseEvent(Ljava/awt/event/MouseEvent;)Z
J  java.awt.LightweightDispatcher.dispatchEvent(Ljava/awt/AWTEvent;)Z
J  java.awt.Container.dispatchEventImpl(Ljava/awt/AWTEvent;)V
J  java.awt.Window.dispatchEventImpl(Ljava/awt/AWTEvent;)V
J  java.awt.EventQueue.dispatchEventImpl(Ljava/awt/AWTEvent;Ljava/lang/Object;)V
J  java.awt.EventQueue$3.run()Ljava/lang/Object;
v  ~StubRoutines::call_stub
J  java.security.AccessController.doPrivileged(Ljava/security/PrivilegedAction;Ljava/security/AccessControlContext;)Ljava/lang/Object;
J  java.security.ProtectionDomain$1.doIntersectionPrivilege(Ljava/security/PrivilegedAction;Ljava/security/AccessControlContext;Ljava/security/AccessControlContext;)Ljava/lang/Object;
J  java.awt.EventQueue$4.run()Ljava/lang/Object;
v  ~StubRoutines::call_stub
J  java.security.AccessController.doPrivileged(Ljava/security/PrivilegedAction;Ljava/security/AccessControlContext;)Ljava/lang/Object;
J  java.awt.EventQueue.dispatchEvent(Ljava/awt/AWTEvent;)V
J  java.awt.EventDispatchThread.pumpOneEventForFilters(I)V
j  java.awt.EventDispatchThread.pumpEventsForFilter(ILjava/awt/Conditional;Ljava/awt/EventFilter;)V+35
j  java.awt.EventDispatchThread.pumpEventsForHierarchy(ILjava/awt/Conditional;Ljava/awt/Component;)V+11
j  java.awt.EventDispatchThread.pumpEvents(ILjava/awt/Conditional;)V+4
j  java.awt.EventDispatchThread.pumpEvents(Ljava/awt/Conditional;)V+3
j  java.awt.EventDispatchThread.run()V+9
v  ~StubRoutines::call_stub

---------------  P R O C E S S  ---------------

Java Threads: ( => current thread )
  0x03b64400 JavaThread "SwingWorker-pool-2-thread-1" daemon [_thread_blocked, id=6684, stack(0x05de0000,0x05e30000)]
  0x03ba1000 JavaThread "Swing-Shell" daemon [_thread_blocked, id=1680, stack(0x049e0000,0x04a30000)]
  0x054fe400 JavaThread "TimerQueue" daemon [_thread_blocked, id=6124, stack(0x04080000,0x040d0000)]
  0x0067b000 JavaThread "DestroyJavaVM" [_thread_blocked, id=3068, stack(0x00680000,0x006d0000)]
=>0x03be8000 JavaThread "AWT-EventQueue-0" [_thread_in_native, id=4480, stack(0x03ff0000,0x04040000)]
  0x03bc4c00 JavaThread "AWT-Windows" daemon [_thread_in_native, id=5876, stack(0x03eb0000,0x03f00000)]
  0x03bc4400 JavaThread "AWT-Shutdown" [_thread_blocked, id=7456, stack(0x03df0000,0x03e40000)]
  0x03bbdc00 JavaThread "Java2D Disposer" daemon [_thread_blocked, id=6240, stack(0x03a30000,0x03a80000)]
  0x007bb800 JavaThread "Service Thread" daemon [_thread_blocked, id=7084, stack(0x00c90000,0x00ce0000)]
  0x007b6400 JavaThread "C1 CompilerThread0" daemon [_thread_blocked, id=3220, stack(0x00a80000,0x00ad0000)]
  0x007b5000 JavaThread "Attach Listener" daemon [_thread_blocked, id=2032, stack(0x00bc0000,0x00c10000)]
  0x007b2000 JavaThread "Signal Dispatcher" daemon [_thread_blocked, id=4872, stack(0x00b30000,0x00b80000)]
  0x007a1000 JavaThread "Finalizer" daemon [_thread_blocked, id=7336, stack(0x009e0000,0x00a30000)]
  0x0079c400 JavaThread "Reference Handler" daemon [_thread_blocked, id=6504, stack(0x00950000,0x009a0000)]

Other Threads:
  0x0079b000 VMThread [stack: 0x00ae0000,0x00b30000] [id=6760]
  0x007cd400 WatcherThread [stack: 0x03ab0000,0x03b00000] [id=7988]

VM state:not at safepoint (normal execution)

VM Mutex/Monitor currently owned by a thread: None

Heap
 def new generation   total 4928K, used 2928K [0x234d0000, 0x23a20000, 0x28a20000)
  eden space 4416K,  55% used [0x234d0000, 0x237323c8, 0x23920000)
  from space 512K,  95% used [0x239a0000, 0x23a19f70, 0x23a20000)
  to   space 512K,   0% used [0x23920000, 0x23920000, 0x239a0000)
 tenured generation   total 10944K, used 7988K [0x28a20000, 0x294d0000, 0x334d0000)
   the space 10944K,  72% used [0x28a20000, 0x291ed190, 0x291ed200, 0x294d0000)
 compacting perm gen  total 12288K, used 3027K [0x334d0000, 0x340d0000, 0x374d0000)
   the space 12288K,  24% used [0x334d0000, 0x337c4dd8, 0x337c4e00, 0x340d0000)
    ro space 10240K,  45% used [0x374d0000, 0x379573d8, 0x37957400, 0x37ed0000)
    rw space 12288K,  54% used [0x37ed0000, 0x3855acc8, 0x3855ae00, 0x38ad0000)

Card table byte_map: [0x00890000,0x00940000] byte_map_base: 0x00775980

Polling page: 0x00270000

Code Cache  [0x01a10000, 0x01c38000, 0x03a10000)
 total_blobs=1420 nmethods=1179 adapters=174 free_code_cache=30568Kb largest_free_block=31302080

Compilation events (10 events):
Event: 98.976 Thread 0x007b6400 1183   !         sun.awt.image.VolatileSurfaceManager::validate (204 bytes)
Event: 98.977 Thread 0x007b6400 nmethod 1183 0x01c344c8 code [0x01c34640, 0x01c349bc]
Event: 98.977 Thread 0x007b6400 1184             sun.awt.image.VolatileSurfaceManager::contentsLost (5 bytes)
Event: 98.977 Thread 0x007b6400 nmethod 1184 0x01c34c08 code [0x01c34d00, 0x01c34d80]
Event: 99.587 Thread 0x007b6400 1185             java.awt.Component::processEvent (220 bytes)
Event: 99.588 Thread 0x007b6400 nmethod 1185 0x01c34dc8 code [0x01c34f80, 0x01c3540c]
Event: 99.725 Thread 0x007b6400 1186             javax.swing.JRootPane::isOptimizedDrawingEnabled (16 bytes)
Event: 99.725 Thread 0x007b6400 nmethod 1186 0x01c356c8 code [0x01c357d0, 0x01c3587c]
Event: 100.100 Thread 0x007b6400 1187             sun.java2d.windows.GDIBlitLoops::Blit (37 bytes)
Event: 100.100 Thread 0x007b6400 nmethod 1187 0x01c35bc8 code [0x01c35cc0, 0x01c35dbc]

GC Heap History (10 events):
Event: 28.117 GC heap before
{Heap before GC invocations=4 (full 0):
 def new generation   total 4928K, used 4928K [0x234d0000, 0x23a20000, 0x28a20000)
  eden space 4416K, 100% used [0x234d0000, 0x23920000, 0x23920000)
  from space 512K, 100% used [0x23920000, 0x239a0000, 0x239a0000)
  to   space 512K,   0% used [0x239a0000, 0x239a0000, 0x23a20000)
 tenured generation   total 10944K, used 5698K [0x28a20000, 0x294d0000, 0x334d0000)
   the space 10944K,  52% used [0x28a20000, 0x28fb0b08, 0x28fb0c00, 0x294d0000)
 compacting perm gen  total 12288K, used 2765K [0x334d0000, 0x340d0000, 0x374d0000)
   the space 12288K,  22% used [0x334d0000, 0x33783428, 0x33783600, 0x340d0000)
    ro space 10240K,  45% used [0x374d0000, 0x379573d8, 0x37957400, 0x37ed0000)
    rw space 12288K,  54% used [0x37ed0000, 0x3855acc8, 0x3855ae00, 0x38ad0000)
Event: 28.127 GC heap after
Heap after GC invocations=5 (full 0):
 def new generation   total 4928K, used 512K [0x234d0000, 0x23a20000, 0x28a20000)
  eden space 4416K,   0% used [0x234d0000, 0x234d0000, 0x23920000)
  from space 512K, 100% used [0x239a0000, 0x23a20000, 0x23a20000)
  to   space 512K,   0% used [0x23920000, 0x23920000, 0x239a0000)
 tenured generation   total 10944K, used 6707K [0x28a20000, 0x294d0000, 0x334d0000)
   the space 10944K,  61% used [0x28a20000, 0x290acc68, 0x290ace00, 0x294d0000)
 compacting perm gen  total 12288K, used 2765K [0x334d0000, 0x340d0000, 0x374d0000)
   the space 12288K,  22% used [0x334d0000, 0x33783428, 0x33783600, 0x340d0000)
    ro space 10240K,  45% used [0x374d0000, 0x379573d8, 0x37957400, 0x37ed0000)
    rw space 12288K,  54% used [0x37ed0000, 0x3855acc8, 0x3855ae00, 0x38ad0000)
}
Event: 39.210 GC heap before
{Heap before GC invocations=5 (full 0):
 def new generation   total 4928K, used 4928K [0x234d0000, 0x23a20000, 0x28a20000)
  eden space 4416K, 100% used [0x234d0000, 0x23920000, 0x23920000)
  from space 512K, 100% used [0x239a0000, 0x23a20000, 0x23a20000)
  to   space 512K,   0% used [0x23920000, 0x23920000, 0x239a0000)
 tenured generation   total 10944K, used 6707K [0x28a20000, 0x294d0000, 0x334d0000)
   the space 10944K,  61% used [0x28a20000, 0x290acc68, 0x290ace00, 0x294d0000)
 compacting perm gen  total 12288K, used 2862K [0x334d0000, 0x340d0000, 0x374d0000)
   the space 12288K,  23% used [0x334d0000, 0x3379ba28, 0x3379bc00, 0x340d0000)
    ro space 10240K,  45% used [0x374d0000, 0x379573d8, 0x37957400, 0x37ed0000)
    rw space 12288K,  54% used [0x37ed0000, 0x3855acc8, 0x3855ae00, 0x38ad0000)
Event: 39.216 GC heap after
Heap after GC invocations=6 (full 0):
 def new generation   total 4928K, used 462K [0x234d0000, 0x23a20000, 0x28a20000)
  eden space 4416K,   0% used [0x234d0000, 0x234d0000, 0x23920000)
  from space 512K,  90% used [0x23920000, 0x23993aa8, 0x239a0000)
  to   space 512K,   0% used [0x239a0000, 0x239a0000, 0x23a20000)
 tenured generation   total 10944K, used 7017K [0x28a20000, 0x294d0000, 0x334d0000)
   the space 10944K,  64% used [0x28a20000, 0x290fa440, 0x290fa600, 0x294d0000)
 compacting perm gen  total 12288K, used 2862K [0x334d0000, 0x340d0000, 0x374d0000)
   the space 12288K,  23% used [0x334d0000, 0x3379ba28, 0x3379bc00, 0x340d0000)
    ro space 10240K,  45% used [0x374d0000, 0x379573d8, 0x37957400, 0x37ed0000)
    rw space 12288K,  54% used [0x37ed0000, 0x3855acc8, 0x3855ae00, 0x38ad0000)
}
Event: 59.361 GC heap before
{Heap before GC invocations=6 (full 0):
 def new generation   total 4928K, used 4878K [0x234d0000, 0x23a20000, 0x28a20000)
  eden space 4416K, 100% used [0x234d0000, 0x23920000, 0x23920000)
  from space 512K,  90% used [0x23920000, 0x23993aa8, 0x239a0000)
  to   space 512K,   0% used [0x239a0000, 0x239a0000, 0x23a20000)
 tenured generation   total 10944K, used 7017K [0x28a20000, 0x294d0000, 0x334d0000)
   the space 10944K,  64% used [0x28a20000, 0x290fa440, 0x290fa600, 0x294d0000)
 compacting perm gen  total 12288K, used 3025K [0x334d0000, 0x340d0000, 0x374d0000)
   the space 12288K,  24% used [0x334d0000, 0x337c4700, 0x337c4800, 0x340d0000)
    ro space 10240K,  45% used [0x374d0000, 0x379573d8, 0x37957400, 0x37ed0000)
    rw space 12288K,  54% used [0x37ed0000, 0x3855acc8, 0x3855ae00, 0x38ad0000)
Event: 59.365 GC heap after
Heap after GC invocations=7 (full 0):
 def new generation   total 4928K, used 512K [0x234d0000, 0x23a20000, 0x28a20000)
  eden space 4416K,   0% used [0x234d0000, 0x234d0000, 0x23920000)
  from space 512K, 100% used [0x239a0000, 0x23a20000, 0x23a20000)
  to   space 512K,   0% used [0x23920000, 0x23920000, 0x239a0000)
 tenured generation   total 10944K, used 7163K [0x28a20000, 0x294d0000, 0x334d0000)
   the space 10944K,  65% used [0x28a20000, 0x2911ed00, 0x2911ee00, 0x294d0000)
 compacting perm gen  total 12288K, used 3025K [0x334d0000, 0x340d0000, 0x374d0000)
   the space 12288K,  24% used [0x334d0000, 0x337c4700, 0x337c4800, 0x340d0000)
    ro space 10240K,  45% used [0x374d0000, 0x379573d8, 0x37957400, 0x37ed0000)
    rw space 12288K,  54% used [0x37ed0000, 0x3855acc8, 0x3855ae00, 0x38ad0000)
}
Event: 65.764 GC heap before
{Heap before GC invocations=7 (full 0):
 def new generation   total 4928K, used 4928K [0x234d0000, 0x23a20000, 0x28a20000)
  eden space 4416K, 100% used [0x234d0000, 0x23920000, 0x23920000)
  from space 512K, 100% used [0x239a0000, 0x23a20000, 0x23a20000)
  to   space 512K,   0% used [0x23920000, 0x23920000, 0x239a0000)
 tenured generation   total 10944K, used 7163K [0x28a20000, 0x294d0000, 0x334d0000)
   the space 10944K,  65% used [0x28a20000, 0x2911ed00, 0x2911ee00, 0x294d0000)
 compacting perm gen  total 12288K, used 3027K [0x334d0000, 0x340d0000, 0x374d0000)
   the space 12288K,  24% used [0x334d0000, 0x337c4cd8, 0x337c4e00, 0x340d0000)
    ro space 10240K,  45% used [0x374d0000, 0x379573d8, 0x37957400, 0x37ed0000)
    rw space 12288K,  54% used [0x37ed0000, 0x3855acc8, 0x3855ae00, 0x38ad0000)
Event: 65.769 GC heap after
Heap after GC invocations=8 (full 0):
 def new generation   total 4928K, used 512K [0x234d0000, 0x23a20000, 0x28a20000)
  eden space 4416K,   0% used [0x234d0000, 0x234d0000, 0x23920000)
  from space 512K, 100% used [0x23920000, 0x239a0000, 0x239a0000)
  to   space 512K,   0% used [0x239a0000, 0x239a0000, 0x23a20000)
 tenured generation   total 10944K, used 7743K [0x28a20000, 0x294d0000, 0x334d0000)
   the space 10944K,  70% used [0x28a20000, 0x291afee8, 0x291b0000, 0x294d0000)
 compacting perm gen  total 12288K, used 3027K [0x334d0000, 0x340d0000, 0x374d0000)
   the space 12288K,  24% used [0x334d0000, 0x337c4cd8, 0x337c4e00, 0x340d0000)
    ro space 10240K,  45% used [0x374d0000, 0x379573d8, 0x37957400, 0x37ed0000)
    rw space 12288K,  54% used [0x37ed0000, 0x3855acc8, 0x3855ae00, 0x38ad0000)
}
Event: 88.523 GC heap before
{Heap before GC invocations=8 (full 0):
 def new generation   total 4928K, used 4928K [0x234d0000, 0x23a20000, 0x28a20000)
  eden space 4416K, 100% used [0x234d0000, 0x23920000, 0x23920000)
  from space 512K, 100% used [0x23920000, 0x239a0000, 0x239a0000)
  to   space 512K,   0% used [0x239a0000, 0x239a0000, 0x23a20000)
 tenured generation   total 10944K, used 7743K [0x28a20000, 0x294d0000, 0x334d0000)
   the space 10944K,  70% used [0x28a20000, 0x291afee8, 0x291b0000, 0x294d0000)
 compacting perm gen  total 12288K, used 3027K [0x334d0000, 0x340d0000, 0x374d0000)
   the space 12288K,  24% used [0x334d0000, 0x337c4d88, 0x337c4e00, 0x340d0000)
    ro space 10240K,  45% used [0x374d0000, 0x379573d8, 0x37957400, 0x37ed0000)
    rw space 12288K,  54% used [0x37ed0000, 0x3855acc8, 0x3855ae00, 0x38ad0000)
Event: 88.528 GC heap after
Heap after GC invocations=9 (full 0):
 def new generation   total 4928K, used 487K [0x234d0000, 0x23a20000, 0x28a20000)
  eden space 4416K,   0% used [0x234d0000, 0x234d0000, 0x23920000)
  from space 512K,  95% used [0x239a0000, 0x23a19f70, 0x23a20000)
  to   space 512K,   0% used [0x23920000, 0x23920000, 0x239a0000)
 tenured generation   total 10944K, used 7988K [0x28a20000, 0x294d0000, 0x334d0000)
   the space 10944K,  72% used [0x28a20000, 0x291ed190, 0x291ed200, 0x294d0000)
 compacting perm gen  total 12288K, used 3027K [0x334d0000, 0x340d0000, 0x374d0000)
   the space 12288K,  24% used [0x334d0000, 0x337c4d88, 0x337c4e00, 0x340d0000)
    ro space 10240K,  45% used [0x374d0000, 0x379573d8, 0x37957400, 0x37ed0000)
    rw space 12288K,  54% used [0x37ed0000, 0x3855acc8, 0x3855ae00, 0x38ad0000)
}

Deoptimization events (0 events):
No events

Internal exceptions (10 events):
Event: 59.306 Thread 0x03be8000 Threw 0x238d3bd0 at C:\jdk7u2_32P\jdk7u17\hotspot\src\share\vm\prims\jvm.cpp:1166
Event: 59.308 Thread 0x03be8000 Threw 0x238d58f8 at C:\jdk7u2_32P\jdk7u17\hotspot\src\share\vm\prims\jvm.cpp:1166
Event: 59.309 Thread 0x03be8000 Threw 0x238d7790 at C:\jdk7u2_32P\jdk7u17\hotspot\src\share\vm\prims\jvm.cpp:1166
Event: 59.311 Thread 0x03be8000 Threw 0x238d95a8 at C:\jdk7u2_32P\jdk7u17\hotspot\src\share\vm\prims\jvm.cpp:1166
Event: 59.313 Thread 0x03be8000 Threw 0x238dba98 at C:\jdk7u2_32P\jdk7u17\hotspot\src\share\vm\prims\jvm.cpp:1166
Event: 59.314 Thread 0x03be8000 Threw 0x238dd650 at C:\jdk7u2_32P\jdk7u17\hotspot\src\share\vm\prims\jvm.cpp:1166
Event: 59.316 Thread 0x03be8000 Threw 0x238df240 at C:\jdk7u2_32P\jdk7u17\hotspot\src\share\vm\prims\jvm.cpp:1166
Event: 59.317 Thread 0x03be8000 Threw 0x238e0df8 at C:\jdk7u2_32P\jdk7u17\hotspot\src\share\vm\prims\jvm.cpp:1166
Event: 59.319 Thread 0x03be8000 Threw 0x238e45c0 at C:\jdk7u2_32P\jdk7u17\hotspot\src\share\vm\prims\jvm.cpp:1166
Event: 59.321 Thread 0x03be8000 Threw 0x238e8428 at C:\jdk7u2_32P\jdk7u17\hotspot\src\share\vm\prims\jvm.cpp:1166

Events (10 events):
Event: 62.606 Executing VM operation: RevokeBias done
Event: 62.606 Thread 0x03c87800 Thread exited: 0x03c87800
Event: 64.882 Executing VM operation: RevokeBias
Event: 64.882 Executing VM operation: RevokeBias done
Event: 65.764 Executing VM operation: GenCollectForAllocation
Event: 65.769 Executing VM operation: GenCollectForAllocation done
Event: 88.472 Executing VM operation: BulkRevokeBias
Event: 88.472 Executing VM operation: BulkRevokeBias done
Event: 88.523 Executing VM operation: GenCollectForAllocation
Event: 88.528 Executing VM operation: GenCollectForAllocation done


Dynamic libraries:
0x00de0000 - 0x00e0f000 	C:\Program Files\Java\jdk1.7.0_17\bin\java.exe
0x77020000 - 0x7715c000 	C:\Windows\SYSTEM32\ntdll.dll
0x76260000 - 0x76334000 	C:\Windows\system32\kernel32.dll
0x75140000 - 0x7518b000 	C:\Windows\system32\KERNELBASE.dll
0x771b0000 - 0x77250000 	C:\Windows\system32\ADVAPI32.dll
0x76950000 - 0x769fc000 	C:\Windows\system32\msvcrt.dll
0x75580000 - 0x75599000 	C:\Windows\SYSTEM32\sechost.dll
0x76e10000 - 0x76eb2000 	C:\Windows\system32\RPCRT4.dll
0x76390000 - 0x76459000 	C:\Windows\system32\USER32.dll
0x76340000 - 0x7638e000 	C:\Windows\system32\GDI32.dll
0x77160000 - 0x7716a000 	C:\Windows\system32\LPK.dll
0x76460000 - 0x764fd000 	C:\Windows\system32\USP10.dll
0x74400000 - 0x7459e000 	C:\Windows\WinSxS\x86_microsoft.windows.common-controls_6595b64144ccf1df_6.0.7601.17514_none_41e6975e2bd6f2b2\COMCTL32.dll
0x76db0000 - 0x76e07000 	C:\Windows\system32\SHLWAPI.dll
0x753a0000 - 0x753bf000 	C:\Windows\system32\IMM32.DLL
0x76c50000 - 0x76d1c000 	C:\Windows\system32\MSCTF.dll
0x5e6f0000 - 0x5e7ae000 	C:\Program Files\Java\jdk1.7.0_17\jre\bin\msvcr100.dll
0x5b030000 - 0x5b37c000 	C:\Program Files\Java\jdk1.7.0_17\jre\bin\client\jvm.dll
0x6ff80000 - 0x6ff87000 	C:\Windows\system32\WSOCK32.dll
0x76d70000 - 0x76da5000 	C:\Windows\system32\WS2_32.dll
0x77170000 - 0x77176000 	C:\Windows\system32\NSI.dll
0x73520000 - 0x73552000 	C:\Windows\system32\WINMM.dll
0x76720000 - 0x76725000 	C:\Windows\system32\PSAPI.DLL
0x6bb30000 - 0x6bb65000 	C:\Program Files\Java\jdk1.7.0_17\jre\bin\splashscreen.dll
0x73110000 - 0x7311c000 	C:\Program Files\Java\jdk1.7.0_17\jre\bin\verify.dll
0x6bd00000 - 0x6bd20000 	C:\Program Files\Java\jdk1.7.0_17\jre\bin\java.dll
0x6bb10000 - 0x6bb23000 	C:\Program Files\Java\jdk1.7.0_17\jre\bin\zip.dll
0x6afc0000 - 0x6b056000 	C:\Users\Gebruiker\Projects\MuARGUS\libmuargusdll.dll
0x6e940000 - 0x6e964000 	C:\Users\Gebruiker\Projects\MuARGUS\libgcc_s_dw2-1.dll
0x6fc40000 - 0x6fd40000 	C:\Users\Gebruiker\Projects\MuARGUS\libstdc++-6.dll
0x5e090000 - 0x5e1d2000 	C:\Program Files\Java\jdk1.7.0_17\jre\bin\awt.dll
0x76b30000 - 0x76bbf000 	C:\Windows\system32\OLEAUT32.dll
0x76ec0000 - 0x7701c000 	C:\Windows\system32\ole32.dll
0x73c70000 - 0x73cb0000 	C:\Windows\system32\uxtheme.dll
0x73890000 - 0x738a3000 	C:\Windows\system32\dwmapi.dll
0x74f70000 - 0x74f7c000 	C:\Windows\system32\CRYPTBASE.dll
0x755a0000 - 0x761ea000 	C:\Windows\system32\SHELL32.dll
0x6bad0000 - 0x6bae4000 	C:\Program Files\Java\jdk1.7.0_17\jre\bin\net.dll
0x74a50000 - 0x74a8c000 	C:\Windows\system32\mswsock.dll
0x74a40000 - 0x74a46000 	C:\Windows\System32\wship6.dll
0x71e50000 - 0x71e5e000 	C:\Program Files\Java\jdk1.7.0_17\jre\bin\nio.dll
0x6b920000 - 0x6b94a000 	C:\Program Files\Java\jdk1.7.0_17\jre\bin\fontmanager.dll
0x10000000 - 0x10038000 	C:\Program Files\WIDCOMM\Bluetooth Software\btmmhook.dll
0x6a630000 - 0x6a661000 	C:\Program Files\Java\jdk1.7.0_17\jre\bin\t2k.dll
0x76bc0000 - 0x76c43000 	C:\Windows\system32\CLBCatQ.DLL
0x702f0000 - 0x70374000 	C:\Windows\WinSxS\x86_microsoft.windows.common-controls_6595b64144ccf1df_5.82.7601.18201_none_ec80f00e8593ece5\comctl32.dll
0x76730000 - 0x768cd000 	C:\Windows\system32\SETUPAPI.dll
0x750e0000 - 0x75107000 	C:\Windows\system32\CFGMGR32.dll
0x75120000 - 0x75132000 	C:\Windows\system32\DEVOBJ.dll
0x73b60000 - 0x73c55000 	C:\Windows\system32\propsys.dll
0x735f0000 - 0x73611000 	C:\Windows\system32\ntmarta.dll
0x76d20000 - 0x76d65000 	C:\Windows\system32\WLDAP32.dll
0x74f20000 - 0x74f6c000 	C:\Windows\system32\apphelp.dll
0x6ce00000 - 0x6cf98000 	C:\Windows\system32\NetworkExplorer.dll
0x6f3d0000 - 0x6f3ff000 	C:\Windows\System32\shdocvw.dll
0x75090000 - 0x7509b000 	C:\Windows\system32\profapi.dll
0x73240000 - 0x7324a000 	C:\Windows\system32\slc.dll
0x73620000 - 0x73750000 	C:\Windows\system32\WindowsCodecs.dll
0x6ec60000 - 0x6ec72000 	C:\Program Files\Common Files\TortoiseOverlays\TortoiseOverlays.dll
0x6ec40000 - 0x6ec54000 	C:\Program Files\TortoiseGit\bin\TortoiseGitStub32.dll
0x6ebc0000 - 0x6ec3e000 	C:\Program Files\TortoiseGit\bin\TortoiseGit32.dll
0x741f0000 - 0x741f9000 	C:\Windows\system32\VERSION.dll
0x6e3d0000 - 0x6e44e000 	C:\Program Files\TortoiseGit\bin\libgit232.dll
0x6e3b0000 - 0x6e3c5000 	C:\Program Files\TortoiseGit\bin\zlib132.dll
0x6e2d0000 - 0x6e3a6000 	C:\Windows\system32\MSVCR110.dll
0x72e70000 - 0x72ec8000 	C:\Windows\system32\WINHTTP.dll
0x72e20000 - 0x72e6f000 	C:\Windows\system32\webio.dll
0x6e100000 - 0x6e2c2000 	C:\Program Files\TortoiseGit\bin\gitdll32.dll
0x6e070000 - 0x6e0f5000 	C:\Windows\system32\MSVCP110.dll
0x6f600000 - 0x6f631000 	C:\Windows\system32\EhStorShell.dll
0x6f570000 - 0x6f5ff000 	C:\Program Files\Google\Drive\googledrivesync32.dll
0x6f4e0000 - 0x6f56e000 	C:\Windows\WinSxS\x86_microsoft.vc90.crt_1fc8b3b9a1e18e3b_9.0.30729.6161_none_50934f2ebcb7eb57\MSVCP90.dll
0x70920000 - 0x709c3000 	C:\Windows\WinSxS\x86_microsoft.vc90.crt_1fc8b3b9a1e18e3b_9.0.30729.6161_none_50934f2ebcb7eb57\MSVCR90.dll
0x03f80000 - 0x03f92000 	C:\Windows\system32\MPR.dll
0x670e0000 - 0x670e8000 	C:\Windows\System32\drprov.dll
0x74fe0000 - 0x75009000 	C:\Windows\System32\WINSTA.dll
0x65920000 - 0x65934000 	C:\Windows\System32\ntlanman.dll
0x670c0000 - 0x670d7000 	C:\Windows\System32\davclnt.dll
0x67040000 - 0x67048000 	C:\Windows\System32\DAVHLPR.dll
0x72d90000 - 0x72d9f000 	C:\Windows\system32\wkscli.dll
0x6e9c0000 - 0x6e9cb000 	C:\Windows\system32\cscapi.dll
0x72db0000 - 0x72db9000 	C:\Windows\system32\netutils.dll
0x5e7e0000 - 0x5ea18000 	C:\Windows\system32\wpdshext.dll
0x738e0000 - 0x73a70000 	C:\Windows\WinSxS\x86_microsoft.windows.gdiplus_6595b64144ccf1df_1.1.7601.18455_none_72d576ad8665e853\gdiplus.dll
0x71340000 - 0x713c9000 	C:\Windows\system32\PortableDeviceApi.dll
0x751b0000 - 0x751de000 	C:\Windows\system32\WINTRUST.dll
0x75270000 - 0x75390000 	C:\Windows\system32\CRYPT32.dll
0x75080000 - 0x7508c000 	C:\Windows\system32\MSASN1.dll
0x6b120000 - 0x6b15f000 	C:\Windows\system32\audiodev.dll
0x5adc0000 - 0x5b027000 	C:\Windows\system32\WMVCore.DLL
0x6b160000 - 0x6b19d000 	C:\Windows\system32\WMASF.DLL
0x6a1b0000 - 0x6a1d2000 	C:\Windows\system32\EhStorAPI.dll
0x6ff70000 - 0x6ff79000 	C:\Windows\system32\LINKINFO.dll
0x74db0000 - 0x74db8000 	C:\Windows\system32\Secur32.dll
0x74f00000 - 0x74f1b000 	C:\Windows\system32\SSPICLI.DLL
0x72ca0000 - 0x72caf000 	C:\Windows\system32\samcli.dll
0x73cd0000 - 0x73ce2000 	C:\Windows\system32\SAMLIB.dll
0x6ffa0000 - 0x7008b000 	C:\Windows\system32\dbghelp.dll

VM Arguments:
jvm_args: -Dfile.encoding=UTF-8 
java_command: muargus.MuARGUS
Launcher Type: SUN_STANDARD

Environment Variables:
JAVA_HOME=c:\Program Files\Java\jdk1.7.0_17
PATH=c:\Program Files\Java\jdk1.7.0_17\bin;C:\MinGW\bin;C:\MinGW\mingw32\bin;C:\MinGW\msys\1.0\bin;C:\Windows\system32;C:\Windows;C:\Windows\System32\Wbem;C:\Windows\System32\WindowsPowerShell\v1.0\;c:\swigwin-2.0.9;C:\Program Files\Intel\OpenCL SDK\2.0\bin\x86;C:\Program Files\WIDCOMM\Bluetooth Software\;C:\Program Files\TortoiseGit\bin;C:\Program Files\Microsoft Visual Studio\Common\Tools\WinNT;C:\Program Files\Microsoft Visual Studio\Common\MSDev98\Bin;C:\Program Files\Microsoft Visual Studio\Common\Tools;C:\Program Files\Microsoft Visual Studio\VC98\bin
USERNAME=ambargus
OS=Windows_NT
PROCESSOR_IDENTIFIER=x86 Family 6 Model 58 Stepping 9, GenuineIntel



---------------  S Y S T E M  ---------------

OS: Windows 7 Build 7601 Service Pack 1

CPU:total 8 (4 cores per cpu, 2 threads per core) family 6 model 58 stepping 9, cmov, cx8, fxsr, mmx, sse, sse2, sse3, ssse3, sse4.1, sse4.2, popcnt, avx, ht, tsc, tscinvbit, tscinv

Memory: 4k page, physical 3537400k(1263924k free), swap 7073048k(4525212k free)

vm_info: Java HotSpot(TM) Client VM (23.7-b01) for windows-x86 JRE (1.7.0_17-b02), built on Mar  1 2013 05:04:36 by "java_re" with unknown MS VC++:1600

time: Tue Aug 26 10:02:35 2014
elapsed time: 100 seconds

