#
# A fatal error has been detected by the Java Runtime Environment:
#
#  EXCEPTION_ACCESS_VIOLATION (0xc0000005) at pc=0x6afc8567, pid=10904, tid=5508
#
# JRE version: Java(TM) SE Runtime Environment (8.0_11-b12) (build 1.8.0_11-b12)
# Java VM: Java HotSpot(TM) Client VM (25.11-b03 mixed mode, sharing windows-x86 )
# Problematic frame:
# C  [libmuargusdll.dll+0x8567]
#
# Failed to write core dump. Minidumps are not enabled by default on client versions of Windows
#
# If you would like to submit a bug report, please visit:
#   http://bugreport.sun.com/bugreport/crash.jsp
# The crash happened outside the Java Virtual Machine in native code.
# See problematic frame for where to report the bug.
#

---------------  T H R E A D  ---------------

Current thread (0x014d1800):  JavaThread "AWT-EventQueue-0" [_thread_in_native, id=5508, stack(0x15320000,0x15370000)]

siginfo: ExceptionCode=0xc0000005, writing address 0x00000000

Registers:
EAX=0x00000032, EBX=0x143ee260, ECX=0x00000000, EDX=0x00000002
ESP=0x1536c810, EBP=0x1536c838, ESI=0x143ee260, EDI=0x014d1800
EIP=0x6afc8567, EFLAGS=0x00010206

Top of Stack: (sp=0x1536c810)
0x1536c810:   6afe4425 00000032 14ec443a 00273a78
0x1536c820:   00000000 00000002 00000001 00000003
0x1536c830:   fffffffe 1536c844 1536c9b8 6afc7b6a
0x1536c840:   1712af70 1536c865 00000000 0000003a
0x1536c850:   1536c998 1536c994 014d1800 00273a78
0x1536c860:   00000000 00003105 014d1800 678ebd01
0x1536c870:   14f094e0 00000000 1536c8a8 01c9c261
0x1536c880:   14f09410 1536c890 093581e0 00000003 

Instructions: (pc=0x6afc8567)
0x6afc8547:   50 01 89 55 f0 89 c2 8b 45 e8 8d 0c 02 8b 45 f4
0x6afc8557:   8d 50 01 89 55 f4 89 c2 8b 45 08 01 d0 0f b6 00
0x6afc8567:   88 01 eb 12 8b 45 1c 8b 55 f4 89 10 b8 ff ff ff
0x6afc8577:   ff e9 25 01 00 00 8b 55 f4 8b 45 08 01 d0 0f b6 


Register to memory mapping:

EAX=0x00000032 is an unknown value
EBX=0x143ee260 is an unknown value
ECX=0x00000000 is an unknown value
EDX=0x00000002 is an unknown value
ESP=0x1536c810 is pointing into the stack for thread: 0x014d1800
EBP=0x1536c838 is pointing into the stack for thread: 0x014d1800
ESI=0x143ee260 is an unknown value
EDI=0x014d1800 is a thread


Stack: [0x15320000,0x15370000],  sp=0x1536c810,  free space=306k
Native frames: (J=compiled Java code, j=interpreted, Vv=VM code, C=native code)
C  [libmuargusdll.dll+0x8567]
C  [libmuargusdll.dll+0x7b6a]
C  [libmuargusdll.dll+0x7a21]
C  [libmuargusdll.dll+0x67f3]
C  [libmuargusdll.dll+0x187ca]
j  muargus.extern.dataengine.MuArgusCtrlJNI.CMuArgCtrl_DoRecode(JLmuargus/extern/dataengine/CMuArgCtrl;ILjava/lang/String;Ljava/lang/String;Ljava/lang/String;[I[I[I[Ljava/lang/String;)Z+0
j  muargus.extern.dataengine.CMuArgCtrl.DoRecode(ILjava/lang/String;Ljava/lang/String;Ljava/lang/String;[I[I[I[Ljava/lang/String;)Z+18
j  muargus.controller.CalculationService.doRecode(Lmuargus/model/RecodeMu;)Ljava/lang/String;+65
j  muargus.controller.GlobalRecodeController.apply(Lmuargus/model/RecodeMu;)V+5
j  muargus.view.GlobalRecodeView.applyButtonActionPerformed(Ljava/awt/event/ActionEvent;)V+16
j  muargus.view.GlobalRecodeView.access$500(Lmuargus/view/GlobalRecodeView;Ljava/awt/event/ActionEvent;)V+2
j  muargus.view.GlobalRecodeView$7.actionPerformed(Ljava/awt/event/ActionEvent;)V+5
j  javax.swing.AbstractButton.fireActionPerformed(Ljava/awt/event/ActionEvent;)V+83
j  javax.swing.AbstractButton$Handler.actionPerformed(Ljava/awt/event/ActionEvent;)V+5
j  javax.swing.DefaultButtonModel.fireActionPerformed(Ljava/awt/event/ActionEvent;)V+34
j  javax.swing.DefaultButtonModel.setPressed(Z)V+117
j  javax.swing.plaf.basic.BasicButtonListener.mouseReleased(Ljava/awt/event/MouseEvent;)V+35
j  java.awt.Component.processMouseEvent(Ljava/awt/event/MouseEvent;)V+64
j  javax.swing.JComponent.processMouseEvent(Ljava/awt/event/MouseEvent;)V+23
j  java.awt.Component.processEvent(Ljava/awt/AWTEvent;)V+81
j  java.awt.Container.processEvent(Ljava/awt/AWTEvent;)V+18
j  java.awt.Component.dispatchEventImpl(Ljava/awt/AWTEvent;)V+589
j  java.awt.Container.dispatchEventImpl(Ljava/awt/AWTEvent;)V+42
J 514 C1 java.awt.LightweightDispatcher.retargetMouseEvent(Ljava/awt/Component;ILjava/awt/event/MouseEvent;)V (350 bytes) @ 0x01c5e4ac [0x01c5de70+0x63c]
j  java.awt.LightweightDispatcher.processMouseEvent(Ljava/awt/event/MouseEvent;)Z+143
j  java.awt.LightweightDispatcher.dispatchEvent(Ljava/awt/AWTEvent;)Z+50
j  java.awt.Container.dispatchEventImpl(Ljava/awt/AWTEvent;)V+12
j  java.awt.Window.dispatchEventImpl(Ljava/awt/AWTEvent;)V+19
J 853 C1 java.awt.EventQueue.dispatchEventImpl(Ljava/awt/AWTEvent;Ljava/lang/Object;)V (149 bytes) @ 0x01cc9e08 [0x01cc9a30+0x3d8]
J 754 C1 java.awt.EventQueue$3.run()Ljava/lang/Void; (60 bytes) @ 0x01cad79c [0x01cad740+0x5c]
J 753 C1 java.awt.EventQueue$3.run()Ljava/lang/Object; (5 bytes) @ 0x01cad520 [0x01cad500+0x20]
v  ~StubRoutines::call_stub
V  [jvm.dll+0x142295]
V  [jvm.dll+0x2073ae]
V  [jvm.dll+0x14232e]
V  [jvm.dll+0xf9a7d]
C  [java.dll+0x102f]
J 580 C1 java.security.ProtectionDomain$1.doIntersectionPrivilege(Ljava/security/PrivilegedAction;Ljava/security/AccessControlContext;Ljava/security/AccessControlContext;)Ljava/lang/Object; (32 bytes) @ 0x01c707d4 [0x01c70730+0xa4]
j  java.security.ProtectionDomain$1.doIntersectionPrivilege(Ljava/security/PrivilegedAction;Ljava/security/AccessControlContext;)Ljava/lang/Object;+6
j  java.awt.EventQueue$4.run()Ljava/lang/Void;+11
j  java.awt.EventQueue$4.run()Ljava/lang/Object;+1
v  ~StubRoutines::call_stub
V  [jvm.dll+0x142295]
V  [jvm.dll+0x2073ae]
V  [jvm.dll+0x14232e]
V  [jvm.dll+0xf9a7d]
C  [java.dll+0x102f]
J 851 C1 java.awt.EventQueue.dispatchEvent(Ljava/awt/AWTEvent;)V (80 bytes) @ 0x01cc8d34 [0x01cc8a80+0x2b4]
J 480 C1 java.awt.EventDispatchThread.pumpOneEventForFilters(I)V (295 bytes) @ 0x01c51a18 [0x01c51380+0x698]
j  java.awt.EventDispatchThread.pumpEventsForFilter(ILjava/awt/Conditional;Ljava/awt/EventFilter;)V+35
j  java.awt.EventDispatchThread.pumpEventsForFilter(Ljava/awt/Conditional;Ljava/awt/EventFilter;)V+4
j  java.awt.WaitDispatchSupport$2.run()V+59
j  java.awt.WaitDispatchSupport$4.run()Ljava/lang/Void;+4
j  java.awt.WaitDispatchSupport$4.run()Ljava/lang/Object;+1
v  ~StubRoutines::call_stub
V  [jvm.dll+0x142295]
V  [jvm.dll+0x2073ae]
V  [jvm.dll+0x14232e]
V  [jvm.dll+0xf9a7d]
C  [java.dll+0x1015]
j  java.awt.WaitDispatchSupport.enter()Z+279
j  java.awt.Dialog.show()V+233
j  java.awt.Component.show(Z)V+5
j  java.awt.Component.setVisible(Z)V+2
j  java.awt.Window.setVisible(Z)V+2
j  java.awt.Dialog.setVisible(Z)V+2
j  muargus.controller.GlobalRecodeController.showView(I)V+13
j  muargus.controller.MainFrameController.globalRecode(I)V+41
j  muargus.view.MainFrameView.globalRecodeMenuItemActionPerformed(Ljava/awt/event/ActionEvent;)V+16
j  muargus.view.MainFrameView.access$400(Lmuargus/view/MainFrameView;Ljava/awt/event/ActionEvent;)V+2
j  muargus.view.MainFrameView$5.actionPerformed(Ljava/awt/event/ActionEvent;)V+5
j  javax.swing.AbstractButton.fireActionPerformed(Ljava/awt/event/ActionEvent;)V+83
j  javax.swing.AbstractButton$Handler.actionPerformed(Ljava/awt/event/ActionEvent;)V+5
j  javax.swing.DefaultButtonModel.fireActionPerformed(Ljava/awt/event/ActionEvent;)V+34
j  javax.swing.DefaultButtonModel.setPressed(Z)V+117
j  javax.swing.plaf.basic.BasicButtonListener.mouseReleased(Ljava/awt/event/MouseEvent;)V+35
j  java.awt.Component.processMouseEvent(Ljava/awt/event/MouseEvent;)V+64
j  javax.swing.JComponent.processMouseEvent(Ljava/awt/event/MouseEvent;)V+23
j  java.awt.Component.processEvent(Ljava/awt/AWTEvent;)V+81
j  java.awt.Container.processEvent(Ljava/awt/AWTEvent;)V+18
j  java.awt.Component.dispatchEventImpl(Ljava/awt/AWTEvent;)V+589
j  java.awt.Container.dispatchEventImpl(Ljava/awt/AWTEvent;)V+42
J 514 C1 java.awt.LightweightDispatcher.retargetMouseEvent(Ljava/awt/Component;ILjava/awt/event/MouseEvent;)V (350 bytes) @ 0x01c5e4ac [0x01c5de70+0x63c]
j  java.awt.LightweightDispatcher.processMouseEvent(Ljava/awt/event/MouseEvent;)Z+143
j  java.awt.LightweightDispatcher.dispatchEvent(Ljava/awt/AWTEvent;)Z+50
j  java.awt.Container.dispatchEventImpl(Ljava/awt/AWTEvent;)V+12
j  java.awt.Window.dispatchEventImpl(Ljava/awt/AWTEvent;)V+19
j  java.awt.Component.dispatchEvent(Ljava/awt/AWTEvent;)V+2
j  java.awt.EventQueue.dispatchEventImpl(Ljava/awt/AWTEvent;Ljava/lang/Object;)V+41
J 754 C1 java.awt.EventQueue$3.run()Ljava/lang/Void; (60 bytes) @ 0x01cad79c [0x01cad740+0x5c]
J 753 C1 java.awt.EventQueue$3.run()Ljava/lang/Object; (5 bytes) @ 0x01cad520 [0x01cad500+0x20]
v  ~StubRoutines::call_stub
V  [jvm.dll+0x142295]
V  [jvm.dll+0x2073ae]
V  [jvm.dll+0x14232e]
V  [jvm.dll+0xf9a7d]
C  [java.dll+0x102f]
J 580 C1 java.security.ProtectionDomain$1.doIntersectionPrivilege(Ljava/security/PrivilegedAction;Ljava/security/AccessControlContext;Ljava/security/AccessControlContext;)Ljava/lang/Object; (32 bytes) @ 0x01c707d4 [0x01c70730+0xa4]
j  java.security.ProtectionDomain$1.doIntersectionPrivilege(Ljava/security/PrivilegedAction;Ljava/security/AccessControlContext;)Ljava/lang/Object;+6
j  java.awt.EventQueue$4.run()Ljava/lang/Void;+11
...<more frames>...

Java frames: (J=compiled Java code, j=interpreted, Vv=VM code)
j  muargus.extern.dataengine.MuArgusCtrlJNI.CMuArgCtrl_DoRecode(JLmuargus/extern/dataengine/CMuArgCtrl;ILjava/lang/String;Ljava/lang/String;Ljava/lang/String;[I[I[I[Ljava/lang/String;)Z+0
j  muargus.extern.dataengine.CMuArgCtrl.DoRecode(ILjava/lang/String;Ljava/lang/String;Ljava/lang/String;[I[I[I[Ljava/lang/String;)Z+18
j  muargus.controller.CalculationService.doRecode(Lmuargus/model/RecodeMu;)Ljava/lang/String;+65
j  muargus.controller.GlobalRecodeController.apply(Lmuargus/model/RecodeMu;)V+5
j  muargus.view.GlobalRecodeView.applyButtonActionPerformed(Ljava/awt/event/ActionEvent;)V+16
j  muargus.view.GlobalRecodeView.access$500(Lmuargus/view/GlobalRecodeView;Ljava/awt/event/ActionEvent;)V+2
j  muargus.view.GlobalRecodeView$7.actionPerformed(Ljava/awt/event/ActionEvent;)V+5
j  javax.swing.AbstractButton.fireActionPerformed(Ljava/awt/event/ActionEvent;)V+83
j  javax.swing.AbstractButton$Handler.actionPerformed(Ljava/awt/event/ActionEvent;)V+5
j  javax.swing.DefaultButtonModel.fireActionPerformed(Ljava/awt/event/ActionEvent;)V+34
j  javax.swing.DefaultButtonModel.setPressed(Z)V+117
j  javax.swing.plaf.basic.BasicButtonListener.mouseReleased(Ljava/awt/event/MouseEvent;)V+35
j  java.awt.Component.processMouseEvent(Ljava/awt/event/MouseEvent;)V+64
j  javax.swing.JComponent.processMouseEvent(Ljava/awt/event/MouseEvent;)V+23
j  java.awt.Component.processEvent(Ljava/awt/AWTEvent;)V+81
j  java.awt.Container.processEvent(Ljava/awt/AWTEvent;)V+18
j  java.awt.Component.dispatchEventImpl(Ljava/awt/AWTEvent;)V+589
j  java.awt.Container.dispatchEventImpl(Ljava/awt/AWTEvent;)V+42
J 514 C1 java.awt.LightweightDispatcher.retargetMouseEvent(Ljava/awt/Component;ILjava/awt/event/MouseEvent;)V (350 bytes) @ 0x01c5e4ac [0x01c5de70+0x63c]
j  java.awt.LightweightDispatcher.processMouseEvent(Ljava/awt/event/MouseEvent;)Z+143
j  java.awt.LightweightDispatcher.dispatchEvent(Ljava/awt/AWTEvent;)Z+50
j  java.awt.Container.dispatchEventImpl(Ljava/awt/AWTEvent;)V+12
j  java.awt.Window.dispatchEventImpl(Ljava/awt/AWTEvent;)V+19
J 853 C1 java.awt.EventQueue.dispatchEventImpl(Ljava/awt/AWTEvent;Ljava/lang/Object;)V (149 bytes) @ 0x01cc9e08 [0x01cc9a30+0x3d8]
J 754 C1 java.awt.EventQueue$3.run()Ljava/lang/Void; (60 bytes) @ 0x01cad79c [0x01cad740+0x5c]
J 753 C1 java.awt.EventQueue$3.run()Ljava/lang/Object; (5 bytes) @ 0x01cad520 [0x01cad500+0x20]
v  ~StubRoutines::call_stub
J 566  java.security.AccessController.doPrivileged(Ljava/security/PrivilegedAction;Ljava/security/AccessControlContext;)Ljava/lang/Object; (0 bytes) @ 0x01c6bb87 [0x01c6bb20+0x67]
J 580 C1 java.security.ProtectionDomain$1.doIntersectionPrivilege(Ljava/security/PrivilegedAction;Ljava/security/AccessControlContext;Ljava/security/AccessControlContext;)Ljava/lang/Object; (32 bytes) @ 0x01c707d4 [0x01c70730+0xa4]
j  java.security.ProtectionDomain$1.doIntersectionPrivilege(Ljava/security/PrivilegedAction;Ljava/security/AccessControlContext;)Ljava/lang/Object;+6
j  java.awt.EventQueue$4.run()Ljava/lang/Void;+11
j  java.awt.EventQueue$4.run()Ljava/lang/Object;+1
v  ~StubRoutines::call_stub
J 566  java.security.AccessController.doPrivileged(Ljava/security/PrivilegedAction;Ljava/security/AccessControlContext;)Ljava/lang/Object; (0 bytes) @ 0x01c6bb87 [0x01c6bb20+0x67]
J 851 C1 java.awt.EventQueue.dispatchEvent(Ljava/awt/AWTEvent;)V (80 bytes) @ 0x01cc8d34 [0x01cc8a80+0x2b4]
J 480 C1 java.awt.EventDispatchThread.pumpOneEventForFilters(I)V (295 bytes) @ 0x01c51a18 [0x01c51380+0x698]
j  java.awt.EventDispatchThread.pumpEventsForFilter(ILjava/awt/Conditional;Ljava/awt/EventFilter;)V+35
j  java.awt.EventDispatchThread.pumpEventsForFilter(Ljava/awt/Conditional;Ljava/awt/EventFilter;)V+4
j  java.awt.WaitDispatchSupport$2.run()V+59
j  java.awt.WaitDispatchSupport$4.run()Ljava/lang/Void;+4
j  java.awt.WaitDispatchSupport$4.run()Ljava/lang/Object;+1
v  ~StubRoutines::call_stub
j  java.security.AccessController.doPrivileged(Ljava/security/PrivilegedAction;)Ljava/lang/Object;+0
j  java.awt.WaitDispatchSupport.enter()Z+279
j  java.awt.Dialog.show()V+233
j  java.awt.Component.show(Z)V+5
j  java.awt.Component.setVisible(Z)V+2
j  java.awt.Window.setVisible(Z)V+2
j  java.awt.Dialog.setVisible(Z)V+2
j  muargus.controller.GlobalRecodeController.showView(I)V+13
j  muargus.controller.MainFrameController.globalRecode(I)V+41
j  muargus.view.MainFrameView.globalRecodeMenuItemActionPerformed(Ljava/awt/event/ActionEvent;)V+16
j  muargus.view.MainFrameView.access$400(Lmuargus/view/MainFrameView;Ljava/awt/event/ActionEvent;)V+2
j  muargus.view.MainFrameView$5.actionPerformed(Ljava/awt/event/ActionEvent;)V+5
j  javax.swing.AbstractButton.fireActionPerformed(Ljava/awt/event/ActionEvent;)V+83
j  javax.swing.AbstractButton$Handler.actionPerformed(Ljava/awt/event/ActionEvent;)V+5
j  javax.swing.DefaultButtonModel.fireActionPerformed(Ljava/awt/event/ActionEvent;)V+34
j  javax.swing.DefaultButtonModel.setPressed(Z)V+117
j  javax.swing.plaf.basic.BasicButtonListener.mouseReleased(Ljava/awt/event/MouseEvent;)V+35
j  java.awt.Component.processMouseEvent(Ljava/awt/event/MouseEvent;)V+64
j  javax.swing.JComponent.processMouseEvent(Ljava/awt/event/MouseEvent;)V+23
j  java.awt.Component.processEvent(Ljava/awt/AWTEvent;)V+81
j  java.awt.Container.processEvent(Ljava/awt/AWTEvent;)V+18
j  java.awt.Component.dispatchEventImpl(Ljava/awt/AWTEvent;)V+589
j  java.awt.Container.dispatchEventImpl(Ljava/awt/AWTEvent;)V+42
J 514 C1 java.awt.LightweightDispatcher.retargetMouseEvent(Ljava/awt/Component;ILjava/awt/event/MouseEvent;)V (350 bytes) @ 0x01c5e4ac [0x01c5de70+0x63c]
j  java.awt.LightweightDispatcher.processMouseEvent(Ljava/awt/event/MouseEvent;)Z+143
j  java.awt.LightweightDispatcher.dispatchEvent(Ljava/awt/AWTEvent;)Z+50
j  java.awt.Container.dispatchEventImpl(Ljava/awt/AWTEvent;)V+12
j  java.awt.Window.dispatchEventImpl(Ljava/awt/AWTEvent;)V+19
j  java.awt.Component.dispatchEvent(Ljava/awt/AWTEvent;)V+2
j  java.awt.EventQueue.dispatchEventImpl(Ljava/awt/AWTEvent;Ljava/lang/Object;)V+41
J 754 C1 java.awt.EventQueue$3.run()Ljava/lang/Void; (60 bytes) @ 0x01cad79c [0x01cad740+0x5c]
J 753 C1 java.awt.EventQueue$3.run()Ljava/lang/Object; (5 bytes) @ 0x01cad520 [0x01cad500+0x20]
v  ~StubRoutines::call_stub
J 566  java.security.AccessController.doPrivileged(Ljava/security/PrivilegedAction;Ljava/security/AccessControlContext;)Ljava/lang/Object; (0 bytes) @ 0x01c6bb87 [0x01c6bb20+0x67]
J 580 C1 java.security.ProtectionDomain$1.doIntersectionPrivilege(Ljava/security/PrivilegedAction;Ljava/security/AccessControlContext;Ljava/security/AccessControlContext;)Ljava/lang/Object; (32 bytes) @ 0x01c707d4 [0x01c70730+0xa4]
j  java.security.ProtectionDomain$1.doIntersectionPrivilege(Ljava/security/PrivilegedAction;Ljava/security/AccessControlContext;)Ljava/lang/Object;+6
j  java.awt.EventQueue$4.run()Ljava/lang/Void;+11
j  java.awt.EventQueue$4.run()Ljava/lang/Object;+1
v  ~StubRoutines::call_stub
J 566  java.security.AccessController.doPrivileged(Ljava/security/PrivilegedAction;Ljava/security/AccessControlContext;)Ljava/lang/Object; (0 bytes) @ 0x01c6bb87 [0x01c6bb20+0x67]
J 580 C1 java.security.ProtectionDomain$1.doIntersectionPrivilege(Ljava/security/PrivilegedAction;Ljava/security/AccessControlContext;Ljava/security/AccessControlContext;)Ljava/lang/Object; (32 bytes) @ 0x01c707d4 [0x01c70730+0xa4]
j  java.awt.EventQueue.dispatchEvent(Ljava/awt/AWTEvent;)V+73
J 480 C1 java.awt.EventDispatchThread.pumpOneEventForFilters(I)V (295 bytes) @ 0x01c51a18 [0x01c51380+0x698]
j  java.awt.EventDispatchThread.pumpEventsForFilter(ILjava/awt/Conditional;Ljava/awt/EventFilter;)V+35
j  java.awt.EventDispatchThread.pumpEventsForHierarchy(ILjava/awt/Conditional;Ljava/awt/Component;)V+11
j  java.awt.EventDispatchThread.pumpEvents(ILjava/awt/Conditional;)V+4
j  java.awt.EventDispatchThread.pumpEvents(Ljava/awt/Conditional;)V+3
j  java.awt.EventDispatchThread.run()V+9
v  ~StubRoutines::call_stub

---------------  P R O C E S S  ---------------

Java Threads: ( => current thread )
  0x014d2800 JavaThread "SwingWorker-pool-2-thread-1" daemon [_thread_blocked, id=12196, stack(0x19200000,0x19250000)]
  0x014d3800 JavaThread "TimerQueue" daemon [_thread_blocked, id=12140, stack(0x18b40000,0x18b90000)]
  0x014d3400 JavaThread "Swing-Shell" daemon [_thread_blocked, id=9192, stack(0x17540000,0x17590000)]
  0x014d2c00 JavaThread "D3D Screen Updater" daemon [_thread_blocked, id=9312, stack(0x03ba0000,0x03bf0000)]
  0x014d2000 JavaThread "DestroyJavaVM" [_thread_blocked, id=11328, stack(0x00790000,0x007e0000)]
=>0x014d1800 JavaThread "AWT-EventQueue-0" [_thread_in_native, id=5508, stack(0x15320000,0x15370000)]
  0x014d1400 JavaThread "AWT-Windows" daemon [_thread_in_native, id=10044, stack(0x15260000,0x152b0000)]
  0x014d0c00 JavaThread "AWT-Shutdown" [_thread_blocked, id=7936, stack(0x15210000,0x15260000)]
  0x014d0800 JavaThread "Java2D Disposer" daemon [_thread_blocked, id=5120, stack(0x150f0000,0x15140000)]
  0x014d0000 JavaThread "Service Thread" daemon [_thread_blocked, id=1396, stack(0x14d60000,0x14db0000)]
  0x014db400 JavaThread "C1 CompilerThread0" daemon [_thread_blocked, id=10292, stack(0x14620000,0x14670000)]
  0x014cfc00 JavaThread "Attach Listener" daemon [_thread_blocked, id=11572, stack(0x016c0000,0x01710000)]
  0x014cf400 JavaThread "Signal Dispatcher" daemon [_thread_blocked, id=8424, stack(0x017a0000,0x017f0000)]
  0x014c1000 JavaThread "Finalizer" daemon [_thread_blocked, id=8388, stack(0x03b50000,0x03ba0000)]
  0x014bc000 JavaThread "Reference Handler" daemon [_thread_blocked, id=11952, stack(0x007e0000,0x00830000)]

Other Threads:
  0x014ba000 VMThread [stack: 0x01730000,0x01780000] [id=4592]
  0x01504800 WatcherThread [stack: 0x14770000,0x147c0000] [id=3660]

VM state:not at safepoint (normal execution)

VM Mutex/Monitor currently owned by a thread: None

Heap:
 def new generation   total 4928K, used 817K [0x03c00000, 0x04150000, 0x09150000)
  eden space 4416K,   9% used [0x03c00000, 0x03c68bc0, 0x04050000)
  from space 512K,  77% used [0x040d0000, 0x04133a88, 0x04150000)
  to   space 512K,   0% used [0x04050000, 0x04050000, 0x040d0000)
 tenured generation   total 10944K, used 3211K [0x09150000, 0x09c00000, 0x13c00000)
   the space 10944K,  29% used [0x09150000, 0x09472db0, 0x09472e00, 0x09c00000)
 Metaspace       used 2431K, capacity 2780K, committed 2880K, reserved 4480K

Card table byte_map: [0x01560000,0x015f0000] byte_map_base: 0x01542000

Polling page: 0x00130000

CodeCache: size=32768Kb used=2008Kb max_used=2008Kb free=30759Kb
 bounds [0x01b10000, 0x01d08000, 0x03b10000]
 total_blobs=1253 nmethods=998 adapters=186
 compilation: enabled

Compilation events (10 events):
Event: 32.416 Thread 0x014db400  997             java.util.IdentityHashMap$KeySet::iterator (13 bytes)
Event: 32.417 Thread 0x014db400 nmethod 997 0x01d05108 code [0x01d05210, 0x01d052fc]
Event: 33.035 Thread 0x014db400  998             javax.swing.text.PlainView::updateMetrics (41 bytes)
Event: 33.036 Thread 0x014db400 nmethod 998 0x01d053c8 code [0x01d05540, 0x01d057b8]
Event: 33.036 Thread 0x014db400  999             javax.swing.text.SegmentCache::getSharedInstance (4 bytes)
Event: 33.036 Thread 0x014db400 nmethod 999 0x01d05b48 code [0x01d05c40, 0x01d05cb0]
Event: 33.036 Thread 0x014db400 1000             java.lang.Math::min (12 bytes)
Event: 33.037 Thread 0x014db400 nmethod 1000 0x01d05d08 code [0x01d05e00, 0x01d05e90]
Event: 33.938 Thread 0x014db400 1001             java.lang.Enum::compareTo (44 bytes)
Event: 33.939 Thread 0x014db400 nmethod 1001 0x01d05ec8 code [0x01d05ff0, 0x01d06184]

GC Heap History (10 events):
Event: 0.320 GC heap before
{Heap before GC invocations=0 (full 0):
 def new generation   total 4928K, used 4416K [0x03c00000, 0x04150000, 0x09150000)
  eden space 4416K, 100% used [0x03c00000, 0x04050000, 0x04050000)
  from space 512K,   0% used [0x04050000, 0x04050000, 0x040d0000)
  to   space 512K,   0% used [0x040d0000, 0x040d0000, 0x04150000)
 tenured generation   total 10944K, used 0K [0x09150000, 0x09c00000, 0x13c00000)
   the space 10944K,   0% used [0x09150000, 0x09150000, 0x09150200, 0x09c00000)
 Metaspace       used 1106K, capacity 2499K, committed 2624K, reserved 4480K
Event: 0.326 GC heap after
Heap after GC invocations=1 (full 0):
 def new generation   total 4928K, used 512K [0x03c00000, 0x04150000, 0x09150000)
  eden space 4416K,   0% used [0x03c00000, 0x03c00000, 0x04050000)
  from space 512K, 100% used [0x040d0000, 0x04150000, 0x04150000)
  to   space 512K,   0% used [0x04050000, 0x04050000, 0x040d0000)
 tenured generation   total 10944K, used 1071K [0x09150000, 0x09c00000, 0x13c00000)
   the space 10944K,   9% used [0x09150000, 0x0925bc88, 0x0925be00, 0x09c00000)
 Metaspace       used 1106K, capacity 2499K, committed 2624K, reserved 4480K
}
Event: 3.032 GC heap before
{Heap before GC invocations=1 (full 0):
 def new generation   total 4928K, used 4928K [0x03c00000, 0x04150000, 0x09150000)
  eden space 4416K, 100% used [0x03c00000, 0x04050000, 0x04050000)
  from space 512K, 100% used [0x040d0000, 0x04150000, 0x04150000)
  to   space 512K,   0% used [0x04050000, 0x04050000, 0x040d0000)
 tenured generation   total 10944K, used 1071K [0x09150000, 0x09c00000, 0x13c00000)
   the space 10944K,   9% used [0x09150000, 0x0925bc88, 0x0925be00, 0x09c00000)
 Metaspace       used 2053K, capacity 2615K, committed 2624K, reserved 4480K
Event: 3.051 GC heap after
Heap after GC invocations=2 (full 0):
 def new generation   total 4928K, used 512K [0x03c00000, 0x04150000, 0x09150000)
  eden space 4416K,   0% used [0x03c00000, 0x03c00000, 0x04050000)
  from space 512K, 100% used [0x04050000, 0x040d0000, 0x040d0000)
  to   space 512K,   0% used [0x040d0000, 0x040d0000, 0x04150000)
 tenured generation   total 10944K, used 2077K [0x09150000, 0x09c00000, 0x13c00000)
   the space 10944K,  18% used [0x09150000, 0x09357728, 0x09357800, 0x09c00000)
 Metaspace       used 2053K, capacity 2615K, committed 2624K, reserved 4480K
}
Event: 6.054 GC heap before
{Heap before GC invocations=2 (full 0):
 def new generation   total 4928K, used 4928K [0x03c00000, 0x04150000, 0x09150000)
  eden space 4416K, 100% used [0x03c00000, 0x04050000, 0x04050000)
  from space 512K, 100% used [0x04050000, 0x040d0000, 0x040d0000)
  to   space 512K,   0% used [0x040d0000, 0x040d0000, 0x04150000)
 tenured generation   total 10944K, used 2077K [0x09150000, 0x09c00000, 0x13c00000)
   the space 10944K,  18% used [0x09150000, 0x09357728, 0x09357800, 0x09c00000)
 Metaspace       used 2192K, capacity 2713K, committed 2752K, reserved 4480K
Event: 6.064 GC heap after
Heap after GC invocations=3 (full 0):
 def new generation   total 4928K, used 493K [0x03c00000, 0x04150000, 0x09150000)
  eden space 4416K,   0% used [0x03c00000, 0x03c00000, 0x04050000)
  from space 512K,  96% used [0x040d0000, 0x0414b680, 0x04150000)
  to   space 512K,   0% used [0x04050000, 0x04050000, 0x040d0000)
 tenured generation   total 10944K, used 2604K [0x09150000, 0x09c00000, 0x13c00000)
   the space 10944K,  23% used [0x09150000, 0x093db1d0, 0x093db200, 0x09c00000)
 Metaspace       used 2192K, capacity 2713K, committed 2752K, reserved 4480K
}
Event: 11.311 GC heap before
{Heap before GC invocations=3 (full 0):
 def new generation   total 4928K, used 4909K [0x03c00000, 0x04150000, 0x09150000)
  eden space 4416K, 100% used [0x03c00000, 0x04050000, 0x04050000)
  from space 512K,  96% used [0x040d0000, 0x0414b680, 0x04150000)
  to   space 512K,   0% used [0x04050000, 0x04050000, 0x040d0000)
 tenured generation   total 10944K, used 2604K [0x09150000, 0x09c00000, 0x13c00000)
   the space 10944K,  23% used [0x09150000, 0x093db1d0, 0x093db200, 0x09c00000)
 Metaspace       used 2299K, capacity 2780K, committed 2880K, reserved 4480K
Event: 11.317 GC heap after
Heap after GC invocations=4 (full 0):
 def new generation   total 4928K, used 512K [0x03c00000, 0x04150000, 0x09150000)
  eden space 4416K,   0% used [0x03c00000, 0x03c00000, 0x04050000)
  from space 512K, 100% used [0x04050000, 0x040d0000, 0x040d0000)
  to   space 512K,   0% used [0x040d0000, 0x040d0000, 0x04150000)
 tenured generation   total 10944K, used 2964K [0x09150000, 0x09c00000, 0x13c00000)
   the space 10944K,  27% used [0x09150000, 0x09435200, 0x09435200, 0x09c00000)
 Metaspace       used 2299K, capacity 2780K, committed 2880K, reserved 4480K
}
Event: 31.648 GC heap before
{Heap before GC invocations=4 (full 0):
 def new generation   total 4928K, used 4928K [0x03c00000, 0x04150000, 0x09150000)
  eden space 4416K, 100% used [0x03c00000, 0x04050000, 0x04050000)
  from space 512K, 100% used [0x04050000, 0x040d0000, 0x040d0000)
  to   space 512K,   0% used [0x040d0000, 0x040d0000, 0x04150000)
 tenured generation   total 10944K, used 2964K [0x09150000, 0x09c00000, 0x13c00000)
   the space 10944K,  27% used [0x09150000, 0x09435200, 0x09435200, 0x09c00000)
 Metaspace       used 2431K, capacity 2780K, committed 2880K, reserved 4480K
Event: 31.653 GC heap after
Heap after GC invocations=5 (full 0):
 def new generation   total 4928K, used 398K [0x03c00000, 0x04150000, 0x09150000)
  eden space 4416K,   0% used [0x03c00000, 0x03c00000, 0x04050000)
  from space 512K,  77% used [0x040d0000, 0x04133a88, 0x04150000)
  to   space 512K,   0% used [0x04050000, 0x04050000, 0x040d0000)
 tenured generation   total 10944K, used 3211K [0x09150000, 0x09c00000, 0x13c00000)
   the space 10944K,  29% used [0x09150000, 0x09472db0, 0x09472e00, 0x09c00000)
 Metaspace       used 2431K, capacity 2780K, committed 2880K, reserved 4480K
}

Deoptimization events (0 events):
No events

Internal exceptions (10 events):
Event: 11.208 Thread 0x014d1800 Exception <a 'java/security/PrivilegedActionException'> (0x03f85db0) thrown at [D:\re\puppet\workspace\8-2-build-windows-i586-cygwin\jdk8u11\648\hotspot\src\share\vm\prims\jvm.cpp, line 1248]
Event: 11.209 Thread 0x014d1800 Exception <a 'java/security/PrivilegedActionException'> (0x03f87d88) thrown at [D:\re\puppet\workspace\8-2-build-windows-i586-cygwin\jdk8u11\648\hotspot\src\share\vm\prims\jvm.cpp, line 1248]
Event: 11.210 Thread 0x014d1800 Exception <a 'java/security/PrivilegedActionException'> (0x03f89d68) thrown at [D:\re\puppet\workspace\8-2-build-windows-i586-cygwin\jdk8u11\648\hotspot\src\share\vm\prims\jvm.cpp, line 1248]
Event: 11.211 Thread 0x014d1800 Exception <a 'java/security/PrivilegedActionException'> (0x03f8bd70) thrown at [D:\re\puppet\workspace\8-2-build-windows-i586-cygwin\jdk8u11\648\hotspot\src\share\vm\prims\jvm.cpp, line 1248]
Event: 11.212 Thread 0x014d1800 Exception <a 'java/security/PrivilegedActionException'> (0x03f8f658) thrown at [D:\re\puppet\workspace\8-2-build-windows-i586-cygwin\jdk8u11\648\hotspot\src\share\vm\prims\jvm.cpp, line 1248]
Event: 11.213 Thread 0x014d1800 Exception <a 'java/security/PrivilegedActionException'> (0x03f91610) thrown at [D:\re\puppet\workspace\8-2-build-windows-i586-cygwin\jdk8u11\648\hotspot\src\share\vm\prims\jvm.cpp, line 1248]
Event: 11.215 Thread 0x014d1800 Exception <a 'java/security/PrivilegedActionException'> (0x03f95318) thrown at [D:\re\puppet\workspace\8-2-build-windows-i586-cygwin\jdk8u11\648\hotspot\src\share\vm\prims\jvm.cpp, line 1248]
Event: 11.251 Thread 0x014d1800 Exception <a 'java/security/PrivilegedActionException'> (0x03fc53f0) thrown at [D:\re\puppet\workspace\8-2-build-windows-i586-cygwin\jdk8u11\648\hotspot\src\share\vm\prims\jvm.cpp, line 1248]
Event: 11.252 Thread 0x014d1800 Exception <a 'java/security/PrivilegedActionException'> (0x03fc77f0) thrown at [D:\re\puppet\workspace\8-2-build-windows-i586-cygwin\jdk8u11\648\hotspot\src\share\vm\prims\jvm.cpp, line 1248]
Event: 11.253 Thread 0x014d1800 Exception <a 'java/security/PrivilegedActionException'> (0x03fc9850) thrown at [D:\re\puppet\workspace\8-2-build-windows-i586-cygwin\jdk8u11\648\hotspot\src\share\vm\prims\jvm.cpp, line 1248]

Events (10 events):
Event: 30.250 Executing VM operation: RevokeBias
Event: 30.250 Executing VM operation: RevokeBias done
Event: 30.251 Executing VM operation: RevokeBias
Event: 30.251 Executing VM operation: RevokeBias done
Event: 30.283 Executing VM operation: RevokeBias
Event: 30.283 Executing VM operation: RevokeBias done
Event: 30.288 Executing VM operation: RevokeBias
Event: 30.289 Executing VM operation: RevokeBias done
Event: 31.648 Executing VM operation: GenCollectForAllocation
Event: 31.653 Executing VM operation: GenCollectForAllocation done


Dynamic libraries:
0x00830000 - 0x00860000 	C:\Program Files\Java\jdk1.8.0_11\jre\bin\java.exe
0x76e60000 - 0x76f9c000 	C:\Windows\SYSTEM32\ntdll.dll
0x751f0000 - 0x752c4000 	C:\Windows\system32\kernel32.dll
0x75160000 - 0x751ab000 	C:\Windows\system32\KERNELBASE.dll
0x76c60000 - 0x76d00000 	C:\Windows\system32\ADVAPI32.dll
0x76d00000 - 0x76dac000 	C:\Windows\system32\msvcrt.dll
0x75800000 - 0x75819000 	C:\Windows\SYSTEM32\sechost.dll
0x76fe0000 - 0x77082000 	C:\Windows\system32\RPCRT4.dll
0x755c0000 - 0x75689000 	C:\Windows\system32\USER32.dll
0x75690000 - 0x756de000 	C:\Windows\system32\GDI32.dll
0x75570000 - 0x7557a000 	C:\Windows\system32\LPK.dll
0x75be0000 - 0x75c7d000 	C:\Windows\system32\USP10.dll
0x73d20000 - 0x73ebe000 	C:\Windows\WinSxS\x86_microsoft.windows.common-controls_6595b64144ccf1df_6.0.7601.17514_none_41e6975e2bd6f2b2\COMCTL32.dll
0x75a70000 - 0x75ac7000 	C:\Windows\system32\SHLWAPI.dll
0x76fa0000 - 0x76fbf000 	C:\Windows\system32\IMM32.DLL
0x75ad0000 - 0x75b9c000 	C:\Windows\system32\MSCTF.dll
0x624e0000 - 0x6254b000 	c:\program files\f-secure\hips\fshook32.dll
0x76fd0000 - 0x76fd5000 	C:\Windows\system32\PSAPI.DLL
0x687c0000 - 0x6887f000 	C:\Program Files\Java\jdk1.8.0_11\jre\bin\msvcr100.dll
0x67800000 - 0x67b97000 	C:\Program Files\Java\jdk1.8.0_11\jre\bin\client\jvm.dll
0x73240000 - 0x73247000 	C:\Windows\system32\WSOCK32.dll
0x75ba0000 - 0x75bd5000 	C:\Windows\system32\WS2_32.dll
0x76fc0000 - 0x76fc6000 	C:\Windows\system32\NSI.dll
0x73590000 - 0x735c2000 	C:\Windows\system32\WINMM.dll
0x71c40000 - 0x71c75000 	C:\Program Files\Java\jdk1.8.0_11\jre\bin\splashscreen.dll
0x72e50000 - 0x72e5c000 	C:\Program Files\Java\jdk1.8.0_11\jre\bin\verify.dll
0x725e0000 - 0x72601000 	C:\Program Files\Java\jdk1.8.0_11\jre\bin\java.dll
0x72640000 - 0x72653000 	C:\Program Files\Java\jdk1.8.0_11\jre\bin\zip.dll
0x75f80000 - 0x76bca000 	C:\Windows\system32\SHELL32.dll
0x75e20000 - 0x75f7c000 	C:\Windows\system32\ole32.dll
0x74ed0000 - 0x74edb000 	C:\Windows\system32\profapi.dll
0x6afc0000 - 0x6b050000 	C:\Users\Gebruiker\Documents\MuArgus\libmuargusdll.dll
0x6e940000 - 0x6e964000 	C:\Users\Gebruiker\Documents\MuArgus\libgcc_s_dw2-1.dll
0x6fc40000 - 0x6fd40000 	C:\Users\Gebruiker\Documents\MuArgus\libstdc++-6.dll
0x680f0000 - 0x68235000 	C:\Program Files\Java\jdk1.8.0_11\jre\bin\awt.dll
0x759e0000 - 0x75a6f000 	C:\Windows\system32\OLEAUT32.dll
0x73b90000 - 0x73bd0000 	C:\Windows\system32\uxtheme.dll
0x73430000 - 0x73443000 	C:\Windows\system32\dwmapi.dll
0x74df0000 - 0x74dfc000 	C:\Windows\system32\CRYPTBASE.dll
0x65280000 - 0x65443000 	C:\Windows\system32\d3d9.dll
0x74380000 - 0x74389000 	C:\Windows\system32\VERSION.dll
0x72e70000 - 0x72e76000 	C:\Windows\system32\d3d8thk.dll
0x64560000 - 0x64ce9000 	C:\Windows\system32\igdumdim32.dll
0x6c9b0000 - 0x6ccf7000 	C:\Windows\system32\igdusc32.dll
0x6e500000 - 0x6e539000 	C:\Program Files\Java\jdk1.8.0_11\jre\bin\fontmanager.dll
0x724d0000 - 0x724e4000 	C:\Program Files\Java\jdk1.8.0_11\jre\bin\net.dll
0x74930000 - 0x7496c000 	C:\Windows\system32\mswsock.dll
0x74990000 - 0x74996000 	C:\Windows\System32\wship6.dll
0x726a0000 - 0x726af000 	C:\Program Files\Java\jdk1.8.0_11\jre\bin\nio.dll
0x01690000 - 0x016c0000 	C:\Program Files\Java\jdk1.8.0_11\jre\bin\t2k.dll
0x76bd0000 - 0x76c53000 	C:\Windows\system32\CLBCatQ.DLL
0x71680000 - 0x71704000 	C:\Windows\WinSxS\x86_microsoft.windows.common-controls_6595b64144ccf1df_5.82.7601.18201_none_ec80f00e8593ece5\comctl32.dll
0x75c80000 - 0x75e1d000 	C:\Windows\system32\SETUPAPI.dll
0x75120000 - 0x75147000 	C:\Windows\system32\CFGMGR32.dll
0x751d0000 - 0x751e2000 	C:\Windows\system32\DEVOBJ.dll
0x73a20000 - 0x73b15000 	C:\Windows\system32\propsys.dll
0x73760000 - 0x73781000 	C:\Windows\system32\ntmarta.dll
0x76db0000 - 0x76df5000 	C:\Windows\system32\WLDAP32.dll
0x74da0000 - 0x74dec000 	C:\Windows\system32\apphelp.dll
0x51e90000 - 0x52028000 	C:\Windows\system32\NetworkExplorer.dll
0x6c5c0000 - 0x6c5ef000 	C:\Windows\System32\shdocvw.dll
0x733e0000 - 0x733ea000 	C:\Windows\system32\slc.dll
0x72ea0000 - 0x72fd0000 	C:\Windows\system32\WindowsCodecs.dll
0x6c8f0000 - 0x6c921000 	C:\Windows\system32\EhStorShell.dll
0x6c880000 - 0x6c8ea000 	C:\Windows\System32\cscui.dll
0x6c870000 - 0x6c879000 	C:\Windows\System32\CSCDLL.dll
0x6c540000 - 0x6c54b000 	C:\Windows\system32\CSCAPI.dll
0x6c800000 - 0x6c870000 	C:\Windows\system32\ntshrui.dll
0x74b20000 - 0x74b39000 	C:\Windows\system32\srvcli.dll
0x6d920000 - 0x6d932000 	C:\Windows\system32\MPR.dll
0x72e20000 - 0x72e28000 	C:\Windows\System32\drprov.dll
0x749b0000 - 0x749d9000 	C:\Windows\System32\WINSTA.dll
0x6fe20000 - 0x6fe34000 	C:\Windows\System32\ntlanman.dll
0x6fda0000 - 0x6fdb7000 	C:\Windows\System32\davclnt.dll
0x6fd90000 - 0x6fd98000 	C:\Windows\System32\DAVHLPR.dll
0x72530000 - 0x7253f000 	C:\Windows\system32\wkscli.dll
0x73220000 - 0x73229000 	C:\Windows\system32\netutils.dll
0x63890000 - 0x63ac8000 	C:\Windows\system32\wpdshext.dll
0x73890000 - 0x73a20000 	C:\Windows\WinSxS\x86_microsoft.windows.gdiplus_6595b64144ccf1df_1.1.7601.18455_none_72d576ad8665e853\gdiplus.dll
0x6eaf0000 - 0x6eb79000 	C:\Windows\system32\PortableDeviceApi.dll
0x74f90000 - 0x74fbe000 	C:\Windows\system32\WINTRUST.dll
0x74fe0000 - 0x75100000 	C:\Windows\system32\CRYPT32.dll
0x74ee0000 - 0x74eec000 	C:\Windows\system32\MSASN1.dll
0x6e380000 - 0x6e3bf000 	C:\Windows\system32\audiodev.dll
0x5f840000 - 0x5faa7000 	C:\Windows\system32\WMVCore.DLL
0x6e250000 - 0x6e28d000 	C:\Windows\system32\WMASF.DLL
0x6bfb0000 - 0x6bfd2000 	C:\Windows\system32\EhStorAPI.dll
0x6c5b0000 - 0x6c5b9000 	C:\Windows\system32\LINKINFO.dll
0x74c20000 - 0x74c28000 	C:\Windows\system32\Secur32.dll
0x74d80000 - 0x74d9b000 	C:\Windows\system32\SSPICLI.DLL
0x72520000 - 0x7252f000 	C:\Windows\system32\samcli.dll
0x73b20000 - 0x73b32000 	C:\Windows\system32\SAMLIB.dll
0x72790000 - 0x7287b000 	C:\Windows\system32\dbghelp.dll

VM Arguments:
jvm_args: -Dfile.encoding=UTF-8 
java_command: muargus.MuARGUS
java_class_path (initial): C:\Program Files\NetBeans 8.0\java\modules\ext\beansbinding-1.2.1.jar;C:\Users\Gebruiker\Documents\ArgusLib\dist\ArgusLib.jar;C:\Users\Gebruiker\Documents\ArgusLib\src\argus\lib\commons-io-2.4.jar;C:\Users\Gebruiker\Documents\ArgusLib\src\argus\lib\commons-lang3-3.1.jar;C:\Users\Gebruiker\Documents\MuArgus\lib\jcommon-1.0.23.jar;C:\Users\Gebruiker\Documents\MuArgus\lib\jfreechart-1.0.19.jar;C:\Users\Gebruiker\Documents\MuArgus\build\classes
Launcher Type: SUN_STANDARD

Environment Variables:
PATH=C:\Program Files\Intel\iCLS Client\;C:\Windows\system32;C:\Windows;C:\Windows\System32\Wbem;C:\Windows\System32\WindowsPowerShell\v1.0\;C:\Program Files\Intel\OpenCL SDK\3.0\bin\x86;C:\Program Files\Intel\Intel(R) Management Engine Components\DAL;C:\Program Files\Intel\Intel(R) Management Engine Components\IPT;C:\Program Files\Intel\WiFi\bin\;C:\Program Files\Common Files\Intel\WirelessCommon\;C:\MinGW\bin;C:\MinGW\MSYS\1.0\bin;C:\Program Files\Intel\WiFi\bin\;C:\Program Files\Common Files\Intel\WirelessCommon\
USERNAME=pibd05
OS=Windows_NT
PROCESSOR_IDENTIFIER=x86 Family 6 Model 60 Stepping 3, GenuineIntel



---------------  S Y S T E M  ---------------

OS: Windows 7 Build 7601 Service Pack 1

CPU:total 8 (4 cores per cpu, 2 threads per core) family 6 model 60 stepping 3, cmov, cx8, fxsr, mmx, sse, sse2, sse3, ssse3, sse4.1, sse4.2, popcnt, avx, avx2, aes, clmul, erms, ht, tsc, tscinvbit

Memory: 4k page, physical 3575660k(1283964k free), swap 7149568k(3947332k free)

vm_info: Java HotSpot(TM) Client VM (25.11-b03) for windows-x86 JRE (1.8.0_11-b12), built on Jun 16 2014 18:18:58 by "java_re" with MS VC++ 10.0 (VS2010)

time: Thu Sep 11 09:27:33 2014
elapsed time: 34 seconds

