#
# A fatal error has been detected by the Java Runtime Environment:
#
#  EXCEPTION_ACCESS_VIOLATION (0xc0000005) at pc=0x5597ebb2, pid=10204, tid=9852
#
# JRE version: Java(TM) SE Runtime Environment (8.0_11-b12) (build 1.8.0_11-b12)
# Java VM: Java HotSpot(TM) Client VM (25.11-b03 mixed mode windows-x86 )
# Problematic frame:
# V  [jvm.dll+0x1cebb2]
#
# Failed to write core dump. Minidumps are not enabled by default on client versions of Windows
#
# If you would like to submit a bug report, please visit:
#   http://bugreport.sun.com/bugreport/crash.jsp
#

---------------  T H R E A D  ---------------

Current thread (0x00832c00):  VMThread [stack: 0x00df0000,0x00e40000] [id=9852]

siginfo: ExceptionCode=0xc0000005, reading address 0x00000004

Registers:
EAX=0x00000000, EBX=0x00000000, ECX=0x00000000, EDX=0x0078dfb8
ESP=0x00e3f640, EBP=0x00e3f644, ESI=0x00e3f690, EDI=0x55ae21d4
EIP=0x5597ebb2, EFLAGS=0x00010246

Top of Stack: (sp=0x00e3f640)
0x00e3f640:   148c1000 00e3f824 559119c7 00e3f660
0x00e3f650:   00e3f690 00000001 00000001 000007d2
0x00e3f660:   18acf16c 00000000 00000000 00000000
0x00e3f670:   00000000 00000000 18acf16c 00000000
0x00e3f680:   00000000 00000000 00000000 00000000
0x00e3f690:   00000000 00e3f8e4 00000000 0000000e
0x00e3f6a0:   00000026 55a8a3d0 00e3f968 ffffffff
0x00e3f6b0:   00000000 00000000 00e3f6f0 00e3f6d0 

Instructions: (pc=0x5597ebb2)
0x5597eb92:   c6 5e 5d c2 08 00 83 79 08 00 74 11 56 8b 75 08
0x5597eba2:   56 e8 a8 fc ff ff 8b c6 5e 5d c2 08 00 8b 49 10
0x5597ebb2:   8b 51 04 8b 01 8b 75 08 52 83 c1 08 50 51 8b ce
0x5597ebc2:   e8 e9 12 e4 ff 8b c6 5e 5d c2 08 00 cc cc 55 8b 


Register to memory mapping:

EAX=0x00000000 is an unknown value
EBX=0x00000000 is an unknown value
ECX=0x00000000 is an unknown value
EDX=0x0078dfb8 is an unknown value
ESP=0x00e3f640 is an unknown value
EBP=0x00e3f644 is an unknown value
ESI=0x00e3f690 is an unknown value
EDI=0x55ae21d4 is an unknown value


Stack: [0x00df0000,0x00e40000],  sp=0x00e3f640,  free space=317k
Native frames: (J=compiled Java code, j=interpreted, Vv=VM code, C=native code)
V  [jvm.dll+0x1cebb2]
V  [jvm.dll+0x1619c7]
V  [jvm.dll+0x15c2d8]
V  [jvm.dll+0x151577]
V  [jvm.dll+0x152870]
V  [jvm.dll+0x169915]
V  [jvm.dll+0x169b22]
V  [jvm.dll+0x1a9316]
C  [msvcr100.dll+0x5c556]
C  [msvcr100.dll+0x5c600]
C  [kernel32.dll+0x4ee1c]
C  [ntdll.dll+0x637eb]
C  [ntdll.dll+0x637be]

VM_Operation (0x00fef9d8): ForceSafepoint, mode: safepoint, requested by thread 0x142e7c00


---------------  P R O C E S S  ---------------

Java Threads: ( => current thread )
  0x148c1000 JavaThread "SwingWorker-pool-2-thread-1" daemon [_thread_in_native, id=7132, stack(0x18a80000,0x18ad0000)]
  0x14af8800 JavaThread "TimerQueue" daemon [_thread_blocked, id=5964, stack(0x18bc0000,0x18c10000)]
  0x14ad4c00 JavaThread "Swing-Shell" daemon [_thread_blocked, id=10032, stack(0x185f0000,0x18640000)]
  0x14a9c000 JavaThread "D3D Screen Updater" daemon [_thread_blocked, id=8212, stack(0x17c30000,0x17c80000)]
  0x148e6000 JavaThread "org.netbeans.modules.debugger.jpda.visual AWT Access Loop" daemon [_thread_blocked, id=5516, stack(0x146a0000,0x146f0000)]
  0x008cc400 JavaThread "DestroyJavaVM" [_thread_blocked, id=3628, stack(0x00900000,0x00950000)]
  0x148b7800 JavaThread "AWT-EventQueue-0" [_thread_blocked, id=4644, stack(0x15450000,0x154a0000)]
  0x1444b000 JavaThread "AWT-Windows" daemon [_thread_blocked, id=4424, stack(0x14c70000,0x14cc0000)]
  0x14445800 JavaThread "AWT-Shutdown" [_thread_blocked, id=9496, stack(0x145b0000,0x14600000)]
  0x14442800 JavaThread "Java2D Disposer" daemon [_thread_blocked, id=6704, stack(0x00e40000,0x00e90000)]
  0x14302000 JavaThread "Service Thread" daemon [_thread_blocked, id=2444, stack(0x14640000,0x14690000)]
  0x142f1c00 JavaThread "C1 CompilerThread0" daemon [_thread_blocked, id=3228, stack(0x14550000,0x145a0000)]
  0x0084ec00 JavaThread "JDWP Command Reader" daemon [_thread_in_native, id=3108, stack(0x03c40000,0x03c90000)]
  0x0084dc00 JavaThread "JDWP Event Helper Thread" daemon [_thread_blocked, id=1400, stack(0x144c0000,0x14510000)]
  0x142e7c00 JavaThread "JDWP Transport Listener: dt_shmem" daemon [_thread_blocked, id=9936, stack(0x00fa0000,0x00ff0000)]
  0x142dc000 JavaThread "Attach Listener" daemon [_thread_blocked, id=9252, stack(0x03d30000,0x03d80000)]
  0x142d9000 JavaThread "Signal Dispatcher" daemon [_thread_blocked, id=5740, stack(0x00f10000,0x00f60000)]
  0x00840400 JavaThread "Finalizer" daemon [_thread_blocked, id=6432, stack(0x03ca0000,0x03cf0000)]
  0x00838800 JavaThread "Reference Handler" daemon [_thread_blocked, id=2288, stack(0x00d60000,0x00db0000)]

Other Threads:
=>0x00832c00 VMThread [stack: 0x00df0000,0x00e40000] [id=9852]
  0x1430dc00 WatcherThread [stack: 0x146f0000,0x14740000] [id=7408]

VM state:at safepoint (normal execution)

VM Mutex/Monitor currently owned by a thread:  ([mutex/lock_event])
[0x008ca658] Safepoint_lock - owner thread: 0x00832c00
[0x008ca6c0] Threads_lock - owner thread: 0x00832c00

Heap:
 def new generation   total 4928K, used 4574K [0x03e00000, 0x04350000, 0x09350000)
  eden space 4416K,  97% used [0x03e00000, 0x04235258, 0x04250000)
  from space 512K,  51% used [0x04250000, 0x04292720, 0x042d0000)
  to   space 512K,   0% used [0x042d0000, 0x042d0000, 0x04350000)
 tenured generation   total 10944K, used 2687K [0x09350000, 0x09e00000, 0x13e00000)
   the space 10944K,  24% used [0x09350000, 0x095efd38, 0x095efe00, 0x09e00000)
 Metaspace       used 9257K, capacity 9345K, committed 9472K, reserved 9600K

Card table byte_map: [0x00950000,0x009e0000] byte_map_base: 0x00931000

Polling page: 0x00360000

CodeCache: size=32768Kb used=1806Kb max_used=1806Kb free=30961Kb
 bounds [0x01c20000, 0x01de8000, 0x03c20000]
 total_blobs=1007 nmethods=773 adapters=173
 compilation: enabled

Compilation events (10 events):
Event: 12.081 Thread 0x142f1c00  770             java.util.concurrent.atomic.AtomicBoolean::get (13 bytes)
Event: 12.081 Thread 0x142f1c00 nmethod 770 0x01de1c48 code [0x01de1d40, 0x01de1dd0]
Event: 12.116 Thread 0x142f1c00  771             java.util.HashSet::clear (8 bytes)
Event: 12.116 Thread 0x142f1c00 nmethod 771 0x01de1e08 code [0x01de1f10, 0x01de1fac]
Event: 33.404 Thread 0x142f1c00  773             javax.swing.JComponent::getInsets (23 bytes)
Event: 33.405 Thread 0x142f1c00 nmethod 773 0x01de2f48 code [0x01de3060, 0x01de31a8]
Event: 33.405 Thread 0x142f1c00  774             javax.swing.GroupLayout::getComponentInfo (62 bytes)
Event: 33.405 Thread 0x142f1c00 nmethod 774 0x01de32c8 code [0x01de3400, 0x01de35ec]
Event: 33.405 Thread 0x142f1c00  775             sun.font.FontDesignMetrics::getHeight (35 bytes)
Event: 33.406 Thread 0x142f1c00 nmethod 775 0x01de3748 code [0x01de3850, 0x01de3950]

GC Heap History (10 events):
Event: 4.915 GC heap before
{Heap before GC invocations=13 (full 0):
 def new generation   total 4928K, used 4650K [0x03e00000, 0x04350000, 0x09350000)
  eden space 4416K, 100% used [0x03e00000, 0x04250000, 0x04250000)
  from space 512K,  45% used [0x042d0000, 0x0430a870, 0x04350000)
  to   space 512K,   0% used [0x04250000, 0x04250000, 0x042d0000)
 tenured generation   total 10944K, used 2351K [0x09350000, 0x09e00000, 0x13e00000)
   the space 10944K,  21% used [0x09350000, 0x0959bdd8, 0x0959be00, 0x09e00000)
 Metaspace       used 9008K, capacity 9119K, committed 9216K, reserved 9600K
Event: 4.919 GC heap after
Heap after GC invocations=14 (full 0):
 def new generation   total 4928K, used 296K [0x03e00000, 0x04350000, 0x09350000)
  eden space 4416K,   0% used [0x03e00000, 0x03e00000, 0x04250000)
  from space 512K,  58% used [0x04250000, 0x0429a3e0, 0x042d0000)
  to   space 512K,   0% used [0x042d0000, 0x042d0000, 0x04350000)
 tenured generation   total 10944K, used 2351K [0x09350000, 0x09e00000, 0x13e00000)
   the space 10944K,  21% used [0x09350000, 0x0959bdd8, 0x0959be00, 0x09e00000)
 Metaspace       used 9008K, capacity 9119K, committed 9216K, reserved 9600K
}
Event: 7.078 GC heap before
{Heap before GC invocations=14 (full 0):
 def new generation   total 4928K, used 4708K [0x03e00000, 0x04350000, 0x09350000)
  eden space 4416K,  99% used [0x03e00000, 0x0424ee78, 0x04250000)
  from space 512K,  58% used [0x04250000, 0x0429a3e0, 0x042d0000)
  to   space 512K,   0% used [0x042d0000, 0x042d0000, 0x04350000)
 tenured generation   total 10944K, used 2351K [0x09350000, 0x09e00000, 0x13e00000)
   the space 10944K,  21% used [0x09350000, 0x0959bdd8, 0x0959be00, 0x09e00000)
 Metaspace       used 9110K, capacity 9215K, committed 9344K, reserved 9600K
Event: 7.084 GC heap after
Heap after GC invocations=15 (full 0):
 def new generation   total 4928K, used 353K [0x03e00000, 0x04350000, 0x09350000)
  eden space 4416K,   0% used [0x03e00000, 0x03e00000, 0x04250000)
  from space 512K,  68% used [0x042d0000, 0x04328408, 0x04350000)
  to   space 512K,   0% used [0x04250000, 0x04250000, 0x042d0000)
 tenured generation   total 10944K, used 2421K [0x09350000, 0x09e00000, 0x13e00000)
   the space 10944K,  22% used [0x09350000, 0x095ad578, 0x095ad600, 0x09e00000)
 Metaspace       used 9110K, capacity 9215K, committed 9344K, reserved 9600K
}
Event: 7.670 GC heap before
{Heap before GC invocations=15 (full 0):
 def new generation   total 4928K, used 4769K [0x03e00000, 0x04350000, 0x09350000)
  eden space 4416K, 100% used [0x03e00000, 0x04250000, 0x04250000)
  from space 512K,  68% used [0x042d0000, 0x04328408, 0x04350000)
  to   space 512K,   0% used [0x04250000, 0x04250000, 0x042d0000)
 tenured generation   total 10944K, used 2421K [0x09350000, 0x09e00000, 0x13e00000)
   the space 10944K,  22% used [0x09350000, 0x095ad578, 0x095ad600, 0x09e00000)
 Metaspace       used 9198K, capacity 9311K, committed 9472K, reserved 9600K
Event: 7.674 GC heap after
Heap after GC invocations=16 (full 0):
 def new generation   total 4928K, used 100K [0x03e00000, 0x04350000, 0x09350000)
  eden space 4416K,   0% used [0x03e00000, 0x03e00000, 0x04250000)
  from space 512K,  19% used [0x04250000, 0x042691a8, 0x042d0000)
  to   space 512K,   0% used [0x042d0000, 0x042d0000, 0x04350000)
 tenured generation   total 10944K, used 2687K [0x09350000, 0x09e00000, 0x13e00000)
   the space 10944K,  24% used [0x09350000, 0x095efd38, 0x095efe00, 0x09e00000)
 Metaspace       used 9198K, capacity 9311K, committed 9472K, reserved 9600K
}
Event: 7.701 GC heap before
{Heap before GC invocations=16 (full 0):
 def new generation   total 4928K, used 4516K [0x03e00000, 0x04350000, 0x09350000)
  eden space 4416K, 100% used [0x03e00000, 0x04250000, 0x04250000)
  from space 512K,  19% used [0x04250000, 0x042691a8, 0x042d0000)
  to   space 512K,   0% used [0x042d0000, 0x042d0000, 0x04350000)
 tenured generation   total 10944K, used 2687K [0x09350000, 0x09e00000, 0x13e00000)
   the space 10944K,  24% used [0x09350000, 0x095efd38, 0x095efe00, 0x09e00000)
 Metaspace       used 9210K, capacity 9345K, committed 9472K, reserved 9600K
Event: 7.704 GC heap after
Heap after GC invocations=17 (full 0):
 def new generation   total 4928K, used 108K [0x03e00000, 0x04350000, 0x09350000)
  eden space 4416K,   0% used [0x03e00000, 0x03e00000, 0x04250000)
  from space 512K,  21% used [0x042d0000, 0x042eb238, 0x04350000)
  to   space 512K,   0% used [0x04250000, 0x04250000, 0x042d0000)
 tenured generation   total 10944K, used 2687K [0x09350000, 0x09e00000, 0x13e00000)
   the space 10944K,  24% used [0x09350000, 0x095efd38, 0x095efe00, 0x09e00000)
 Metaspace       used 9210K, capacity 9345K, committed 9472K, reserved 9600K
}
Event: 7.828 GC heap before
{Heap before GC invocations=17 (full 0):
 def new generation   total 4928K, used 4507K [0x03e00000, 0x04350000, 0x09350000)
  eden space 4416K,  99% used [0x03e00000, 0x0424bd18, 0x04250000)
  from space 512K,  21% used [0x042d0000, 0x042eb238, 0x04350000)
  to   space 512K,   0% used [0x04250000, 0x04250000, 0x042d0000)
 tenured generation   total 10944K, used 2687K [0x09350000, 0x09e00000, 0x13e00000)
   the space 10944K,  24% used [0x09350000, 0x095efd38, 0x095efe00, 0x09e00000)
 Metaspace       used 9220K, capacity 9345K, committed 9472K, reserved 9600K
Event: 7.831 GC heap after
Heap after GC invocations=18 (full 0):
 def new generation   total 4928K, used 265K [0x03e00000, 0x04350000, 0x09350000)
  eden space 4416K,   0% used [0x03e00000, 0x03e00000, 0x04250000)
  from space 512K,  51% used [0x04250000, 0x04292720, 0x042d0000)
  to   space 512K,   0% used [0x042d0000, 0x042d0000, 0x04350000)
 tenured generation   total 10944K, used 2687K [0x09350000, 0x09e00000, 0x13e00000)
   the space 10944K,  24% used [0x09350000, 0x095efd38, 0x095efe00, 0x09e00000)
 Metaspace       used 9220K, capacity 9345K, committed 9472K, reserved 9600K
}

Deoptimization events (0 events):
No events

Internal exceptions (10 events):
Event: 7.688 Thread 0x148b7800 Exception <a 'java/security/PrivilegedActionException'> (0x03f66ec8) thrown at [D:\re\puppet\workspace\8-2-build-windows-i586-cygwin\jdk8u11\648\hotspot\src\share\vm\prims\jvm.cpp, line 1248]
Event: 7.689 Thread 0x148b7800 Exception <a 'java/security/PrivilegedActionException'> (0x03f68e18) thrown at [D:\re\puppet\workspace\8-2-build-windows-i586-cygwin\jdk8u11\648\hotspot\src\share\vm\prims\jvm.cpp, line 1248]
Event: 7.690 Thread 0x148b7800 Exception <a 'java/security/PrivilegedActionException'> (0x03f6ad08) thrown at [D:\re\puppet\workspace\8-2-build-windows-i586-cygwin\jdk8u11\648\hotspot\src\share\vm\prims\jvm.cpp, line 1248]
Event: 7.691 Thread 0x148b7800 Exception <a 'java/security/PrivilegedActionException'> (0x03f6cc48) thrown at [D:\re\puppet\workspace\8-2-build-windows-i586-cygwin\jdk8u11\648\hotspot\src\share\vm\prims\jvm.cpp, line 1248]
Event: 7.691 Thread 0x148b7800 Exception <a 'java/security/PrivilegedActionException'> (0x03f6eb38) thrown at [D:\re\puppet\workspace\8-2-build-windows-i586-cygwin\jdk8u11\648\hotspot\src\share\vm\prims\jvm.cpp, line 1248]
Event: 7.692 Thread 0x148b7800 Exception <a 'java/security/PrivilegedActionException'> (0x03f70a88) thrown at [D:\re\puppet\workspace\8-2-build-windows-i586-cygwin\jdk8u11\648\hotspot\src\share\vm\prims\jvm.cpp, line 1248]
Event: 7.735 Thread 0x148b7800 Exception <a 'java/security/PrivilegedActionException'> (0x0409c510) thrown at [D:\re\puppet\workspace\8-2-build-windows-i586-cygwin\jdk8u11\648\hotspot\src\share\vm\prims\jvm.cpp, line 1248]
Event: 10.863 Thread 0x148c1000 Exception <a 'java/security/PrivilegedActionException'> (0x041c4670) thrown at [D:\re\puppet\workspace\8-2-build-windows-i586-cygwin\jdk8u11\648\hotspot\src\share\vm\prims\jvm.cpp, line 1248]
Event: 13.245 Thread 0x148c1000 Exception <a 'java/security/PrivilegedActionException'> (0x041c6a08) thrown at [D:\re\puppet\workspace\8-2-build-windows-i586-cygwin\jdk8u11\648\hotspot\src\share\vm\prims\jvm.cpp, line 1248]
Event: 13.250 Thread 0x148c1000 Exception <a 'java/security/PrivilegedActionException'> (0x04229bd8) thrown at [D:\re\puppet\workspace\8-2-build-windows-i586-cygwin\jdk8u11\648\hotspot\src\share\vm\prims\jvm.cpp, line 1248]

Events (10 events):
Event: 35.271 Executing VM operation: ChangeSingleStep done
Event: 35.271 Executing VM operation: ChangeSingleStep
Event: 35.271 Executing VM operation: ChangeSingleStep done
Event: 35.271 Executing VM operation: GetCurrentLocation
Event: 35.272 Executing VM operation: GetCurrentLocation done
Event: 35.272 Executing VM operation: ChangeSingleStep
Event: 35.272 Executing VM operation: ChangeSingleStep done
Event: 35.272 Executing VM operation: ChangeSingleStep
Event: 35.272 Executing VM operation: ChangeSingleStep done
Event: 323.466 Executing VM operation: ForceSafepoint


Dynamic libraries:
0x00ff0000 - 0x01020000 	C:\Program Files\Java\jdk1.8.0_11\jre\bin\java.exe
0x76e60000 - 0x76f9c000 	C:\Windows\SYSTEM32\ntdll.dll
0x751f0000 - 0x752c4000 	C:\Windows\system32\kernel32.dll
0x75160000 - 0x751ab000 	C:\Windows\system32\KERNELBASE.dll
0x76c60000 - 0x76d00000 	C:\Windows\system32\ADVAPI32.dll
0x76d00000 - 0x76dac000 	C:\Windows\system32\msvcrt.dll
0x75800000 - 0x75819000 	C:\Windows\SYSTEM32\sechost.dll
0x76fe0000 - 0x77082000 	C:\Windows\system32\RPCRT4.dll
0x755c0000 - 0x75689000 	C:\Windows\system32\USER32.dll
0x75690000 - 0x756de000 	C:\Windows\system32\GDI32.dll
0x75570000 - 0x7557a000 	C:\Windows\system32\LPK.dll
0x75be0000 - 0x75c7d000 	C:\Windows\system32\USP10.dll
0x73d20000 - 0x73ebe000 	C:\Windows\WinSxS\x86_microsoft.windows.common-controls_6595b64144ccf1df_6.0.7601.17514_none_41e6975e2bd6f2b2\COMCTL32.dll
0x75a70000 - 0x75ac7000 	C:\Windows\system32\SHLWAPI.dll
0x76fa0000 - 0x76fbf000 	C:\Windows\system32\IMM32.DLL
0x75ad0000 - 0x75b9c000 	C:\Windows\system32\MSCTF.dll
0x624e0000 - 0x6254b000 	c:\program files\f-secure\hips\fshook32.dll
0x76fd0000 - 0x76fd5000 	C:\Windows\system32\PSAPI.DLL
0x6c1b0000 - 0x6c26f000 	C:\Program Files\Java\jdk1.8.0_11\jre\bin\msvcr100.dll
0x557b0000 - 0x55b47000 	C:\Program Files\Java\jdk1.8.0_11\jre\bin\client\jvm.dll
0x73240000 - 0x73247000 	C:\Windows\system32\WSOCK32.dll
0x75ba0000 - 0x75bd5000 	C:\Windows\system32\WS2_32.dll
0x76fc0000 - 0x76fc6000 	C:\Windows\system32\NSI.dll
0x73590000 - 0x735c2000 	C:\Windows\system32\WINMM.dll
0x72640000 - 0x72675000 	C:\Program Files\Java\jdk1.8.0_11\jre\bin\splashscreen.dll
0x72630000 - 0x7263c000 	C:\Program Files\Java\jdk1.8.0_11\jre\bin\verify.dll
0x724c0000 - 0x724e1000 	C:\Program Files\Java\jdk1.8.0_11\jre\bin\java.dll
0x6e3d0000 - 0x6e3f9000 	C:\Program Files\Java\jdk1.8.0_11\jre\bin\jdwp.dll
0x72e40000 - 0x72e47000 	C:\Program Files\Java\jdk1.8.0_11\jre\bin\npt.dll
0x71dd0000 - 0x71de3000 	C:\Program Files\Java\jdk1.8.0_11\jre\bin\zip.dll
0x75f80000 - 0x76bca000 	C:\Windows\system32\SHELL32.dll
0x75e20000 - 0x75f7c000 	C:\Windows\system32\ole32.dll
0x74ed0000 - 0x74edb000 	C:\Windows\system32\profapi.dll
0x72600000 - 0x72609000 	C:\Program Files\Java\jdk1.8.0_11\jre\bin\dt_shmem.dll
0x6bc40000 - 0x6bd85000 	C:\Program Files\Java\jdk1.8.0_11\jre\bin\awt.dll
0x759e0000 - 0x75a6f000 	C:\Windows\system32\OLEAUT32.dll
0x73b90000 - 0x73bd0000 	C:\Windows\system32\uxtheme.dll
0x73430000 - 0x73443000 	C:\Windows\system32\dwmapi.dll
0x74df0000 - 0x74dfc000 	C:\Windows\system32\CRYPTBASE.dll
0x6df00000 - 0x6e0c3000 	C:\Windows\system32\d3d9.dll
0x74380000 - 0x74389000 	C:\Windows\system32\VERSION.dll
0x6ff20000 - 0x6ff26000 	C:\Windows\system32\d3d8thk.dll
0x63fd0000 - 0x64759000 	C:\Windows\system32\igdumdim32.dll
0x6c9b0000 - 0x6ccf7000 	C:\Windows\system32\igdusc32.dll
0x6fe40000 - 0x6fe79000 	C:\Program Files\Java\jdk1.8.0_11\jre\bin\fontmanager.dll
0x71db0000 - 0x71dc4000 	C:\Program Files\Java\jdk1.8.0_11\jre\bin\net.dll
0x74930000 - 0x7496c000 	C:\Windows\system32\mswsock.dll
0x74990000 - 0x74996000 	C:\Windows\System32\wship6.dll
0x72620000 - 0x7262f000 	C:\Program Files\Java\jdk1.8.0_11\jre\bin\nio.dll
0x6ff90000 - 0x6ffc0000 	C:\Program Files\Java\jdk1.8.0_11\jre\bin\t2k.dll
0x76bd0000 - 0x76c53000 	C:\Windows\system32\CLBCatQ.DLL
0x71680000 - 0x71704000 	C:\Windows\WinSxS\x86_microsoft.windows.common-controls_6595b64144ccf1df_5.82.7601.18201_none_ec80f00e8593ece5\comctl32.dll
0x75c80000 - 0x75e1d000 	C:\Windows\system32\SETUPAPI.dll
0x75120000 - 0x75147000 	C:\Windows\system32\CFGMGR32.dll
0x751d0000 - 0x751e2000 	C:\Windows\system32\DEVOBJ.dll
0x73a20000 - 0x73b15000 	C:\Windows\system32\propsys.dll
0x73760000 - 0x73781000 	C:\Windows\system32\ntmarta.dll
0x76db0000 - 0x76df5000 	C:\Windows\system32\WLDAP32.dll
0x74da0000 - 0x74dec000 	C:\Windows\system32\apphelp.dll
0x51e90000 - 0x52028000 	C:\Windows\system32\NetworkExplorer.dll
0x6c5c0000 - 0x6c5ef000 	C:\Windows\System32\shdocvw.dll
0x733e0000 - 0x733ea000 	C:\Windows\system32\slc.dll
0x72ea0000 - 0x72fd0000 	C:\Windows\system32\WindowsCodecs.dll
0x6c8f0000 - 0x6c921000 	C:\Windows\system32\EhStorShell.dll
0x6c880000 - 0x6c8ea000 	C:\Windows\System32\cscui.dll
0x6c870000 - 0x6c879000 	C:\Windows\System32\CSCDLL.dll
0x6c540000 - 0x6c54b000 	C:\Windows\system32\CSCAPI.dll
0x6c800000 - 0x6c870000 	C:\Windows\system32\ntshrui.dll
0x74b20000 - 0x74b39000 	C:\Windows\system32\srvcli.dll
0x6d920000 - 0x6d932000 	C:\Windows\system32\MPR.dll
0x72e20000 - 0x72e28000 	C:\Windows\System32\drprov.dll
0x749b0000 - 0x749d9000 	C:\Windows\System32\WINSTA.dll
0x6fe20000 - 0x6fe34000 	C:\Windows\System32\ntlanman.dll
0x6fda0000 - 0x6fdb7000 	C:\Windows\System32\davclnt.dll
0x6fd90000 - 0x6fd98000 	C:\Windows\System32\DAVHLPR.dll
0x72530000 - 0x7253f000 	C:\Windows\system32\wkscli.dll
0x73220000 - 0x73229000 	C:\Windows\system32\netutils.dll
0x55570000 - 0x557a8000 	C:\Windows\system32\wpdshext.dll
0x73890000 - 0x73a20000 	C:\Windows\WinSxS\x86_microsoft.windows.gdiplus_6595b64144ccf1df_1.1.7601.18455_none_72d576ad8665e853\gdiplus.dll
0x6eaf0000 - 0x6eb79000 	C:\Windows\system32\PortableDeviceApi.dll
0x74f90000 - 0x74fbe000 	C:\Windows\system32\WINTRUST.dll
0x74fe0000 - 0x75100000 	C:\Windows\system32\CRYPT32.dll
0x74ee0000 - 0x74eec000 	C:\Windows\system32\MSASN1.dll
0x6fcc0000 - 0x6fcff000 	C:\Windows\system32\audiodev.dll
0x54480000 - 0x546e7000 	C:\Windows\system32\WMVCore.DLL
0x6e1d0000 - 0x6e20d000 	C:\Windows\system32\WMASF.DLL
0x6bfb0000 - 0x6bfd2000 	C:\Windows\system32\EhStorAPI.dll
0x6c5b0000 - 0x6c5b9000 	C:\Windows\system32\LINKINFO.dll
0x74c20000 - 0x74c28000 	C:\Windows\system32\Secur32.dll
0x74d80000 - 0x74d9b000 	C:\Windows\system32\SSPICLI.DLL
0x72520000 - 0x7252f000 	C:\Windows\system32\samcli.dll
0x73b20000 - 0x73b32000 	C:\Windows\system32\SAMLIB.dll
0x6afc0000 - 0x6b056000 	C:\Users\Gebruiker\Documents\MuArgus\libmuargusdll.dll
0x6e940000 - 0x6e964000 	C:\Users\Gebruiker\Documents\MuArgus\libgcc_s_dw2-1.dll
0x184a0000 - 0x185a0000 	C:\Users\Gebruiker\Documents\MuArgus\libstdc++-6.dll
0x72790000 - 0x7287b000 	C:\Windows\system32\dbghelp.dll

VM Arguments:
jvm_args: -Xdebug -Xrunjdwp:transport=dt_shmem,address=javadebug -Dfile.encoding=UTF-8 
java_command: muargus.MuARGUS
java_class_path (initial): C:\Program Files\NetBeans 8.0\java\modules\ext\beansbinding-1.2.1.jar;C:\Users\Gebruiker\Documents\ArgusLib\dist\ArgusLib.jar;C:\Users\Gebruiker\Documents\ArgusLib\src\argus\lib\commons-io-2.4.jar;C:\Users\Gebruiker\Documents\ArgusLib\src\argus\lib\commons-lang3-3.1.jar;C:\Users\Gebruiker\Documents\MuArgus\build\classes
Launcher Type: SUN_STANDARD

Environment Variables:
PATH=C:\Program Files\Intel\iCLS Client\;C:\Windows\system32;C:\Windows;C:\Windows\System32\Wbem;C:\Windows\System32\WindowsPowerShell\v1.0\;C:\Program Files\Intel\OpenCL SDK\3.0\bin\x86;C:\Program Files\Intel\Intel(R) Management Engine Components\DAL;C:\Program Files\Intel\Intel(R) Management Engine Components\IPT;C:\Program Files\Intel\WiFi\bin\;C:\Program Files\Common Files\Intel\WirelessCommon\;C:\Program Files\Intel\WiFi\bin\;C:\Program Files\Common Files\Intel\WirelessCommon\
USERNAME=pibd05
OS=Windows_NT
PROCESSOR_IDENTIFIER=x86 Family 6 Model 60 Stepping 3, GenuineIntel



---------------  S Y S T E M  ---------------

OS: Windows 7 Build 7601 Service Pack 1

CPU:total 8 (4 cores per cpu, 2 threads per core) family 6 model 60 stepping 3, cmov, cx8, fxsr, mmx, sse, sse2, sse3, ssse3, sse4.1, sse4.2, popcnt, avx, avx2, aes, clmul, erms, ht, tsc, tscinvbit

Memory: 4k page, physical 3575660k(897352k free), swap 7149568k(3468912k free)

vm_info: Java HotSpot(TM) Client VM (25.11-b03) for windows-x86 JRE (1.8.0_11-b12), built on Jun 16 2014 18:18:58 by "java_re" with MS VC++ 10.0 (VS2010)

time: Thu Aug 21 13:58:52 2014
elapsed time: 323 seconds

