#
# A fatal error has been detected by the Java Runtime Environment:
#
#  EXCEPTION_ACCESS_VIOLATION (0xc0000005) at pc=0x00000000, pid=3148, tid=5024
#
# JRE version: Java(TM) SE Runtime Environment (8.0-b132) (build 1.8.0-b132)
# Java VM: Java HotSpot(TM) Client VM (25.0-b70 mixed mode windows-x86 )
# Problematic frame:
# C  0x00000000
#
# Failed to write core dump. Minidumps are not enabled by default on client versions of Windows
#
# If you would like to submit a bug report, please visit:
#   http://bugreport.sun.com/bugreport/crash.jsp
# The crash happened outside the Java Virtual Machine in native code.
# See problematic frame for where to report the bug.
#

---------------  T H R E A D  ---------------

Current thread (0x1445d400):  JavaThread "AWT-EventQueue-0" [_thread_in_native, id=5024, stack(0x14a70000,0x14ac0000)]

siginfo: ExceptionCode=0xc0000005, ExceptionInformation=0x00000008 0x00000000

Registers:
EAX=0x157b22f0, EBX=0x00000000, ECX=0x157b22f0, EDX=0x0000000e
ESP=0x14abc70c, EBP=0x14abc728, ESI=0x157b26d8, EDI=0x157b2e88
EIP=0x00000000, EFLAGS=0x00010212

Top of Stack: (sp=0x14abc70c)
0x14abc70c:   6afc19e8 0000000e 00000000 00000001
0x14abc71c:   00124260 157b26d8 00000003 14abc9a8
0x14abc72c:   6afc4c1c 0000000e 14abc788 00000000
0x14abc73c:   14abc760 ffffffff 00000014 5fa82ba0
0x14abc74c:   00000000 000efffe 027f0c7f 00000007
0x14abc75c:   00124260 00000002 00000002 00000002
0x14abc76c:   ffffffff 00000014 5fa82ba0 00000000
0x14abc77c:   fffffffe 00000000 00000001 00000001 

Instructions: (pc=0x00000000)
0xffffffe0:   


Register to memory mapping:

EAX=0x157b22f0 is an unknown value
EBX=0x00000000 is an unknown value
ECX=0x157b22f0 is an unknown value
EDX=0x0000000e is an unknown value
ESP=0x14abc70c is pointing into the stack for thread: 0x1445d400
EBP=0x14abc728 is pointing into the stack for thread: 0x1445d400
ESI=0x157b26d8 is an unknown value
EDI=0x157b2e88 is an unknown value


Stack: [0x14a70000,0x14ac0000],  sp=0x14abc70c,  free space=305k
Java frames: (J=compiled Java code, j=interpreted, Vv=VM code)
j  muargus.extern.dataengine.MuArgusCtrlJNI.CMuArgCtrl_ApplyRecode(JLmuargus/extern/dataengine/CMuArgCtrl;)Z+0
j  muargus.extern.dataengine.CMuArgCtrl.ApplyRecode()Z+5
j  muargus.controller.GlobalRecodeController.undo(Lmuargus/model/RecodeMu;)V+44
j  muargus.view.GlobalRecodeView.undoButtonActionPerformed(Ljava/awt/event/ActionEvent;)V+8
j  muargus.view.GlobalRecodeView.access$700(Lmuargus/view/GlobalRecodeView;Ljava/awt/event/ActionEvent;)V+2
j  muargus.view.GlobalRecodeView$8.actionPerformed(Ljava/awt/event/ActionEvent;)V+5
j  javax.swing.AbstractButton.fireActionPerformed(Ljava/awt/event/ActionEvent;)V+83
j  javax.swing.AbstractButton$Handler.actionPerformed(Ljava/awt/event/ActionEvent;)V+5
j  javax.swing.DefaultButtonModel.fireActionPerformed(Ljava/awt/event/ActionEvent;)V+34
j  javax.swing.DefaultButtonModel.setPressed(Z)V+117
j  javax.swing.plaf.basic.BasicButtonListener.mouseReleased(Ljava/awt/event/MouseEvent;)V+35
j  java.awt.Component.processMouseEvent(Ljava/awt/event/MouseEvent;)V+64
j  javax.swing.JComponent.processMouseEvent(Ljava/awt/event/MouseEvent;)V+23
J 1118 C1 java.awt.Component.processEvent(Ljava/awt/AWTEvent;)V (220 bytes) @ 0x01f40cc8 [0x01f40bb0+0x118]
J 1394 C1 java.awt.Container.processEvent(Ljava/awt/AWTEvent;)V (22 bytes) @ 0x01f97b30 [0x01f97aa0+0x90]
J 567 C1 java.awt.Component.dispatchEventImpl(Ljava/awt/AWTEvent;)V (883 bytes) @ 0x01e811f8 [0x01e80410+0xde8]
J 507 C1 java.awt.Container.dispatchEventImpl(Ljava/awt/AWTEvent;)V (129 bytes) @ 0x01e6c43c [0x01e6c3e0+0x5c]
J 443 C1 java.awt.LightweightDispatcher.retargetMouseEvent(Ljava/awt/Component;ILjava/awt/event/MouseEvent;)V (350 bytes) @ 0x01e545a0 [0x01e53f30+0x670]
J 1134 C1 java.awt.LightweightDispatcher.processMouseEvent(Ljava/awt/event/MouseEvent;)Z (301 bytes) @ 0x01f46278 [0x01f45ea0+0x3d8]
J 1096 C1 java.awt.LightweightDispatcher.dispatchEvent(Ljava/awt/AWTEvent;)Z (73 bytes) @ 0x01f39b58 [0x01f39a70+0xe8]
J 507 C1 java.awt.Container.dispatchEventImpl(Ljava/awt/AWTEvent;)V (129 bytes) @ 0x01e6c420 [0x01e6c3e0+0x40]
J 1094 C1 java.awt.Window.dispatchEventImpl(Ljava/awt/AWTEvent;)V (23 bytes) @ 0x01f39050 [0x01f38f40+0x110]
J 667 C1 java.awt.EventQueue.dispatchEventImpl(Ljava/awt/AWTEvent;Ljava/lang/Object;)V (149 bytes) @ 0x01eaede8 [0x01eae9f0+0x3f8]
J 780 C1 java.awt.EventQueue$3.run()Ljava/lang/Void; (60 bytes) @ 0x01ed63e8 [0x01ed6380+0x68]
J 779 C1 java.awt.EventQueue$3.run()Ljava/lang/Object; (5 bytes) @ 0x01ed6168 [0x01ed6140+0x28]
v  ~StubRoutines::call_stub
J 512  java.security.AccessController.doPrivileged(Ljava/security/PrivilegedAction;Ljava/security/AccessControlContext;)Ljava/lang/Object; (0 bytes) @ 0x01e6de87 [0x01e6de20+0x67]
J 527 C1 java.security.ProtectionDomain$1.doIntersectionPrivilege(Ljava/security/PrivilegedAction;Ljava/security/AccessControlContext;Ljava/security/AccessControlContext;)Ljava/lang/Object; (32 bytes) @ 0x01e70898 [0x01e707f0+0xa8]
J 1144 C1 java.awt.EventQueue$4.run()Ljava/lang/Object; (5 bytes) @ 0x01f49978 [0x01f498b0+0xc8]
v  ~StubRoutines::call_stub
J 512  java.security.AccessController.doPrivileged(Ljava/security/PrivilegedAction;Ljava/security/AccessControlContext;)Ljava/lang/Object; (0 bytes) @ 0x01e6de87 [0x01e6de20+0x67]
J 662 C1 java.awt.EventQueue.dispatchEvent(Ljava/awt/AWTEvent;)V (80 bytes) @ 0x01ead4d4 [0x01ead210+0x2c4]
J 442 C1 java.awt.EventDispatchThread.pumpOneEventForFilters(I)V (295 bytes) @ 0x01e51adc [0x01e513d0+0x70c]
J 814 C1 java.awt.EventDispatchThread.pumpEventsForFilter(ILjava/awt/Conditional;Ljava/awt/EventFilter;)V (47 bytes) @ 0x01ededd0 [0x01eded40+0x90]
j  java.awt.EventDispatchThread.pumpEventsForFilter(Ljava/awt/Conditional;Ljava/awt/EventFilter;)V+4
j  java.awt.WaitDispatchSupport$2.run()V+59
j  java.awt.WaitDispatchSupport$4.run()Ljava/lang/Void;+4
j  java.awt.WaitDispatchSupport$4.run()Ljava/lang/Object;+1
v  ~StubRoutines::call_stub
J 793  java.security.AccessController.doPrivileged(Ljava/security/PrivilegedAction;)Ljava/lang/Object; (0 bytes) @ 0x01eda1f0 [0x01eda1a0+0x50]
j  java.awt.WaitDispatchSupport.enter()Z+279
j  java.awt.Dialog.show()V+233
j  java.awt.Component.show(Z)V+5
j  java.awt.Component.setVisible(Z)V+2
j  java.awt.Window.setVisible(Z)V+2
j  java.awt.Dialog.setVisible(Z)V+2
j  muargus.controller.GlobalRecodeController.showView()V+5
j  muargus.controller.MainFrameController.globalRecode()V+57
j  muargus.view.MainFrameView.globalRecodeMenuItemActionPerformed(Ljava/awt/event/ActionEvent;)V+4
j  muargus.view.MainFrameView.access$400(Lmuargus/view/MainFrameView;Ljava/awt/event/ActionEvent;)V+2
j  muargus.view.MainFrameView$23.actionPerformed(Ljava/awt/event/ActionEvent;)V+5
j  javax.swing.AbstractButton.fireActionPerformed(Ljava/awt/event/ActionEvent;)V+83
j  javax.swing.AbstractButton$Handler.actionPerformed(Ljava/awt/event/ActionEvent;)V+5
j  javax.swing.DefaultButtonModel.fireActionPerformed(Ljava/awt/event/ActionEvent;)V+34
j  javax.swing.DefaultButtonModel.setPressed(Z)V+117
j  javax.swing.AbstractButton.doClick(I)V+64
j  javax.swing.plaf.basic.BasicMenuItemUI.doClick(Ljavax/swing/MenuSelectionManager;)V+53
j  javax.swing.plaf.basic.BasicMenuItemUI$Handler.mouseReleased(Ljava/awt/event/MouseEvent;)V+76
j  java.awt.Component.processMouseEvent(Ljava/awt/event/MouseEvent;)V+64
j  javax.swing.JComponent.processMouseEvent(Ljava/awt/event/MouseEvent;)V+23
J 1118 C1 java.awt.Component.processEvent(Ljava/awt/AWTEvent;)V (220 bytes) @ 0x01f40cc8 [0x01f40bb0+0x118]
J 1394 C1 java.awt.Container.processEvent(Ljava/awt/AWTEvent;)V (22 bytes) @ 0x01f97b30 [0x01f97aa0+0x90]
J 567 C1 java.awt.Component.dispatchEventImpl(Ljava/awt/AWTEvent;)V (883 bytes) @ 0x01e811f8 [0x01e80410+0xde8]
J 507 C1 java.awt.Container.dispatchEventImpl(Ljava/awt/AWTEvent;)V (129 bytes) @ 0x01e6c43c [0x01e6c3e0+0x5c]
J 443 C1 java.awt.LightweightDispatcher.retargetMouseEvent(Ljava/awt/Component;ILjava/awt/event/MouseEvent;)V (350 bytes) @ 0x01e545a0 [0x01e53f30+0x670]
J 1134 C1 java.awt.LightweightDispatcher.processMouseEvent(Ljava/awt/event/MouseEvent;)Z (301 bytes) @ 0x01f46278 [0x01f45ea0+0x3d8]
J 1096 C1 java.awt.LightweightDispatcher.dispatchEvent(Ljava/awt/AWTEvent;)Z (73 bytes) @ 0x01f39b58 [0x01f39a70+0xe8]
J 507 C1 java.awt.Container.dispatchEventImpl(Ljava/awt/AWTEvent;)V (129 bytes) @ 0x01e6c420 [0x01e6c3e0+0x40]
J 1094 C1 java.awt.Window.dispatchEventImpl(Ljava/awt/AWTEvent;)V (23 bytes) @ 0x01f39050 [0x01f38f40+0x110]
J 667 C1 java.awt.EventQueue.dispatchEventImpl(Ljava/awt/AWTEvent;Ljava/lang/Object;)V (149 bytes) @ 0x01eaede8 [0x01eae9f0+0x3f8]
J 780 C1 java.awt.EventQueue$3.run()Ljava/lang/Void; (60 bytes) @ 0x01ed63e8 [0x01ed6380+0x68]
J 779 C1 java.awt.EventQueue$3.run()Ljava/lang/Object; (5 bytes) @ 0x01ed6168 [0x01ed6140+0x28]
v  ~StubRoutines::call_stub
J 512  java.security.AccessController.doPrivileged(Ljava/security/PrivilegedAction;Ljava/security/AccessControlContext;)Ljava/lang/Object; (0 bytes) @ 0x01e6de87 [0x01e6de20+0x67]
J 527 C1 java.security.ProtectionDomain$1.doIntersectionPrivilege(Ljava/security/PrivilegedAction;Ljava/security/AccessControlContext;Ljava/security/AccessControlContext;)Ljava/lang/Object; (32 bytes) @ 0x01e70898 [0x01e707f0+0xa8]
J 1144 C1 java.awt.EventQueue$4.run()Ljava/lang/Object; (5 bytes) @ 0x01f49978 [0x01f498b0+0xc8]
v  ~StubRoutines::call_stub
J 512  java.security.AccessController.doPrivileged(Ljava/security/PrivilegedAction;Ljava/security/AccessControlContext;)Ljava/lang/Object; (0 bytes) @ 0x01e6de87 [0x01e6de20+0x67]
J 662 C1 java.awt.EventQueue.dispatchEvent(Ljava/awt/AWTEvent;)V (80 bytes) @ 0x01ead4d4 [0x01ead210+0x2c4]
J 442 C1 java.awt.EventDispatchThread.pumpOneEventForFilters(I)V (295 bytes) @ 0x01e51adc [0x01e513d0+0x70c]
j  java.awt.EventDispatchThread.pumpEventsForFilter(ILjava/awt/Conditional;Ljava/awt/EventFilter;)V+35
j  java.awt.EventDispatchThread.pumpEventsForHierarchy(ILjava/awt/Conditional;Ljava/awt/Component;)V+11
j  java.awt.EventDispatchThread.pumpEvents(ILjava/awt/Conditional;)V+4
j  java.awt.EventDispatchThread.pumpEvents(Ljava/awt/Conditional;)V+3
j  java.awt.EventDispatchThread.run()V+9
v  ~StubRoutines::call_stub

---------------  P R O C E S S  ---------------

Java Threads: ( => current thread )
  0x14384800 JavaThread "SwingWorker-pool-2-thread-1" daemon [_thread_blocked, id=4804, stack(0x15270000,0x152c0000)]
  0x155adc00 JavaThread "Swing-Shell" daemon [_thread_blocked, id=3932, stack(0x149a0000,0x149f0000)]
  0x155c1400 JavaThread "TimerQueue" daemon [_thread_blocked, id=5256, stack(0x14da0000,0x14df0000)]
  0x153d7400 JavaThread "org.netbeans.modules.debugger.jpda.visual AWT Access Loop" daemon [_thread_blocked, id=4632, stack(0x158a0000,0x158f0000)]
  0x00accc00 JavaThread "DestroyJavaVM" [_thread_blocked, id=3596, stack(0x00b80000,0x00bd0000)]
=>0x1445d400 JavaThread "AWT-EventQueue-0" [_thread_in_native, id=5024, stack(0x14a70000,0x14ac0000)]
  0x1441b800 JavaThread "AWT-Windows" daemon [_thread_in_native, id=884, stack(0x03d30000,0x03d80000)]
  0x14416800 JavaThread "AWT-Shutdown" [_thread_blocked, id=5840, stack(0x14b10000,0x14b60000)]
  0x14416000 JavaThread "Java2D Disposer" daemon [_thread_blocked, id=1708, stack(0x14a00000,0x14a50000)]
  0x142f4c00 JavaThread "Service Thread" daemon [_thread_blocked, id=5448, stack(0x14800000,0x14850000)]
  0x142d6c00 JavaThread "C1 CompilerThread0" daemon [_thread_blocked, id=4120, stack(0x147a0000,0x147f0000)]
  0x142cf800 JavaThread "JDWP Command Reader" daemon [_thread_in_native, id=5652, stack(0x146f0000,0x14740000)]
  0x142ce400 JavaThread "JDWP Event Helper Thread" daemon [_thread_blocked, id=4944, stack(0x145b0000,0x14600000)]
  0x142cd000 JavaThread "JDWP Transport Listener: dt_shmem" daemon [_thread_blocked, id=1116, stack(0x00f50000,0x00fa0000)]
  0x142bb400 JavaThread "Attach Listener" daemon [_thread_blocked, id=5540, stack(0x14550000,0x145a0000)]
  0x142b8400 JavaThread "Signal Dispatcher" daemon [_thread_blocked, id=4708, stack(0x01080000,0x010d0000)]
  0x14281800 JavaThread "Finalizer" daemon [_thread_blocked, id=3800, stack(0x144b0000,0x14500000)]
  0x1427b800 JavaThread "Reference Handler" daemon [_thread_blocked, id=5504, stack(0x03db0000,0x03e00000)]

Other Threads:
  0x14278400 VMThread [stack: 0x00fa0000,0x00ff0000] [id=5696]
  0x142f6400 WatcherThread [stack: 0x14850000,0x148a0000] [id=5060]

VM state:not at safepoint (normal execution)

VM Mutex/Monitor currently owned by a thread: None

Heap:
 def new generation   total 4992K, used 3401K [0x03e00000, 0x04360000, 0x09350000)
  eden space 4480K,  72% used [0x03e00000, 0x041312f0, 0x04260000)
  from space 512K,  25% used [0x042e0000, 0x043013b8, 0x04360000)
  to   space 512K,   0% used [0x04260000, 0x04260000, 0x042e0000)
 tenured generation   total 10944K, used 10058K [0x09350000, 0x09e00000, 0x13e00000)
   the space 10944K,  91% used [0x09350000, 0x09d22ba8, 0x09d22c00, 0x09e00000)
 Metaspace       used 8905K, capacity 8942K, committed 9088K, reserved 9600K

Card table byte_map: [0x00ad0000,0x00b60000] byte_map_base: 0x00ab1000

Polling page: 0x00150000

CodeCache: size=32768Kb used=2644Kb max_used=2644Kb free=30124Kb
 bounds [0x01d10000, 0x01fa8000, 0x03d10000]
 total_blobs=1652 nmethods=1427 adapters=162
 compilation: enabled

Compilation events (10 events):
Event: 77.223 Thread 0x142d6c00 1427             sun.java2d.windows.GDIWindowSurfaceData::getBounds (20 bytes)
Event: 77.223 Thread 0x142d6c00 nmethod 1427 0x01fa36c8 code [0x01fa37d0, 0x01fa391c]
Event: 77.223 Thread 0x142d6c00 1428             javax.swing.plaf.basic.BasicButtonUI::paint (161 bytes)
Event: 77.224 Thread 0x142d6c00 nmethod 1428 0x01fa3a88 code [0x01fa3c70, 0x01fa40a0]
Event: 77.224 Thread 0x142d6c00 1429             javax.swing.plaf.basic.BasicButtonUI::clearTextShiftOffset (6 bytes)
Event: 77.224 Thread 0x142d6c00 nmethod 1429 0x01fa4708 code [0x01fa4800, 0x01fa4880]
Event: 77.224 Thread 0x142d6c00 1430             sun.java2d.windows.GDIWindowSurfaceData::validatePipe (282 bytes)
Event: 77.225 Thread 0x142d6c00 nmethod 1430 0x01fa48c8 code [0x01fa4a00, 0x01fa4d40]
Event: 77.225 Thread 0x142d6c00 1431             sun.java2d.windows.GDIWindowSurfaceData::getRenderLoops (31 bytes)
Event: 77.225 Thread 0x142d6c00 nmethod 1431 0x01fa4e88 code [0x01fa4f90, 0x01fa505c]

GC Heap History (10 events):
Event: 72.769 GC heap before
{Heap before GC invocations=80 (full 7):
 def new generation   total 4992K, used 4986K [0x03e00000, 0x04360000, 0x09350000)
  eden space 4480K, 100% used [0x03e00000, 0x04260000, 0x04260000)
  from space 512K,  98% used [0x04260000, 0x042dea78, 0x042e0000)
  to   space 512K,   0% used [0x042e0000, 0x042e0000, 0x04360000)
 tenured generation   total 10944K, used 9568K [0x09350000, 0x09e00000, 0x13e00000)
   the space 10944K,  87% used [0x09350000, 0x09ca80c0, 0x09ca8200, 0x09e00000)
 Metaspace       used 8903K, capacity 8942K, committed 9088K, reserved 9600K
Event: 72.771 GC heap after
Heap after GC invocations=81 (full 7):
 def new generation   total 4992K, used 23K [0x03e00000, 0x04360000, 0x09350000)
  eden space 4480K,   0% used [0x03e00000, 0x03e00000, 0x04260000)
  from space 512K,   4% used [0x042e0000, 0x042e5e88, 0x04360000)
  to   space 512K,   0% used [0x04260000, 0x04260000, 0x042e0000)
 tenured generation   total 10944K, used 10058K [0x09350000, 0x09e00000, 0x13e00000)
   the space 10944K,  91% used [0x09350000, 0x09d22ba8, 0x09d22c00, 0x09e00000)
 Metaspace       used 8903K, capacity 8942K, committed 9088K, reserved 9600K
}
Event: 74.382 GC heap before
{Heap before GC invocations=81 (full 7):
 def new generation   total 4992K, used 4503K [0x03e00000, 0x04360000, 0x09350000)
  eden space 4480K, 100% used [0x03e00000, 0x04260000, 0x04260000)
  from space 512K,   4% used [0x042e0000, 0x042e5e88, 0x04360000)
  to   space 512K,   0% used [0x04260000, 0x04260000, 0x042e0000)
 tenured generation   total 10944K, used 10058K [0x09350000, 0x09e00000, 0x13e00000)
   the space 10944K,  91% used [0x09350000, 0x09d22ba8, 0x09d22c00, 0x09e00000)
 Metaspace       used 8905K, capacity 8942K, committed 9088K, reserved 9600K
Event: 74.384 GC heap after
Heap after GC invocations=82 (full 7):
 def new generation   total 4992K, used 64K [0x03e00000, 0x04360000, 0x09350000)
  eden space 4480K,   0% used [0x03e00000, 0x03e00000, 0x04260000)
  from space 512K,  12% used [0x04260000, 0x042700c0, 0x042e0000)
  to   space 512K,   0% used [0x042e0000, 0x042e0000, 0x04360000)
 tenured generation   total 10944K, used 10058K [0x09350000, 0x09e00000, 0x13e00000)
   the space 10944K,  91% used [0x09350000, 0x09d22ba8, 0x09d22c00, 0x09e00000)
 Metaspace       used 8905K, capacity 8942K, committed 9088K, reserved 9600K
}
Event: 74.398 GC heap before
{Heap before GC invocations=82 (full 7):
 def new generation   total 4992K, used 4544K [0x03e00000, 0x04360000, 0x09350000)
  eden space 4480K, 100% used [0x03e00000, 0x04260000, 0x04260000)
  from space 512K,  12% used [0x04260000, 0x042700c0, 0x042e0000)
  to   space 512K,   0% used [0x042e0000, 0x042e0000, 0x04360000)
 tenured generation   total 10944K, used 10058K [0x09350000, 0x09e00000, 0x13e00000)
   the space 10944K,  91% used [0x09350000, 0x09d22ba8, 0x09d22c00, 0x09e00000)
 Metaspace       used 8905K, capacity 8942K, committed 9088K, reserved 9600K
Event: 74.400 GC heap after
Heap after GC invocations=83 (full 7):
 def new generation   total 4992K, used 122K [0x03e00000, 0x04360000, 0x09350000)
  eden space 4480K,   0% used [0x03e00000, 0x03e00000, 0x04260000)
  from space 512K,  23% used [0x042e0000, 0x042fe970, 0x04360000)
  to   space 512K,   0% used [0x04260000, 0x04260000, 0x042e0000)
 tenured generation   total 10944K, used 10058K [0x09350000, 0x09e00000, 0x13e00000)
   the space 10944K,  91% used [0x09350000, 0x09d22ba8, 0x09d22c00, 0x09e00000)
 Metaspace       used 8905K, capacity 8942K, committed 9088K, reserved 9600K
}
Event: 74.409 GC heap before
{Heap before GC invocations=83 (full 7):
 def new generation   total 4992K, used 4602K [0x03e00000, 0x04360000, 0x09350000)
  eden space 4480K, 100% used [0x03e00000, 0x04260000, 0x04260000)
  from space 512K,  23% used [0x042e0000, 0x042fe970, 0x04360000)
  to   space 512K,   0% used [0x04260000, 0x04260000, 0x042e0000)
 tenured generation   total 10944K, used 10058K [0x09350000, 0x09e00000, 0x13e00000)
   the space 10944K,  91% used [0x09350000, 0x09d22ba8, 0x09d22c00, 0x09e00000)
 Metaspace       used 8905K, capacity 8942K, committed 9088K, reserved 9600K
Event: 74.410 GC heap after
Heap after GC invocations=84 (full 7):
 def new generation   total 4992K, used 126K [0x03e00000, 0x04360000, 0x09350000)
  eden space 4480K,   0% used [0x03e00000, 0x03e00000, 0x04260000)
  from space 512K,  24% used [0x04260000, 0x0427fb38, 0x042e0000)
  to   space 512K,   0% used [0x042e0000, 0x042e0000, 0x04360000)
 tenured generation   total 10944K, used 10058K [0x09350000, 0x09e00000, 0x13e00000)
   the space 10944K,  91% used [0x09350000, 0x09d22ba8, 0x09d22c00, 0x09e00000)
 Metaspace       used 8905K, capacity 8942K, committed 9088K, reserved 9600K
}
Event: 74.419 GC heap before
{Heap before GC invocations=84 (full 7):
 def new generation   total 4992K, used 4606K [0x03e00000, 0x04360000, 0x09350000)
  eden space 4480K, 100% used [0x03e00000, 0x04260000, 0x04260000)
  from space 512K,  24% used [0x04260000, 0x0427fb38, 0x042e0000)
  to   space 512K,   0% used [0x042e0000, 0x042e0000, 0x04360000)
 tenured generation   total 10944K, used 10058K [0x09350000, 0x09e00000, 0x13e00000)
   the space 10944K,  91% used [0x09350000, 0x09d22ba8, 0x09d22c00, 0x09e00000)
 Metaspace       used 8905K, capacity 8942K, committed 9088K, reserved 9600K
Event: 74.421 GC heap after
Heap after GC invocations=85 (full 7):
 def new generation   total 4992K, used 132K [0x03e00000, 0x04360000, 0x09350000)
  eden space 4480K,   0% used [0x03e00000, 0x03e00000, 0x04260000)
  from space 512K,  25% used [0x042e0000, 0x043013b8, 0x04360000)
  to   space 512K,   0% used [0x04260000, 0x04260000, 0x042e0000)
 tenured generation   total 10944K, used 10058K [0x09350000, 0x09e00000, 0x13e00000)
   the space 10944K,  91% used [0x09350000, 0x09d22ba8, 0x09d22c00, 0x09e00000)
 Metaspace       used 8905K, capacity 8942K, committed 9088K, reserved 9600K
}

Deoptimization events (0 events):
No events

Internal exceptions (10 events):
Event: 28.169 Thread 0x1445d400 Exception <a 'java/security/PrivilegedActionException'> (0x0422b858) thrown at [D:\re\workspace\8-2-build-windows-i586-cygwin\jdk8\2238\hotspot\src\share\vm\prims\jvm.cpp, line 1248]
Event: 28.170 Thread 0x1445d400 Exception <a 'java/security/PrivilegedActionException'> (0x0422d7d0) thrown at [D:\re\workspace\8-2-build-windows-i586-cygwin\jdk8\2238\hotspot\src\share\vm\prims\jvm.cpp, line 1248]
Event: 28.176 Thread 0x1445d400 Exception <a 'java/security/PrivilegedActionException'> (0x03e11a68) thrown at [D:\re\workspace\8-2-build-windows-i586-cygwin\jdk8\2238\hotspot\src\share\vm\prims\jvm.cpp, line 1248]
Event: 28.179 Thread 0x1445d400 Exception <a 'java/security/PrivilegedActionException'> (0x03f0c300) thrown at [D:\re\workspace\8-2-build-windows-i586-cygwin\jdk8\2238\hotspot\src\share\vm\prims\jvm.cpp, line 1248]
Event: 28.181 Thread 0x1445d400 Exception <a 'java/security/PrivilegedActionException'> (0x03f271e8) thrown at [D:\re\workspace\8-2-build-windows-i586-cygwin\jdk8\2238\hotspot\src\share\vm\prims\jvm.cpp, line 1248]
Event: 28.181 Thread 0x1445d400 Exception <a 'java/security/PrivilegedActionException'> (0x03f29038) thrown at [D:\re\workspace\8-2-build-windows-i586-cygwin\jdk8\2238\hotspot\src\share\vm\prims\jvm.cpp, line 1248]
Event: 28.182 Thread 0x1445d400 Exception <a 'java/security/PrivilegedActionException'> (0x03f2aef8) thrown at [D:\re\workspace\8-2-build-windows-i586-cygwin\jdk8\2238\hotspot\src\share\vm\prims\jvm.cpp, line 1248]
Event: 28.182 Thread 0x1445d400 Exception <a 'java/security/PrivilegedActionException'> (0x03f2cd20) thrown at [D:\re\workspace\8-2-build-windows-i586-cygwin\jdk8\2238\hotspot\src\share\vm\prims\jvm.cpp, line 1248]
Event: 28.184 Thread 0x1445d400 Exception <a 'java/security/PrivilegedActionException'> (0x03f999f8) thrown at [D:\re\workspace\8-2-build-windows-i586-cygwin\jdk8\2238\hotspot\src\share\vm\prims\jvm.cpp, line 1248]
Event: 28.188 Thread 0x1445d400 Exception <a 'java/security/PrivilegedActionException'> (0x040b10e0) thrown at [D:\re\workspace\8-2-build-windows-i586-cygwin\jdk8\2238\hotspot\src\share\vm\prims\jvm.cpp, line 1248]

Events (10 events):
Event: 74.400 Executing VM operation: GenCollectForAllocation done
Event: 74.409 Executing VM operation: GenCollectForAllocation
Event: 74.410 Executing VM operation: GenCollectForAllocation done
Event: 74.419 Executing VM operation: GenCollectForAllocation
Event: 74.421 Executing VM operation: GenCollectForAllocation done
Event: 74.424 Executing VM operation: BulkRevokeBias
Event: 74.424 Executing VM operation: BulkRevokeBias done
Event: 76.975 Executing VM operation: RevokeBias
Event: 76.975 Executing VM operation: RevokeBias done
Event: 76.975 Thread 0x154ce400 Thread exited: 0x154ce400


Dynamic libraries:
0x010e0000 - 0x01110000 	C:\Program Files\Java\jdk1.8.0\jre\bin\java.exe
0x76de0000 - 0x76f1c000 	C:\Windows\SYSTEM32\ntdll.dll
0x754b0000 - 0x75584000 	C:\Windows\system32\kernel32.dll
0x74f10000 - 0x74f5b000 	C:\Windows\system32\KERNELBASE.dll
0x76b10000 - 0x76bb0000 	C:\Windows\system32\ADVAPI32.dll
0x76660000 - 0x7670c000 	C:\Windows\system32\msvcrt.dll
0x76ff0000 - 0x77009000 	C:\Windows\SYSTEM32\sechost.dll
0x765b0000 - 0x76652000 	C:\Windows\system32\RPCRT4.dll
0x75160000 - 0x75229000 	C:\Windows\system32\USER32.dll
0x76d90000 - 0x76dde000 	C:\Windows\system32\GDI32.dll
0x75470000 - 0x7547a000 	C:\Windows\system32\LPK.dll
0x753d0000 - 0x7546d000 	C:\Windows\system32\USP10.dll
0x73960000 - 0x73afe000 	C:\Windows\WinSxS\x86_microsoft.windows.common-controls_6595b64144ccf1df_6.0.7601.17514_none_41e6975e2bd6f2b2\COMCTL32.dll
0x76bb0000 - 0x76c07000 	C:\Windows\system32\SHLWAPI.dll
0x75490000 - 0x754af000 	C:\Windows\system32\IMM32.DLL
0x76770000 - 0x7683c000 	C:\Windows\system32\MSCTF.dll
0x6b9f0000 - 0x6baaf000 	C:\Program Files\Java\jdk1.8.0\jre\bin\msvcr100.dll
0x5f7e0000 - 0x5fb76000 	C:\Program Files\Java\jdk1.8.0\jre\bin\client\jvm.dll
0x72080000 - 0x72087000 	C:\Windows\system32\WSOCK32.dll
0x75230000 - 0x75265000 	C:\Windows\system32\WS2_32.dll
0x75590000 - 0x75596000 	C:\Windows\system32\NSI.dll
0x73410000 - 0x73442000 	C:\Windows\system32\WINMM.dll
0x75480000 - 0x75485000 	C:\Windows\system32\PSAPI.DLL
0x6c9e0000 - 0x6ca15000 	C:\Program Files\Java\jdk1.8.0\jre\bin\splashscreen.dll
0x714c0000 - 0x714cc000 	C:\Program Files\Java\jdk1.8.0\jre\bin\verify.dll
0x6fdc0000 - 0x6fde1000 	C:\Program Files\Java\jdk1.8.0\jre\bin\java.dll
0x63890000 - 0x638b9000 	C:\Program Files\Java\jdk1.8.0\jre\bin\jdwp.dll
0x6fba0000 - 0x6fba7000 	C:\Program Files\Java\jdk1.8.0\jre\bin\npt.dll
0x6bc30000 - 0x6bc43000 	C:\Program Files\Java\jdk1.8.0\jre\bin\zip.dll
0x757c0000 - 0x7640a000 	C:\Windows\system32\SHELL32.dll
0x75270000 - 0x753cc000 	C:\Windows\system32\ole32.dll
0x74e50000 - 0x74e5b000 	C:\Windows\system32\profapi.dll
0x6fd10000 - 0x6fd19000 	C:\Program Files\Java\jdk1.8.0\jre\bin\dt_shmem.dll
0x6afc0000 - 0x6b056000 	D:\Users\pwof\Documents\Argus\Java\muargus\libmuargusdll.dll
0x6e940000 - 0x6e964000 	D:\Users\pwof\Documents\Argus\Java\muargus\libgcc_s_dw2-1.dll
0x148a0000 - 0x149a0000 	D:\Users\pwof\Documents\Argus\Java\muargus\libstdc++-6.dll
0x62e10000 - 0x62f55000 	C:\Program Files\Java\jdk1.8.0\jre\bin\awt.dll
0x768c0000 - 0x7694f000 	C:\Windows\system32\OLEAUT32.dll
0x73c50000 - 0x73c90000 	C:\Windows\system32\uxtheme.dll
0x73050000 - 0x73063000 	C:\Windows\system32\dwmapi.dll
0x74d30000 - 0x74d3c000 	C:\Windows\system32\CRYPTBASE.dll
0x6bbf0000 - 0x6bc29000 	C:\Program Files\Java\jdk1.8.0\jre\bin\fontmanager.dll
0x6f9b0000 - 0x6f9c4000 	C:\Program Files\Java\jdk1.8.0\jre\bin\net.dll
0x74780000 - 0x747bc000 	C:\Windows\system32\mswsock.dll
0x749d0000 - 0x749d6000 	C:\Windows\System32\wship6.dll
0x72690000 - 0x7269f000 	C:\Program Files\Java\jdk1.8.0\jre\bin\nio.dll
0x6b9c0000 - 0x6b9f0000 	C:\Program Files\Java\jdk1.8.0\jre\bin\t2k.dll
0x76f60000 - 0x76fe3000 	C:\Windows\system32\CLBCatQ.DLL
0x71080000 - 0x71087000 	C:\Windows\system32\msiltcfg.dll
0x742f0000 - 0x742f9000 	C:\Windows\system32\VERSION.dll
0x71090000 - 0x712d5000 	C:\Windows\system32\msi.dll
0x70dc0000 - 0x70dc3000 	C:\Windows\system32\SFC.DLL
0x70db0000 - 0x70dbd000 	C:\Windows\system32\sfc_os.DLL
0x70ff0000 - 0x71074000 	C:\Windows\WinSxS\x86_microsoft.windows.common-controls_6595b64144ccf1df_5.82.7601.18201_none_ec80f00e8593ece5\comctl32.dll
0x76410000 - 0x765ad000 	C:\Windows\system32\SETUPAPI.dll
0x74e60000 - 0x74e87000 	C:\Windows\system32\CFGMGR32.dll
0x74f60000 - 0x74f72000 	C:\Windows\system32\DEVOBJ.dll
0x73b00000 - 0x73bf5000 	C:\Windows\system32\propsys.dll
0x73db0000 - 0x73dd1000 	C:\Windows\system32\ntmarta.dll
0x76c10000 - 0x76c55000 	C:\Windows\system32\WLDAP32.dll
0x74ce0000 - 0x74d2c000 	C:\Windows\system32\apphelp.dll
0x63020000 - 0x631b8000 	C:\Windows\system32\NetworkExplorer.dll
0x6d890000 - 0x6d8bf000 	C:\Windows\System32\shdocvw.dll
0x73460000 - 0x7346a000 	C:\Windows\system32\slc.dll
0x72a20000 - 0x72b50000 	C:\Windows\system32\WindowsCodecs.dll
0x6db00000 - 0x6db23000 	D:\Users\pwof\AppData\Roaming\Dropbox\bin\DropboxExt.24.dll
0x71f90000 - 0x7207b000 	C:\Windows\system32\dbghelp.dll
0x6da70000 - 0x6dafe000 	C:\Windows\WinSxS\x86_microsoft.vc90.crt_1fc8b3b9a1e18e3b_9.0.30729.6161_none_50934f2ebcb7eb57\MSVCP90.dll
0x70830000 - 0x708d3000 	C:\Windows\WinSxS\x86_microsoft.vc90.crt_1fc8b3b9a1e18e3b_9.0.30729.6161_none_50934f2ebcb7eb57\MSVCR90.dll
0x6da30000 - 0x6da61000 	C:\Windows\system32\EhStorShell.dll
0x6d9a0000 - 0x6da2f000 	C:\Program Files\Google\Drive\googledrivesync32.dll
0x717a0000 - 0x717b2000 	C:\Windows\system32\MPR.dll
0x6e180000 - 0x6e188000 	C:\Windows\System32\drprov.dll
0x74da0000 - 0x74dc9000 	C:\Windows\System32\WINSTA.dll
0x64010000 - 0x64024000 	C:\Windows\System32\ntlanman.dll
0x63d20000 - 0x63d37000 	C:\Windows\System32\davclnt.dll
0x6dbf0000 - 0x6dbf8000 	C:\Windows\System32\DAVHLPR.dll
0x72fc0000 - 0x72fcf000 	C:\Windows\system32\wkscli.dll
0x71d30000 - 0x71d3b000 	C:\Windows\system32\cscapi.dll
0x73000000 - 0x73009000 	C:\Windows\system32\netutils.dll
0x60e10000 - 0x61048000 	C:\Windows\system32\wpdshext.dll
0x737d0000 - 0x73960000 	C:\Windows\WinSxS\x86_microsoft.windows.gdiplus_6595b64144ccf1df_1.1.7601.18455_none_72d576ad8665e853\gdiplus.dll
0x6fab0000 - 0x6fb39000 	C:\Windows\system32\PortableDeviceApi.dll
0x74ed0000 - 0x74efe000 	C:\Windows\system32\WINTRUST.dll
0x74fa0000 - 0x750c0000 	C:\Windows\system32\CRYPT32.dll
0x74e40000 - 0x74e4c000 	C:\Windows\system32\MSASN1.dll
0x6f3d0000 - 0x6f3fb000 	C:\Windows\system32\PortableDeviceTypes.dll
0x60170000 - 0x601af000 	C:\Windows\system32\audiodev.dll
0x6f4b0000 - 0x6f717000 	C:\Windows\system32\WMVCore.DLL
0x6f470000 - 0x6f4ad000 	C:\Windows\system32\WMASF.DLL
0x64240000 - 0x64262000 	C:\Windows\system32\EhStorAPI.dll
0x6d780000 - 0x6d789000 	C:\Windows\system32\LINKINFO.dll
0x63c80000 - 0x63d20000 	C:\Windows\system32\SearchFolder.dll
0x72fd0000 - 0x72fff000 	C:\Windows\system32\XmlLite.dll
0x74840000 - 0x74856000 	C:\Windows\system32\CRYPTSP.dll
0x745d0000 - 0x7460b000 	C:\Windows\system32\rsaenh.dll
0x74dd0000 - 0x74dde000 	C:\Windows\system32\RpcRtRemote.dll
0x74c90000 - 0x74c98000 	C:\Windows\system32\Secur32.dll
0x74cc0000 - 0x74cdb000 	C:\Windows\system32\SSPICLI.DLL

VM Arguments:
jvm_args: -Xdebug -Xrunjdwp:transport=dt_shmem,address=javadebug -Dfile.encoding=UTF-8 
java_command: muargus.MuARGUS
java_class_path (initial): C:\Program Files\NetBeans 8.0\java\modules\ext\beansbinding-1.2.1.jar;D:\Users\pwof\Documents\Argus\Java\arguslibrary\dist\ArgusLib.jar;D:\Users\pwof\Documents\Argus\Java\muargus\lib\commons-io-2.4.jar;D:\Users\pwof\Documents\Argus\Java\muargus\lib\commons-lang3-3.1.jar;D:\Users\pwof\Documents\Argus\Java\muargus\build\classes
Launcher Type: SUN_STANDARD

Environment Variables:
PATH=C:\Windows\system32;C:\Windows;C:\Windows\System32\Wbem;C:\Windows\System32\WindowsPowerShell\v1.0\;C:\Program Files\Microsoft SQL Server\90\Tools\binn\;C:\Program Files\MiKTeX 2.9\miktex\bin\;C:\MinGW\bin;C:\MinGW\msys\1.0\bin;C:\strawberry\c\bin;C:\strawberry\perl\site\bin;C:\strawberry\perl\bin;C:\Program Files\AMD\CodeAnalyst\bin;C:\Program Files\doxygen\bin;C:\Program Files\Microsoft Windows Performance Toolkit\;C:\Program Files\IBM\RationalPurifyPlus
USERNAME=pwof
OS=Windows_NT
PROCESSOR_IDENTIFIER=x86 Family 6 Model 23 Stepping 10, GenuineIntel



---------------  S Y S T E M  ---------------

OS: Windows 7 Build 7601 Service Pack 1

CPU:total 4 (4 cores per cpu, 1 threads per core) family 6 model 23 stepping 10, cmov, cx8, fxsr, mmx, sse, sse2, sse3, ssse3, sse4.1, tsc

Memory: 4k page, physical 3600624k(1408256k free), swap 7199496k(4687400k free)

vm_info: Java HotSpot(TM) Client VM (25.0-b70) for windows-x86 JRE (1.8.0-b132), built on Mar  4 2014 03:51:15 by "java_re" with MS VC++ 10.0 (VS2010)

time: Tue Aug 26 09:01:07 2014
elapsed time: 77 seconds

