#
# A fatal error has been detected by the Java Runtime Environment:
#
#  EXCEPTION_ACCESS_VIOLATION (0xc0000005) at pc=0x15bce22c, pid=9136, tid=5916
#
# JRE version: Java(TM) SE Runtime Environment (8.0_11-b12) (build 1.8.0_11-b12)
# Java VM: Java HotSpot(TM) Client VM (25.11-b03 mixed mode, sharing windows-x86 )
# Problematic frame:
# C  0x15bce22c
#
# Failed to write core dump. Minidumps are not enabled by default on client versions of Windows
#
# If you would like to submit a bug report, please visit:
#   http://bugreport.sun.com/bugreport/crash.jsp
# The crash happened outside the Java Virtual Machine in native code.
# See problematic frame for where to report the bug.
#

---------------  T H R E A D  ---------------

Current thread (0x14f86800):  JavaThread "SwingWorker-pool-2-thread-1" daemon [_thread_in_native, id=5916, stack(0x15a60000,0x15ab0000)]

siginfo: ExceptionCode=0xc0000005, ExceptionInformation=0x00000008 0x15bce22c

Registers:
EAX=0x000cac80, EBX=0x15bce22c, ECX=0x000cac80, EDX=0x0000004b
ESP=0x15aa782c, EBP=0x15aa7848, ESI=0x143ee7d0, EDI=0x14f86800
EIP=0x15bce22c, EFLAGS=0x00010216

Top of Stack: (sp=0x15aa782c)
0x15aa782c:   6afc1a08 0000004b 00000049 15aaf9dc
0x15aa783c:   000c3a78 47f51395 00001e00 15aaf598
0x15aa784c:   6afc21f6 0000004b 15aa7870 76da2960
0x15aa785c:   00000000 004b0000 027f0c7f 0004d260
0x15aa786c:   000c3a78 36322020 31393332 31303232
0x15aa787c:   30313532 36203120 32323234 32323232
0x15aa788c:   30303735 30303030 37373930 31373737
0x15aa789c:   332e3831 36202030 30373133 34372030 

Instructions: (pc=0x15bce22c)
0x15bce20c:   30 35 32 30 00 00 00 00 00 00 00 00 7c 35 00 03
0x15bce21c:   00 00 00 8f 04 00 00 00 04 00 00 00 00 00 00 00
0x15bce22c:   20 20 34 34 00 00 00 00 00 00 00 00 78 35 00 03
0x15bce23c:   00 00 00 8f 04 00 00 00 04 00 00 00 00 00 00 00 


Register to memory mapping:

EAX=0x000cac80 is an unknown value
EBX=0x15bce22c is an unknown value
ECX=0x000cac80 is an unknown value
EDX=0x0000004b is an unknown value
ESP=0x15aa782c is pointing into the stack for thread: 0x14f86800
EBP=0x15aa7848 is pointing into the stack for thread: 0x14f86800
ESI=0x143ee7d0 is an unknown value
EDI=0x14f86800 is a thread


Stack: [0x15a60000,0x15ab0000],  sp=0x15aa782c,  free space=286k
Native frames: (J=compiled Java code, j=interpreted, Vv=VM code, C=native code)
C  0x15bce22c
C  [libmuargusdll.dll+0x21f6]
C  [libmuargusdll.dll+0x1965a]
j  muargus.extern.dataengine.MuArgusCtrlJNI.CMuArgCtrl_ExploreFile(JLmuargus/extern/dataengine/CMuArgCtrl;Ljava/lang/String;[I[I[I)Z+0
j  muargus.extern.dataengine.CMuArgCtrl.ExploreFile(Ljava/lang/String;[I[I[I)Z+10
j  muargus.controller.CalculationService.exploreInBackground()V+216
j  muargus.controller.CalculationService.executeInBackground(Lmuargus/controller/CalculationService$BackgroundTask;)V+56
j  muargus.controller.CalculationService.access$100(Lmuargus/controller/CalculationService;Lmuargus/controller/CalculationService$BackgroundTask;)V+2
j  muargus.controller.CalculationService$2.doInBackground()Ljava/lang/Void;+8
j  muargus.controller.CalculationService$2.doInBackground()Ljava/lang/Object;+1
j  javax.swing.SwingWorker$1.call()Ljava/lang/Object;+14
j  java.util.concurrent.FutureTask.run()V+42
j  javax.swing.SwingWorker.run()V+4
j  java.util.concurrent.ThreadPoolExecutor.runWorker(Ljava/util/concurrent/ThreadPoolExecutor$Worker;)V+95
j  java.util.concurrent.ThreadPoolExecutor$Worker.run()V+5
j  java.lang.Thread.run()V+11
v  ~StubRoutines::call_stub
V  [jvm.dll+0x142295]
V  [jvm.dll+0x2073ae]
V  [jvm.dll+0x14232e]
V  [jvm.dll+0x1424b6]
V  [jvm.dll+0x142527]
V  [jvm.dll+0xedebf]
V  [jvm.dll+0x1646ac]
V  [jvm.dll+0x164f3a]
V  [jvm.dll+0x1a9316]
C  [msvcr100.dll+0x5c556]
C  [msvcr100.dll+0x5c600]
C  [kernel32.dll+0x4ee1c]
C  [ntdll.dll+0x637eb]
C  [ntdll.dll+0x637be]

Java frames: (J=compiled Java code, j=interpreted, Vv=VM code)
j  muargus.extern.dataengine.MuArgusCtrlJNI.CMuArgCtrl_ExploreFile(JLmuargus/extern/dataengine/CMuArgCtrl;Ljava/lang/String;[I[I[I)Z+0
j  muargus.extern.dataengine.CMuArgCtrl.ExploreFile(Ljava/lang/String;[I[I[I)Z+10
j  muargus.controller.CalculationService.exploreInBackground()V+216
j  muargus.controller.CalculationService.executeInBackground(Lmuargus/controller/CalculationService$BackgroundTask;)V+56
j  muargus.controller.CalculationService.access$100(Lmuargus/controller/CalculationService;Lmuargus/controller/CalculationService$BackgroundTask;)V+2
j  muargus.controller.CalculationService$2.doInBackground()Ljava/lang/Void;+8
j  muargus.controller.CalculationService$2.doInBackground()Ljava/lang/Object;+1
j  javax.swing.SwingWorker$1.call()Ljava/lang/Object;+14
j  java.util.concurrent.FutureTask.run()V+42
j  javax.swing.SwingWorker.run()V+4
j  java.util.concurrent.ThreadPoolExecutor.runWorker(Ljava/util/concurrent/ThreadPoolExecutor$Worker;)V+95
j  java.util.concurrent.ThreadPoolExecutor$Worker.run()V+5
j  java.lang.Thread.run()V+11
v  ~StubRoutines::call_stub

---------------  P R O C E S S  ---------------

Java Threads: ( => current thread )
=>0x14f86800 JavaThread "SwingWorker-pool-2-thread-1" daemon [_thread_in_native, id=5916, stack(0x15a60000,0x15ab0000)]
  0x177e1000 JavaThread "TimerQueue" daemon [_thread_blocked, id=12140, stack(0x15b00000,0x15b50000)]
  0x177d4800 JavaThread "Swing-Shell" daemon [_thread_blocked, id=11296, stack(0x15810000,0x15860000)]
  0x177c4800 JavaThread "D3D Screen Updater" daemon [_thread_blocked, id=8268, stack(0x18580000,0x185d0000)]
  0x0091c000 JavaThread "DestroyJavaVM" [_thread_blocked, id=11344, stack(0x009b0000,0x00a00000)]
  0x15049c00 JavaThread "AWT-EventQueue-0" [_thread_blocked, id=712, stack(0x155b0000,0x15600000)]
  0x14ff9c00 JavaThread "AWT-Windows" daemon [_thread_in_native, id=11640, stack(0x00e90000,0x00ee0000)]
  0x14ff9000 JavaThread "AWT-Shutdown" [_thread_blocked, id=10168, stack(0x154b0000,0x15500000)]
  0x14ff6400 JavaThread "Java2D Disposer" daemon [_thread_blocked, id=6408, stack(0x14db0000,0x14e00000)]
  0x007c3c00 JavaThread "Service Thread" daemon [_thread_blocked, id=5080, stack(0x14e00000,0x14e50000)]
  0x007a4000 JavaThread "C1 CompilerThread0" daemon [_thread_blocked, id=11996, stack(0x14760000,0x147b0000)]
  0x007a3000 JavaThread "Attach Listener" daemon [_thread_blocked, id=9884, stack(0x146c0000,0x14710000)]
  0x0079f400 JavaThread "Signal Dispatcher" daemon [_thread_blocked, id=11192, stack(0x03b70000,0x03bc0000)]
  0x00791000 JavaThread "Finalizer" daemon [_thread_blocked, id=10304, stack(0x14630000,0x14680000)]
  0x0078c000 JavaThread "Reference Handler" daemon [_thread_blocked, id=10884, stack(0x00d70000,0x00dc0000)]

Other Threads:
  0x0078a000 VMThread [stack: 0x00e20000,0x00e70000] [id=8968]
  0x007cd400 WatcherThread [stack: 0x14ea0000,0x14ef0000] [id=2528]

VM state:not at safepoint (normal execution)

VM Mutex/Monitor currently owned by a thread: None

Heap:
 def new generation   total 4928K, used 644K [0x03c00000, 0x04150000, 0x09150000)
  eden space 4416K,   3% used [0x03c00000, 0x03c213e8, 0x04050000)
  from space 512K, 100% used [0x040d0000, 0x04150000, 0x04150000)
  to   space 512K,   0% used [0x04050000, 0x04050000, 0x040d0000)
 tenured generation   total 10944K, used 2582K [0x09150000, 0x09c00000, 0x13c00000)
   the space 10944K,  23% used [0x09150000, 0x093d5980, 0x093d5a00, 0x09c00000)
 Metaspace       used 2216K, capacity 2713K, committed 2752K, reserved 4480K

Card table byte_map: [0x00cd0000,0x00d60000] byte_map_base: 0x00cb2000

Polling page: 0x00190000

CodeCache: size=32768Kb used=1428Kb max_used=1428Kb free=31339Kb
 bounds [0x01b20000, 0x01c88000, 0x03b20000]
 total_blobs=838 nmethods=595 adapters=174
 compilation: enabled

Compilation events (10 events):
Event: 7.549 Thread 0x007a4000  593             java.util.WeakHashMap$HashIterator::hasNext (95 bytes)
Event: 7.549 Thread 0x007a4000 nmethod 593 0x01c80f48 code [0x01c81050, 0x01c811b0]
Event: 7.550 Thread 0x007a4000  594   !         javax.swing.JComponent::paintChildren (669 bytes)
Event: 7.554 Thread 0x007a4000 nmethod 594 0x01c81308 code [0x01c81620, 0x01c82668]
Event: 7.568 Thread 0x007a4000  595             java.lang.reflect.Array::newInstance (6 bytes)
Event: 7.568 Thread 0x007a4000 nmethod 595 0x01c844c8 code [0x01c845c0, 0x01c8463c]
Event: 7.596 Thread 0x007a4000  597             sun.java2d.pipe.RenderBuffer::put (91 bytes)
Event: 7.600 Thread 0x007a4000 nmethod 597 0x01c84688 code [0x01c84790, 0x01c8499c]
Event: 7.603 Thread 0x007a4000  598             java.awt.geom.AffineTransform::translate (547 bytes)
Event: 7.604 Thread 0x007a4000 nmethod 598 0x01c84b48 code [0x01c84c60, 0x01c8512c]

GC Heap History (6 events):
Event: 0.210 GC heap before
{Heap before GC invocations=0 (full 0):
 def new generation   total 4928K, used 4416K [0x03c00000, 0x04150000, 0x09150000)
  eden space 4416K, 100% used [0x03c00000, 0x04050000, 0x04050000)
  from space 512K,   0% used [0x04050000, 0x04050000, 0x040d0000)
  to   space 512K,   0% used [0x040d0000, 0x040d0000, 0x04150000)
 tenured generation   total 10944K, used 0K [0x09150000, 0x09c00000, 0x13c00000)
   the space 10944K,   0% used [0x09150000, 0x09150000, 0x09150200, 0x09c00000)
 Metaspace       used 1106K, capacity 2499K, committed 2624K, reserved 4480K
Event: 0.215 GC heap after
Heap after GC invocations=1 (full 0):
 def new generation   total 4928K, used 512K [0x03c00000, 0x04150000, 0x09150000)
  eden space 4416K,   0% used [0x03c00000, 0x03c00000, 0x04050000)
  from space 512K, 100% used [0x040d0000, 0x04150000, 0x04150000)
  to   space 512K,   0% used [0x04050000, 0x04050000, 0x040d0000)
 tenured generation   total 10944K, used 1071K [0x09150000, 0x09c00000, 0x13c00000)
   the space 10944K,   9% used [0x09150000, 0x0925bd88, 0x0925be00, 0x09c00000)
 Metaspace       used 1106K, capacity 2499K, committed 2624K, reserved 4480K
}
Event: 3.112 GC heap before
{Heap before GC invocations=1 (full 0):
 def new generation   total 4928K, used 4928K [0x03c00000, 0x04150000, 0x09150000)
  eden space 4416K, 100% used [0x03c00000, 0x04050000, 0x04050000)
  from space 512K, 100% used [0x040d0000, 0x04150000, 0x04150000)
  to   space 512K,   0% used [0x04050000, 0x04050000, 0x040d0000)
 tenured generation   total 10944K, used 1071K [0x09150000, 0x09c00000, 0x13c00000)
   the space 10944K,   9% used [0x09150000, 0x0925bd88, 0x0925be00, 0x09c00000)
 Metaspace       used 2056K, capacity 2615K, committed 2624K, reserved 4480K
Event: 3.131 GC heap after
Heap after GC invocations=2 (full 0):
 def new generation   total 4928K, used 512K [0x03c00000, 0x04150000, 0x09150000)
  eden space 4416K,   0% used [0x03c00000, 0x03c00000, 0x04050000)
  from space 512K, 100% used [0x04050000, 0x040d0000, 0x040d0000)
  to   space 512K,   0% used [0x040d0000, 0x040d0000, 0x04150000)
 tenured generation   total 10944K, used 2081K [0x09150000, 0x09c00000, 0x13c00000)
   the space 10944K,  19% used [0x09150000, 0x093586b0, 0x09358800, 0x09c00000)
 Metaspace       used 2056K, capacity 2615K, committed 2624K, reserved 4480K
}
Event: 7.597 GC heap before
{Heap before GC invocations=2 (full 0):
 def new generation   total 4928K, used 4928K [0x03c00000, 0x04150000, 0x09150000)
  eden space 4416K, 100% used [0x03c00000, 0x04050000, 0x04050000)
  from space 512K, 100% used [0x04050000, 0x040d0000, 0x040d0000)
  to   space 512K,   0% used [0x040d0000, 0x040d0000, 0x04150000)
 tenured generation   total 10944K, used 2081K [0x09150000, 0x09c00000, 0x13c00000)
   the space 10944K,  19% used [0x09150000, 0x093586b0, 0x09358800, 0x09c00000)
 Metaspace       used 2216K, capacity 2713K, committed 2752K, reserved 4480K
Event: 7.600 GC heap after
Heap after GC invocations=3 (full 0):
 def new generation   total 4928K, used 512K [0x03c00000, 0x04150000, 0x09150000)
  eden space 4416K,   0% used [0x03c00000, 0x03c00000, 0x04050000)
  from space 512K, 100% used [0x040d0000, 0x04150000, 0x04150000)
  to   space 512K,   0% used [0x04050000, 0x04050000, 0x040d0000)
 tenured generation   total 10944K, used 2582K [0x09150000, 0x09c00000, 0x13c00000)
   the space 10944K,  23% used [0x09150000, 0x093d5980, 0x093d5a00, 0x09c00000)
 Metaspace       used 2216K, capacity 2713K, committed 2752K, reserved 4480K
}

Deoptimization events (0 events):
No events

Internal exceptions (10 events):
Event: 5.389 Thread 0x15049c00 Exception <a 'java/security/PrivilegedActionException'> (0x03e983c8) thrown at [D:\re\puppet\workspace\8-2-build-windows-i586-cygwin\jdk8u11\648\hotspot\src\share\vm\prims\jvm.cpp, line 1248]
Event: 5.390 Thread 0x15049c00 Exception <a 'java/security/PrivilegedActionException'> (0x03e9a518) thrown at [D:\re\puppet\workspace\8-2-build-windows-i586-cygwin\jdk8u11\648\hotspot\src\share\vm\prims\jvm.cpp, line 1248]
Event: 5.391 Thread 0x15049c00 Exception <a 'java/security/PrivilegedActionException'> (0x03e9c6b8) thrown at [D:\re\puppet\workspace\8-2-build-windows-i586-cygwin\jdk8u11\648\hotspot\src\share\vm\prims\jvm.cpp, line 1248]
Event: 5.392 Thread 0x15049c00 Exception <a 'java/security/PrivilegedActionException'> (0x03e9e828) thrown at [D:\re\puppet\workspace\8-2-build-windows-i586-cygwin\jdk8u11\648\hotspot\src\share\vm\prims\jvm.cpp, line 1248]
Event: 5.393 Thread 0x15049c00 Exception <a 'java/security/PrivilegedActionException'> (0x03ea09d8) thrown at [D:\re\puppet\workspace\8-2-build-windows-i586-cygwin\jdk8u11\648\hotspot\src\share\vm\prims\jvm.cpp, line 1248]
Event: 5.418 Thread 0x15049c00 Exception <a 'java/security/PrivilegedActionException'> (0x03eb88a8) thrown at [D:\re\puppet\workspace\8-2-build-windows-i586-cygwin\jdk8u11\648\hotspot\src\share\vm\prims\jvm.cpp, line 1248]
Event: 5.424 Thread 0x15049c00 Exception <a 'java/security/PrivilegedActionException'> (0x03ec1540) thrown at [D:\re\puppet\workspace\8-2-build-windows-i586-cygwin\jdk8u11\648\hotspot\src\share\vm\prims\jvm.cpp, line 1248]
Event: 5.425 Thread 0x15049c00 Exception <a 'java/security/PrivilegedActionException'> (0x03ec4e10) thrown at [D:\re\puppet\workspace\8-2-build-windows-i586-cygwin\jdk8u11\648\hotspot\src\share\vm\prims\jvm.cpp, line 1248]
Event: 7.503 Thread 0x15049c00 Exception <a 'java/security/PrivilegedActionException'> (0x04030ed0) thrown at [D:\re\puppet\workspace\8-2-build-windows-i586-cygwin\jdk8u11\648\hotspot\src\share\vm\prims\jvm.cpp, line 1248]
Event: 7.509 Thread 0x14f86800 Exception <a 'java/security/PrivilegedActionException'> (0x04035cd8) thrown at [D:\re\puppet\workspace\8-2-build-windows-i586-cygwin\jdk8u11\648\hotspot\src\share\vm\prims\jvm.cpp, line 1248]

Events (10 events):
Event: 7.603 Executing VM operation: RevokeBias
Event: 7.603 Executing VM operation: RevokeBias done
Event: 7.603 Executing VM operation: RevokeBias
Event: 7.603 Executing VM operation: RevokeBias done
Event: 7.603 Executing VM operation: RevokeBias
Event: 7.603 Executing VM operation: RevokeBias done
Event: 7.603 Executing VM operation: RevokeBias
Event: 7.603 Executing VM operation: RevokeBias done
Event: 7.603 Executing VM operation: BulkRevokeBias
Event: 7.603 Executing VM operation: BulkRevokeBias done


Dynamic libraries:
0x00ef0000 - 0x00f20000 	C:\Program Files\Java\jdk1.8.0_11\jre\bin\java.exe
0x76e60000 - 0x76f9c000 	C:\Windows\SYSTEM32\ntdll.dll
0x751f0000 - 0x752c4000 	C:\Windows\system32\kernel32.dll
0x75160000 - 0x751ab000 	C:\Windows\system32\KERNELBASE.dll
0x76c60000 - 0x76d00000 	C:\Windows\system32\ADVAPI32.dll
0x76d00000 - 0x76dac000 	C:\Windows\system32\msvcrt.dll
0x75800000 - 0x75819000 	C:\Windows\SYSTEM32\sechost.dll
0x76fe0000 - 0x77082000 	C:\Windows\system32\RPCRT4.dll
0x755c0000 - 0x75689000 	C:\Windows\system32\USER32.dll
0x75690000 - 0x756de000 	C:\Windows\system32\GDI32.dll
0x75570000 - 0x7557a000 	C:\Windows\system32\LPK.dll
0x75be0000 - 0x75c7d000 	C:\Windows\system32\USP10.dll
0x73d20000 - 0x73ebe000 	C:\Windows\WinSxS\x86_microsoft.windows.common-controls_6595b64144ccf1df_6.0.7601.17514_none_41e6975e2bd6f2b2\COMCTL32.dll
0x75a70000 - 0x75ac7000 	C:\Windows\system32\SHLWAPI.dll
0x76fa0000 - 0x76fbf000 	C:\Windows\system32\IMM32.DLL
0x75ad0000 - 0x75b9c000 	C:\Windows\system32\MSCTF.dll
0x624e0000 - 0x6254b000 	c:\program files\f-secure\hips\fshook32.dll
0x76fd0000 - 0x76fd5000 	C:\Windows\system32\PSAPI.DLL
0x687c0000 - 0x6887f000 	C:\Program Files\Java\jdk1.8.0_11\jre\bin\msvcr100.dll
0x656c0000 - 0x65a57000 	C:\Program Files\Java\jdk1.8.0_11\jre\bin\client\jvm.dll
0x73240000 - 0x73247000 	C:\Windows\system32\WSOCK32.dll
0x75ba0000 - 0x75bd5000 	C:\Windows\system32\WS2_32.dll
0x76fc0000 - 0x76fc6000 	C:\Windows\system32\NSI.dll
0x73590000 - 0x735c2000 	C:\Windows\system32\WINMM.dll
0x6fd30000 - 0x6fd65000 	C:\Program Files\Java\jdk1.8.0_11\jre\bin\splashscreen.dll
0x73cf0000 - 0x73cfc000 	C:\Program Files\Java\jdk1.8.0_11\jre\bin\verify.dll
0x724c0000 - 0x724e1000 	C:\Program Files\Java\jdk1.8.0_11\jre\bin\java.dll
0x72e40000 - 0x72e53000 	C:\Program Files\Java\jdk1.8.0_11\jre\bin\zip.dll
0x75f80000 - 0x76bca000 	C:\Windows\system32\SHELL32.dll
0x75e20000 - 0x75f7c000 	C:\Windows\system32\ole32.dll
0x74ed0000 - 0x74edb000 	C:\Windows\system32\profapi.dll
0x6afc0000 - 0x6b050000 	C:\Users\Gebruiker\Documents\MuArgus\libmuargusdll.dll
0x6e940000 - 0x6e964000 	C:\Users\Gebruiker\Documents\MuArgus\libgcc_s_dw2-1.dll
0x150f0000 - 0x151f0000 	C:\Users\Gebruiker\Documents\MuArgus\libstdc++-6.dll
0x68290000 - 0x683d5000 	C:\Program Files\Java\jdk1.8.0_11\jre\bin\awt.dll
0x759e0000 - 0x75a6f000 	C:\Windows\system32\OLEAUT32.dll
0x73b90000 - 0x73bd0000 	C:\Windows\system32\uxtheme.dll
0x73430000 - 0x73443000 	C:\Windows\system32\dwmapi.dll
0x74df0000 - 0x74dfc000 	C:\Windows\system32\CRYPTBASE.dll
0x679f0000 - 0x67bb3000 	C:\Windows\system32\d3d9.dll
0x74380000 - 0x74389000 	C:\Windows\system32\VERSION.dll
0x72e60000 - 0x72e66000 	C:\Windows\system32\d3d8thk.dll
0x63ea0000 - 0x64629000 	C:\Windows\system32\igdumdim32.dll
0x6c9b0000 - 0x6ccf7000 	C:\Windows\system32\igdusc32.dll
0x71c40000 - 0x71c79000 	C:\Program Files\Java\jdk1.8.0_11\jre\bin\fontmanager.dll
0x726a0000 - 0x726b4000 	C:\Program Files\Java\jdk1.8.0_11\jre\bin\net.dll
0x74930000 - 0x7496c000 	C:\Windows\system32\mswsock.dll
0x74990000 - 0x74996000 	C:\Windows\System32\wship6.dll
0x72650000 - 0x7265f000 	C:\Program Files\Java\jdk1.8.0_11\jre\bin\nio.dll
0x725e0000 - 0x72610000 	C:\Program Files\Java\jdk1.8.0_11\jre\bin\t2k.dll
0x76bd0000 - 0x76c53000 	C:\Windows\system32\CLBCatQ.DLL
0x71680000 - 0x71704000 	C:\Windows\WinSxS\x86_microsoft.windows.common-controls_6595b64144ccf1df_5.82.7601.18201_none_ec80f00e8593ece5\comctl32.dll
0x75c80000 - 0x75e1d000 	C:\Windows\system32\SETUPAPI.dll
0x75120000 - 0x75147000 	C:\Windows\system32\CFGMGR32.dll
0x751d0000 - 0x751e2000 	C:\Windows\system32\DEVOBJ.dll
0x73a20000 - 0x73b15000 	C:\Windows\system32\propsys.dll
0x73760000 - 0x73781000 	C:\Windows\system32\ntmarta.dll
0x76db0000 - 0x76df5000 	C:\Windows\system32\WLDAP32.dll
0x74da0000 - 0x74dec000 	C:\Windows\system32\apphelp.dll
0x51e90000 - 0x52028000 	C:\Windows\system32\NetworkExplorer.dll
0x6c5c0000 - 0x6c5ef000 	C:\Windows\System32\shdocvw.dll
0x733e0000 - 0x733ea000 	C:\Windows\system32\slc.dll
0x72ea0000 - 0x72fd0000 	C:\Windows\system32\WindowsCodecs.dll
0x6c8f0000 - 0x6c921000 	C:\Windows\system32\EhStorShell.dll
0x6c880000 - 0x6c8ea000 	C:\Windows\System32\cscui.dll
0x6c870000 - 0x6c879000 	C:\Windows\System32\CSCDLL.dll
0x6c540000 - 0x6c54b000 	C:\Windows\system32\CSCAPI.dll
0x6c800000 - 0x6c870000 	C:\Windows\system32\ntshrui.dll
0x74b20000 - 0x74b39000 	C:\Windows\system32\srvcli.dll
0x6d920000 - 0x6d932000 	C:\Windows\system32\MPR.dll
0x72e20000 - 0x72e28000 	C:\Windows\System32\drprov.dll
0x749b0000 - 0x749d9000 	C:\Windows\System32\WINSTA.dll
0x6fe20000 - 0x6fe34000 	C:\Windows\System32\ntlanman.dll
0x6fda0000 - 0x6fdb7000 	C:\Windows\System32\davclnt.dll
0x6fd90000 - 0x6fd98000 	C:\Windows\System32\DAVHLPR.dll
0x72530000 - 0x7253f000 	C:\Windows\system32\wkscli.dll
0x73220000 - 0x73229000 	C:\Windows\system32\netutils.dll
0x65480000 - 0x656b8000 	C:\Windows\system32\wpdshext.dll
0x73890000 - 0x73a20000 	C:\Windows\WinSxS\x86_microsoft.windows.gdiplus_6595b64144ccf1df_1.1.7601.18455_none_72d576ad8665e853\gdiplus.dll
0x6eaf0000 - 0x6eb79000 	C:\Windows\system32\PortableDeviceApi.dll
0x74f90000 - 0x74fbe000 	C:\Windows\system32\WINTRUST.dll
0x74fe0000 - 0x75100000 	C:\Windows\system32\CRYPT32.dll
0x74ee0000 - 0x74eec000 	C:\Windows\system32\MSASN1.dll
0x6fca0000 - 0x6fcdf000 	C:\Windows\system32\audiodev.dll
0x66580000 - 0x667e7000 	C:\Windows\system32\WMVCore.DLL
0x6e570000 - 0x6e5ad000 	C:\Windows\system32\WMASF.DLL
0x6bfb0000 - 0x6bfd2000 	C:\Windows\system32\EhStorAPI.dll
0x6c5b0000 - 0x6c5b9000 	C:\Windows\system32\LINKINFO.dll
0x74c20000 - 0x74c28000 	C:\Windows\system32\Secur32.dll
0x74d80000 - 0x74d9b000 	C:\Windows\system32\SSPICLI.DLL
0x72520000 - 0x7252f000 	C:\Windows\system32\samcli.dll
0x73b20000 - 0x73b32000 	C:\Windows\system32\SAMLIB.dll
0x72790000 - 0x7287b000 	C:\Windows\system32\dbghelp.dll

VM Arguments:
jvm_args: -Dfile.encoding=UTF-8 
java_command: muargus.MuARGUS
java_class_path (initial): C:\Program Files\NetBeans 8.0\java\modules\ext\beansbinding-1.2.1.jar;C:\Users\Gebruiker\Documents\ArgusLib\dist\ArgusLib.jar;C:\Users\Gebruiker\Documents\ArgusLib\src\argus\lib\commons-io-2.4.jar;C:\Users\Gebruiker\Documents\ArgusLib\src\argus\lib\commons-lang3-3.1.jar;C:\Users\Gebruiker\Documents\MuArgus\lib\jcommon-1.0.23.jar;C:\Users\Gebruiker\Documents\MuArgus\lib\jfreechart-1.0.19.jar;C:\Users\Gebruiker\Documents\MuArgus\build\classes
Launcher Type: SUN_STANDARD

Environment Variables:
PATH=C:\Program Files\Intel\iCLS Client\;C:\Windows\system32;C:\Windows;C:\Windows\System32\Wbem;C:\Windows\System32\WindowsPowerShell\v1.0\;C:\Program Files\Intel\OpenCL SDK\3.0\bin\x86;C:\Program Files\Intel\Intel(R) Management Engine Components\DAL;C:\Program Files\Intel\Intel(R) Management Engine Components\IPT;C:\Program Files\Intel\WiFi\bin\;C:\Program Files\Common Files\Intel\WirelessCommon\;C:\MinGW\bin;C:\MinGW\MSYS\1.0\bin;C:\Program Files\Intel\WiFi\bin\;C:\Program Files\Common Files\Intel\WirelessCommon\
USERNAME=pibd05
OS=Windows_NT
PROCESSOR_IDENTIFIER=x86 Family 6 Model 60 Stepping 3, GenuineIntel



---------------  S Y S T E M  ---------------

OS: Windows 7 Build 7601 Service Pack 1

CPU:total 8 (4 cores per cpu, 2 threads per core) family 6 model 60 stepping 3, cmov, cx8, fxsr, mmx, sse, sse2, sse3, ssse3, sse4.1, sse4.2, popcnt, avx, avx2, aes, clmul, erms, ht, tsc, tscinvbit

Memory: 4k page, physical 3575660k(1515988k free), swap 7149568k(4255052k free)

vm_info: Java HotSpot(TM) Client VM (25.11-b03) for windows-x86 JRE (1.8.0_11-b12), built on Jun 16 2014 18:18:58 by "java_re" with MS VC++ 10.0 (VS2010)

time: Sat Sep 13 17:16:24 2014
elapsed time: 7 seconds

