#
# A fatal error has been detected by the Java Runtime Environment:
#
#  EXCEPTION_ACCESS_VIOLATION (0xc0000005) at pc=0x6afc3b99, pid=8308, tid=3748
#
# JRE version: Java(TM) SE Runtime Environment (8.0_11-b12) (build 1.8.0_11-b12)
# Java VM: Java HotSpot(TM) Client VM (25.11-b03 mixed mode windows-x86 )
# Problematic frame:
# C  [libmuargusdll.dll+0x3b99]
#
# Failed to write core dump. Minidumps are not enabled by default on client versions of Windows
#
# If you would like to submit a bug report, please visit:
#   http://bugreport.sun.com/bugreport/crash.jsp
# The crash happened outside the Java Virtual Machine in native code.
# See problematic frame for where to report the bug.
#

---------------  T H R E A D  ---------------

Current thread (0x1442f400):  JavaThread "AWT-EventQueue-0" [_thread_in_native, id=3748, stack(0x15480000,0x154d0000)]

siginfo: ExceptionCode=0xc0000005, reading address 0x10e5f994

Registers:
EAX=0x10e5f950, EBX=0x15508b90, ECX=0x005cfcb8, EDX=0xffc778b0
ESP=0x154c51a0, EBP=0x154ccf08, ESI=0x005cfcb8, EDI=0x1442f400
EIP=0x6afc3b99, EFLAGS=0x00010207

Top of Stack: (sp=0x154c51a0)
0x154c51a0:   15508a10 15508ea4 76da2960 00000000
0x154c51b0:   00640000 027f0c7f 0004d260 155089b8
0x154c51c0:   37373100 31343232 39303032 37203337
0x154c51d0:   31203120 32323231 32323232 39303137
0x154c51e0:   39333030 31382034 32323231 352e3133
0x154c51f0:   39202030 30393933 34382030 20323333
0x154c5200:   33382020 20303235 30393120 00000030
0x154c5210:   00000000 00000000 00000000 00000000 

Instructions: (pc=0x6afc3b99)
0x6afc3b79:   f0 8b 55 dc 83 c2 0c 8b 04 90 89 c2 89 d0 d1 e0
0x6afc3b89:   01 d0 8d 14 85 00 00 00 00 01 d0 c1 e0 04 01 d8
0x6afc3b99:   8b 50 44 8b 45 dc 89 54 81 08 ff 45 dc 8b 85 b4
0x6afc3ba9:   82 ff ff 8b 48 10 8b 55 e0 89 d0 d1 e0 01 d0 c1 


Register to memory mapping:

EAX=0x10e5f950 is an unallocated location in the heap
EBX=0x15508b90 is an unknown value
ECX=0x005cfcb8 is an unknown value
EDX=0xffc778b0 is an unknown value
ESP=0x154c51a0 is pointing into the stack for thread: 0x1442f400
EBP=0x154ccf08 is pointing into the stack for thread: 0x1442f400
ESI=0x005cfcb8 is an unknown value
EDI=0x1442f400 is a thread


Stack: [0x15480000,0x154d0000],  sp=0x154c51a0,  free space=276k
Native frames: (J=compiled Java code, j=interpreted, Vv=VM code, C=native code)
C  [libmuargusdll.dll+0x3b99]
C  [libmuargusdll.dll+0x1a22a]
j  muargus.extern.dataengine.MuargusCtrlJNI.CMuArgCtrl_ComputeTables(JLmuargus/extern/dataengine/CMuArgCtrl;[I[I)Z+0
j  muargus.extern.dataengine.CMuArgCtrl.ComputeTables([I[I)Z+7
j  muargus.controller.SelectCombinationsController.calculateTables()V+290
j  muargus.view.SelectCombinationsView.calculateTablesButtonActionPerformed(Ljava/awt/event/ActionEvent;)V+4
j  muargus.view.SelectCombinationsView.access$1000(Lmuargus/view/SelectCombinationsView;Ljava/awt/event/ActionEvent;)V+2
j  muargus.view.SelectCombinationsView$11.actionPerformed(Ljava/awt/event/ActionEvent;)V+5
j  javax.swing.AbstractButton.fireActionPerformed(Ljava/awt/event/ActionEvent;)V+83
j  javax.swing.AbstractButton$Handler.actionPerformed(Ljava/awt/event/ActionEvent;)V+5
j  javax.swing.DefaultButtonModel.fireActionPerformed(Ljava/awt/event/ActionEvent;)V+34
j  javax.swing.DefaultButtonModel.setPressed(Z)V+117
j  javax.swing.plaf.basic.BasicButtonListener.mouseReleased(Ljava/awt/event/MouseEvent;)V+35
j  java.awt.Component.processMouseEvent(Ljava/awt/event/MouseEvent;)V+64
j  javax.swing.JComponent.processMouseEvent(Ljava/awt/event/MouseEvent;)V+23
j  java.awt.Component.processEvent(Ljava/awt/AWTEvent;)V+81
j  java.awt.Container.processEvent(Ljava/awt/AWTEvent;)V+18
J 516 C1 java.awt.Component.dispatchEventImpl(Ljava/awt/AWTEvent;)V (883 bytes) @ 0x01beaaf8 [0x01be9d10+0xde8]
J 475 C1 java.awt.Container.dispatchEventImpl(Ljava/awt/AWTEvent;)V (129 bytes) @ 0x01bdac7c [0x01bdac20+0x5c]
J 550 C1 java.awt.LightweightDispatcher.retargetMouseEvent(Ljava/awt/Component;ILjava/awt/event/MouseEvent;)V (350 bytes) @ 0x01c08aa0 [0x01c08430+0x670]
j  java.awt.LightweightDispatcher.processMouseEvent(Ljava/awt/event/MouseEvent;)Z+143
j  java.awt.LightweightDispatcher.dispatchEvent(Ljava/awt/AWTEvent;)Z+50
J 475 C1 java.awt.Container.dispatchEventImpl(Ljava/awt/AWTEvent;)V (129 bytes) @ 0x01bdac60 [0x01bdac20+0x40]
j  java.awt.Window.dispatchEventImpl(Ljava/awt/AWTEvent;)V+19
J 723 C1 java.awt.EventQueue.dispatchEventImpl(Ljava/awt/AWTEvent;Ljava/lang/Object;)V (149 bytes) @ 0x01c45468 [0x01c45070+0x3f8]
J 720 C1 java.awt.EventQueue$3.run()Ljava/lang/Void; (60 bytes) @ 0x01c447a8 [0x01c44740+0x68]
J 719 C1 java.awt.EventQueue$3.run()Ljava/lang/Object; (5 bytes) @ 0x01c44528 [0x01c44500+0x28]
v  ~StubRoutines::call_stub
V  [jvm.dll+0x142295]
V  [jvm.dll+0x2073ae]
V  [jvm.dll+0x14232e]
V  [jvm.dll+0xf9a7d]
C  [java.dll+0x102f]
J 579 C1 java.security.ProtectionDomain$1.doIntersectionPrivilege(Ljava/security/PrivilegedAction;Ljava/security/AccessControlContext;Ljava/security/AccessControlContext;)Ljava/lang/Object; (32 bytes) @ 0x01c13b18 [0x01c13a70+0xa8]
j  java.security.ProtectionDomain$1.doIntersectionPrivilege(Ljava/security/PrivilegedAction;Ljava/security/AccessControlContext;)Ljava/lang/Object;+6
j  java.awt.EventQueue$4.run()Ljava/lang/Void;+11
j  java.awt.EventQueue$4.run()Ljava/lang/Object;+1
v  ~StubRoutines::call_stub
V  [jvm.dll+0x142295]
V  [jvm.dll+0x2073ae]
V  [jvm.dll+0x14232e]
V  [jvm.dll+0xf9a7d]
C  [java.dll+0x102f]
J 715 C1 java.awt.EventQueue.dispatchEvent(Ljava/awt/AWTEvent;)V (80 bytes) @ 0x01c432d4 [0x01c43010+0x2c4]
J 463 C1 java.awt.EventDispatchThread.pumpOneEventForFilters(I)V (295 bytes) @ 0x01bd5c1c [0x01bd5510+0x70c]
j  java.awt.EventDispatchThread.pumpEventsForFilter(ILjava/awt/Conditional;Ljava/awt/EventFilter;)V+35
j  java.awt.EventDispatchThread.pumpEventsForFilter(Ljava/awt/Conditional;Ljava/awt/EventFilter;)V+4
j  java.awt.WaitDispatchSupport$2.run()V+59
j  java.awt.WaitDispatchSupport$4.run()Ljava/lang/Void;+4
j  java.awt.WaitDispatchSupport$4.run()Ljava/lang/Object;+1
v  ~StubRoutines::call_stub
V  [jvm.dll+0x142295]
V  [jvm.dll+0x2073ae]
V  [jvm.dll+0x14232e]
V  [jvm.dll+0xf9a7d]
C  [java.dll+0x1015]
j  java.awt.WaitDispatchSupport.enter()Z+279
j  java.awt.Dialog.show()V+233
j  java.awt.Component.show(Z)V+5
j  java.awt.Component.setVisible(Z)V+2
j  java.awt.Window.setVisible(Z)V+2
j  java.awt.Dialog.setVisible(Z)V+2
j  muargus.controller.SelectCombinationsController.showView()V+5
j  muargus.controller.MainFrameController.specifyCombinations()V+21
j  muargus.view.MainFrameView.combinationsMenuItemActionPerformed(Ljava/awt/event/ActionEvent;)V+4
j  muargus.view.MainFrameView.access$200(Lmuargus/view/MainFrameView;Ljava/awt/event/ActionEvent;)V+2
j  muargus.view.MainFrameView$3.actionPerformed(Ljava/awt/event/ActionEvent;)V+5
j  javax.swing.AbstractButton.fireActionPerformed(Ljava/awt/event/ActionEvent;)V+83
j  javax.swing.AbstractButton$Handler.actionPerformed(Ljava/awt/event/ActionEvent;)V+5
j  javax.swing.DefaultButtonModel.fireActionPerformed(Ljava/awt/event/ActionEvent;)V+34
j  javax.swing.DefaultButtonModel.setPressed(Z)V+117
j  javax.swing.plaf.basic.BasicButtonListener.mouseReleased(Ljava/awt/event/MouseEvent;)V+35
j  java.awt.Component.processMouseEvent(Ljava/awt/event/MouseEvent;)V+64
j  javax.swing.JComponent.processMouseEvent(Ljava/awt/event/MouseEvent;)V+23
j  java.awt.Component.processEvent(Ljava/awt/AWTEvent;)V+81
j  java.awt.Container.processEvent(Ljava/awt/AWTEvent;)V+18
J 516 C1 java.awt.Component.dispatchEventImpl(Ljava/awt/AWTEvent;)V (883 bytes) @ 0x01beaaf8 [0x01be9d10+0xde8]
J 475 C1 java.awt.Container.dispatchEventImpl(Ljava/awt/AWTEvent;)V (129 bytes) @ 0x01bdac7c [0x01bdac20+0x5c]
J 550 C1 java.awt.LightweightDispatcher.retargetMouseEvent(Ljava/awt/Component;ILjava/awt/event/MouseEvent;)V (350 bytes) @ 0x01c08aa0 [0x01c08430+0x670]
j  java.awt.LightweightDispatcher.processMouseEvent(Ljava/awt/event/MouseEvent;)Z+143
j  java.awt.LightweightDispatcher.dispatchEvent(Ljava/awt/AWTEvent;)Z+50
J 475 C1 java.awt.Container.dispatchEventImpl(Ljava/awt/AWTEvent;)V (129 bytes) @ 0x01bdac60 [0x01bdac20+0x40]
j  java.awt.Window.dispatchEventImpl(Ljava/awt/AWTEvent;)V+19
J 474 C1 java.awt.Component.dispatchEvent(Ljava/awt/AWTEvent;)V (6 bytes) @ 0x01bdaa08 [0x01bda9d0+0x38]
j  java.awt.EventQueue.dispatchEventImpl(Ljava/awt/AWTEvent;Ljava/lang/Object;)V+41
j  java.awt.EventQueue.access$400(Ljava/awt/EventQueue;Ljava/awt/AWTEvent;Ljava/lang/Object;)V+3
j  java.awt.EventQueue$3.run()Ljava/lang/Void;+32
j  java.awt.EventQueue$3.run()Ljava/lang/Object;+1
v  ~StubRoutines::call_stub
V  [jvm.dll+0x142295]
V  [jvm.dll+0x2073ae]
V  [jvm.dll+0x14232e]
V  [jvm.dll+0xf9a7d]
C  [java.dll+0x102f]
J 579 C1 java.security.ProtectionDomain$1.doIntersectionPrivilege(Ljava/security/PrivilegedAction;Ljava/security/AccessControlContext;Ljava/security/AccessControlContext;)Ljava/lang/Object; (32 bytes) @ 0x01c13b18 [0x01c13a70+0xa8]
j  java.security.ProtectionDomain$1.doIntersectionPrivilege(Ljava/security/PrivilegedAction;Ljava/security/AccessControlContext;)Ljava/lang/Object;+6
j  java.awt.EventQueue$4.run()Ljava/lang/Void;+11
j  java.awt.EventQueue$4.run()Ljava/lang/Object;+1
v  ~StubRoutines::call_stub
V  [jvm.dll+0x142295]
...<more frames>...

Java frames: (J=compiled Java code, j=interpreted, Vv=VM code)
j  muargus.extern.dataengine.MuargusCtrlJNI.CMuArgCtrl_ComputeTables(JLmuargus/extern/dataengine/CMuArgCtrl;[I[I)Z+0
j  muargus.extern.dataengine.CMuArgCtrl.ComputeTables([I[I)Z+7
j  muargus.controller.SelectCombinationsController.calculateTables()V+290
j  muargus.view.SelectCombinationsView.calculateTablesButtonActionPerformed(Ljava/awt/event/ActionEvent;)V+4
j  muargus.view.SelectCombinationsView.access$1000(Lmuargus/view/SelectCombinationsView;Ljava/awt/event/ActionEvent;)V+2
j  muargus.view.SelectCombinationsView$11.actionPerformed(Ljava/awt/event/ActionEvent;)V+5
j  javax.swing.AbstractButton.fireActionPerformed(Ljava/awt/event/ActionEvent;)V+83
j  javax.swing.AbstractButton$Handler.actionPerformed(Ljava/awt/event/ActionEvent;)V+5
j  javax.swing.DefaultButtonModel.fireActionPerformed(Ljava/awt/event/ActionEvent;)V+34
j  javax.swing.DefaultButtonModel.setPressed(Z)V+117
j  javax.swing.plaf.basic.BasicButtonListener.mouseReleased(Ljava/awt/event/MouseEvent;)V+35
j  java.awt.Component.processMouseEvent(Ljava/awt/event/MouseEvent;)V+64
j  javax.swing.JComponent.processMouseEvent(Ljava/awt/event/MouseEvent;)V+23
j  java.awt.Component.processEvent(Ljava/awt/AWTEvent;)V+81
j  java.awt.Container.processEvent(Ljava/awt/AWTEvent;)V+18
J 516 C1 java.awt.Component.dispatchEventImpl(Ljava/awt/AWTEvent;)V (883 bytes) @ 0x01beaaf8 [0x01be9d10+0xde8]
J 475 C1 java.awt.Container.dispatchEventImpl(Ljava/awt/AWTEvent;)V (129 bytes) @ 0x01bdac7c [0x01bdac20+0x5c]
J 550 C1 java.awt.LightweightDispatcher.retargetMouseEvent(Ljava/awt/Component;ILjava/awt/event/MouseEvent;)V (350 bytes) @ 0x01c08aa0 [0x01c08430+0x670]
j  java.awt.LightweightDispatcher.processMouseEvent(Ljava/awt/event/MouseEvent;)Z+143
j  java.awt.LightweightDispatcher.dispatchEvent(Ljava/awt/AWTEvent;)Z+50
J 475 C1 java.awt.Container.dispatchEventImpl(Ljava/awt/AWTEvent;)V (129 bytes) @ 0x01bdac60 [0x01bdac20+0x40]
j  java.awt.Window.dispatchEventImpl(Ljava/awt/AWTEvent;)V+19
J 723 C1 java.awt.EventQueue.dispatchEventImpl(Ljava/awt/AWTEvent;Ljava/lang/Object;)V (149 bytes) @ 0x01c45468 [0x01c45070+0x3f8]
J 720 C1 java.awt.EventQueue$3.run()Ljava/lang/Void; (60 bytes) @ 0x01c447a8 [0x01c44740+0x68]
J 719 C1 java.awt.EventQueue$3.run()Ljava/lang/Object; (5 bytes) @ 0x01c44528 [0x01c44500+0x28]
v  ~StubRoutines::call_stub
J 568  java.security.AccessController.doPrivileged(Ljava/security/PrivilegedAction;Ljava/security/AccessControlContext;)Ljava/lang/Object; (0 bytes) @ 0x01c11a87 [0x01c11a20+0x67]
J 579 C1 java.security.ProtectionDomain$1.doIntersectionPrivilege(Ljava/security/PrivilegedAction;Ljava/security/AccessControlContext;Ljava/security/AccessControlContext;)Ljava/lang/Object; (32 bytes) @ 0x01c13b18 [0x01c13a70+0xa8]
j  java.security.ProtectionDomain$1.doIntersectionPrivilege(Ljava/security/PrivilegedAction;Ljava/security/AccessControlContext;)Ljava/lang/Object;+6
j  java.awt.EventQueue$4.run()Ljava/lang/Void;+11
j  java.awt.EventQueue$4.run()Ljava/lang/Object;+1
v  ~StubRoutines::call_stub
J 568  java.security.AccessController.doPrivileged(Ljava/security/PrivilegedAction;Ljava/security/AccessControlContext;)Ljava/lang/Object; (0 bytes) @ 0x01c11a87 [0x01c11a20+0x67]
J 715 C1 java.awt.EventQueue.dispatchEvent(Ljava/awt/AWTEvent;)V (80 bytes) @ 0x01c432d4 [0x01c43010+0x2c4]
J 463 C1 java.awt.EventDispatchThread.pumpOneEventForFilters(I)V (295 bytes) @ 0x01bd5c1c [0x01bd5510+0x70c]
j  java.awt.EventDispatchThread.pumpEventsForFilter(ILjava/awt/Conditional;Ljava/awt/EventFilter;)V+35
j  java.awt.EventDispatchThread.pumpEventsForFilter(Ljava/awt/Conditional;Ljava/awt/EventFilter;)V+4
j  java.awt.WaitDispatchSupport$2.run()V+59
j  java.awt.WaitDispatchSupport$4.run()Ljava/lang/Void;+4
j  java.awt.WaitDispatchSupport$4.run()Ljava/lang/Object;+1
v  ~StubRoutines::call_stub
j  java.security.AccessController.doPrivileged(Ljava/security/PrivilegedAction;)Ljava/lang/Object;+0
j  java.awt.WaitDispatchSupport.enter()Z+279
j  java.awt.Dialog.show()V+233
j  java.awt.Component.show(Z)V+5
j  java.awt.Component.setVisible(Z)V+2
j  java.awt.Window.setVisible(Z)V+2
j  java.awt.Dialog.setVisible(Z)V+2
j  muargus.controller.SelectCombinationsController.showView()V+5
j  muargus.controller.MainFrameController.specifyCombinations()V+21
j  muargus.view.MainFrameView.combinationsMenuItemActionPerformed(Ljava/awt/event/ActionEvent;)V+4
j  muargus.view.MainFrameView.access$200(Lmuargus/view/MainFrameView;Ljava/awt/event/ActionEvent;)V+2
j  muargus.view.MainFrameView$3.actionPerformed(Ljava/awt/event/ActionEvent;)V+5
j  javax.swing.AbstractButton.fireActionPerformed(Ljava/awt/event/ActionEvent;)V+83
j  javax.swing.AbstractButton$Handler.actionPerformed(Ljava/awt/event/ActionEvent;)V+5
j  javax.swing.DefaultButtonModel.fireActionPerformed(Ljava/awt/event/ActionEvent;)V+34
j  javax.swing.DefaultButtonModel.setPressed(Z)V+117
j  javax.swing.plaf.basic.BasicButtonListener.mouseReleased(Ljava/awt/event/MouseEvent;)V+35
j  java.awt.Component.processMouseEvent(Ljava/awt/event/MouseEvent;)V+64
j  javax.swing.JComponent.processMouseEvent(Ljava/awt/event/MouseEvent;)V+23
j  java.awt.Component.processEvent(Ljava/awt/AWTEvent;)V+81
j  java.awt.Container.processEvent(Ljava/awt/AWTEvent;)V+18
J 516 C1 java.awt.Component.dispatchEventImpl(Ljava/awt/AWTEvent;)V (883 bytes) @ 0x01beaaf8 [0x01be9d10+0xde8]
J 475 C1 java.awt.Container.dispatchEventImpl(Ljava/awt/AWTEvent;)V (129 bytes) @ 0x01bdac7c [0x01bdac20+0x5c]
J 550 C1 java.awt.LightweightDispatcher.retargetMouseEvent(Ljava/awt/Component;ILjava/awt/event/MouseEvent;)V (350 bytes) @ 0x01c08aa0 [0x01c08430+0x670]
j  java.awt.LightweightDispatcher.processMouseEvent(Ljava/awt/event/MouseEvent;)Z+143
j  java.awt.LightweightDispatcher.dispatchEvent(Ljava/awt/AWTEvent;)Z+50
J 475 C1 java.awt.Container.dispatchEventImpl(Ljava/awt/AWTEvent;)V (129 bytes) @ 0x01bdac60 [0x01bdac20+0x40]
j  java.awt.Window.dispatchEventImpl(Ljava/awt/AWTEvent;)V+19
J 474 C1 java.awt.Component.dispatchEvent(Ljava/awt/AWTEvent;)V (6 bytes) @ 0x01bdaa08 [0x01bda9d0+0x38]
j  java.awt.EventQueue.dispatchEventImpl(Ljava/awt/AWTEvent;Ljava/lang/Object;)V+41
j  java.awt.EventQueue.access$400(Ljava/awt/EventQueue;Ljava/awt/AWTEvent;Ljava/lang/Object;)V+3
j  java.awt.EventQueue$3.run()Ljava/lang/Void;+32
j  java.awt.EventQueue$3.run()Ljava/lang/Object;+1
v  ~StubRoutines::call_stub
J 568  java.security.AccessController.doPrivileged(Ljava/security/PrivilegedAction;Ljava/security/AccessControlContext;)Ljava/lang/Object; (0 bytes) @ 0x01c11a87 [0x01c11a20+0x67]
J 579 C1 java.security.ProtectionDomain$1.doIntersectionPrivilege(Ljava/security/PrivilegedAction;Ljava/security/AccessControlContext;Ljava/security/AccessControlContext;)Ljava/lang/Object; (32 bytes) @ 0x01c13b18 [0x01c13a70+0xa8]
j  java.security.ProtectionDomain$1.doIntersectionPrivilege(Ljava/security/PrivilegedAction;Ljava/security/AccessControlContext;)Ljava/lang/Object;+6
j  java.awt.EventQueue$4.run()Ljava/lang/Void;+11
j  java.awt.EventQueue$4.run()Ljava/lang/Object;+1
v  ~StubRoutines::call_stub
J 568  java.security.AccessController.doPrivileged(Ljava/security/PrivilegedAction;Ljava/security/AccessControlContext;)Ljava/lang/Object; (0 bytes) @ 0x01c11a87 [0x01c11a20+0x67]
J 579 C1 java.security.ProtectionDomain$1.doIntersectionPrivilege(Ljava/security/PrivilegedAction;Ljava/security/AccessControlContext;Ljava/security/AccessControlContext;)Ljava/lang/Object; (32 bytes) @ 0x01c13b18 [0x01c13a70+0xa8]
j  java.awt.EventQueue.dispatchEvent(Ljava/awt/AWTEvent;)V+73
J 463 C1 java.awt.EventDispatchThread.pumpOneEventForFilters(I)V (295 bytes) @ 0x01bd5c1c [0x01bd5510+0x70c]
j  java.awt.EventDispatchThread.pumpEventsForFilter(ILjava/awt/Conditional;Ljava/awt/EventFilter;)V+35
j  java.awt.EventDispatchThread.pumpEventsForHierarchy(ILjava/awt/Conditional;Ljava/awt/Component;)V+11
j  java.awt.EventDispatchThread.pumpEvents(ILjava/awt/Conditional;)V+4
j  java.awt.EventDispatchThread.pumpEvents(Ljava/awt/Conditional;)V+3
j  java.awt.EventDispatchThread.run()V+9
v  ~StubRoutines::call_stub

---------------  P R O C E S S  ---------------

Java Threads: ( => current thread )
  0x14a3f000 JavaThread "TimerQueue" daemon [_thread_blocked, id=9772, stack(0x18bc0000,0x18c10000)]
  0x14a14c00 JavaThread "Swing-Shell" daemon [_thread_blocked, id=7060, stack(0x18560000,0x185b0000)]
  0x149d8800 JavaThread "D3D Screen Updater" daemon [_thread_blocked, id=9020, stack(0x17cb0000,0x17d00000)]
  0x1480c000 JavaThread "org.netbeans.modules.debugger.jpda.visual AWT Access Loop" daemon [_thread_blocked, id=8364, stack(0x14b90000,0x14be0000)]
  0x002ac400 JavaThread "DestroyJavaVM" [_thread_blocked, id=9500, stack(0x00ab0000,0x00b00000)]
=>0x1442f400 JavaThread "AWT-EventQueue-0" [_thread_in_native, id=3748, stack(0x15480000,0x154d0000)]
  0x1440bc00 JavaThread "AWT-Windows" daemon [_thread_in_native, id=7144, stack(0x14cc0000,0x14d10000)]
  0x1440a400 JavaThread "AWT-Shutdown" [_thread_blocked, id=1748, stack(0x145f0000,0x14640000)]
  0x14409400 JavaThread "Java2D Disposer" daemon [_thread_blocked, id=2036, stack(0x14090000,0x140e0000)]
  0x142cc800 JavaThread "Service Thread" daemon [_thread_blocked, id=7296, stack(0x14640000,0x14690000)]
  0x00a2e000 JavaThread "C1 CompilerThread0" daemon [_thread_blocked, id=9088, stack(0x00de0000,0x00e30000)]
  0x00a2d800 JavaThread "JDWP Command Reader" daemon [_thread_in_native, id=7772, stack(0x145a0000,0x145f0000)]
  0x00a2c400 JavaThread "JDWP Event Helper Thread" daemon [_thread_blocked, id=8860, stack(0x14450000,0x144a0000)]
  0x142b8000 JavaThread "JDWP Transport Listener: dt_shmem" daemon [_thread_blocked, id=7052, stack(0x144e0000,0x14530000)]
  0x142ac400 JavaThread "Attach Listener" daemon [_thread_blocked, id=10112, stack(0x14100000,0x14150000)]
  0x142a9400 JavaThread "Signal Dispatcher" daemon [_thread_blocked, id=4672, stack(0x14160000,0x141b0000)]
  0x00a1e400 JavaThread "Finalizer" daemon [_thread_blocked, id=9616, stack(0x03af0000,0x03b40000)]
  0x00a18800 JavaThread "Reference Handler" daemon [_thread_blocked, id=8080, stack(0x00a30000,0x00a80000)]

Other Threads:
  0x00a12c00 VMThread [stack: 0x03ba0000,0x03bf0000] [id=9544]
  0x142d6400 WatcherThread [stack: 0x14530000,0x14580000] [id=6100]

VM state:not at safepoint (normal execution)

VM Mutex/Monitor currently owned by a thread: None

Heap:
 def new generation   total 4928K, used 908K [0x03c00000, 0x04150000, 0x09150000)
  eden space 4416K,  13% used [0x03c00000, 0x03c93c50, 0x04050000)
  from space 512K,  61% used [0x040d0000, 0x0411f4e0, 0x04150000)
  to   space 512K,   0% used [0x04050000, 0x04050000, 0x040d0000)
 tenured generation   total 10944K, used 2817K [0x09150000, 0x09c00000, 0x13c00000)
   the space 10944K,  25% used [0x09150000, 0x094104e8, 0x09410600, 0x09c00000)
 Metaspace       used 9218K, capacity 9345K, committed 9472K, reserved 9600K

Card table byte_map: [0x00800000,0x00890000] byte_map_base: 0x007e2000

Polling page: 0x00260000

CodeCache: size=32768Kb used=1841Kb max_used=1841Kb free=30926Kb
 bounds [0x01a90000, 0x01c60000, 0x03a90000]
 total_blobs=1031 nmethods=797 adapters=173
 compilation: enabled

Compilation events (10 events):
Event: 66.692 Thread 0x00a2e000  795             java.util.PriorityQueue::poll (64 bytes)
Event: 66.693 Thread 0x00a2e000 nmethod 795 0x01c5b708 code [0x01c5b820, 0x01c5b978]
Event: 68.015 Thread 0x00a2e000  796             java.util.concurrent.TimeUnit$3::toNanos (11 bytes)
Event: 68.016 Thread 0x00a2e000 nmethod 796 0x01c5bac8 code [0x01c5bbc0, 0x01c5bcb0]
Event: 77.973 Thread 0x00a2e000  797             org.netbeans.modules.debugger.jpda.visual.remote.RemoteAWTService::access$400 (4 bytes)
Event: 77.973 Thread 0x00a2e000 nmethod 797 0x01c5bd08 code [0x01c5be00, 0x01c5be70]
Event: 152.976 Thread 0x00a2e000  798             org.netbeans.modules.debugger.jpda.visual.remote.RemoteAWTService::access$000 (4 bytes)
Event: 152.976 Thread 0x00a2e000 nmethod 798 0x01c5bec8 code [0x01c5bfc0, 0x01c5c030]
Event: 152.976 Thread 0x00a2e000  799             org.netbeans.modules.debugger.jpda.visual.remote.RemoteAWTService::access$100 (4 bytes)
Event: 152.976 Thread 0x00a2e000 nmethod 799 0x01c5c088 code [0x01c5c180, 0x01c5c1f0]

GC Heap History (10 events):
Event: 5.056 GC heap before
{Heap before GC invocations=14 (full 0):
 def new generation   total 4928K, used 4914K [0x03c00000, 0x04150000, 0x09150000)
  eden space 4416K, 100% used [0x03c00000, 0x04050000, 0x04050000)
  from space 512K,  97% used [0x04050000, 0x040cc8d8, 0x040d0000)
  to   space 512K,   0% used [0x040d0000, 0x040d0000, 0x04150000)
 tenured generation   total 10944K, used 2340K [0x09150000, 0x09c00000, 0x13c00000)
   the space 10944K,  21% used [0x09150000, 0x093993a8, 0x09399400, 0x09c00000)
 Metaspace       used 9108K, capacity 9215K, committed 9344K, reserved 9600K
Event: 5.061 GC heap after
Heap after GC invocations=15 (full 0):
 def new generation   total 4928K, used 314K [0x03c00000, 0x04150000, 0x09150000)
  eden space 4416K,   0% used [0x03c00000, 0x03c00000, 0x04050000)
  from space 512K,  61% used [0x040d0000, 0x0411eb58, 0x04150000)
  to   space 512K,   0% used [0x04050000, 0x04050000, 0x040d0000)
 tenured generation   total 10944K, used 2486K [0x09150000, 0x09c00000, 0x13c00000)
   the space 10944K,  22% used [0x09150000, 0x093bd9a0, 0x093bda00, 0x09c00000)
 Metaspace       used 9108K, capacity 9215K, committed 9344K, reserved 9600K
}
Event: 5.635 GC heap before
{Heap before GC invocations=15 (full 0):
 def new generation   total 4928K, used 4730K [0x03c00000, 0x04150000, 0x09150000)
  eden space 4416K, 100% used [0x03c00000, 0x04050000, 0x04050000)
  from space 512K,  61% used [0x040d0000, 0x0411eb58, 0x04150000)
  to   space 512K,   0% used [0x04050000, 0x04050000, 0x040d0000)
 tenured generation   total 10944K, used 2486K [0x09150000, 0x09c00000, 0x13c00000)
   the space 10944K,  22% used [0x09150000, 0x093bd9a0, 0x093bda00, 0x09c00000)
 Metaspace       used 9177K, capacity 9313K, committed 9472K, reserved 9600K
Event: 5.638 GC heap after
Heap after GC invocations=16 (full 0):
 def new generation   total 4928K, used 83K [0x03c00000, 0x04150000, 0x09150000)
  eden space 4416K,   0% used [0x03c00000, 0x03c00000, 0x04050000)
  from space 512K,  16% used [0x04050000, 0x04064d78, 0x040d0000)
  to   space 512K,   0% used [0x040d0000, 0x040d0000, 0x04150000)
 tenured generation   total 10944K, used 2738K [0x09150000, 0x09c00000, 0x13c00000)
   the space 10944K,  25% used [0x09150000, 0x093fc9e0, 0x093fca00, 0x09c00000)
 Metaspace       used 9177K, capacity 9313K, committed 9472K, reserved 9600K
}
Event: 5.658 GC heap before
{Heap before GC invocations=16 (full 0):
 def new generation   total 4928K, used 4499K [0x03c00000, 0x04150000, 0x09150000)
  eden space 4416K, 100% used [0x03c00000, 0x04050000, 0x04050000)
  from space 512K,  16% used [0x04050000, 0x04064d78, 0x040d0000)
  to   space 512K,   0% used [0x040d0000, 0x040d0000, 0x04150000)
 tenured generation   total 10944K, used 2738K [0x09150000, 0x09c00000, 0x13c00000)
   the space 10944K,  25% used [0x09150000, 0x093fc9e0, 0x093fca00, 0x09c00000)
 Metaspace       used 9188K, capacity 9313K, committed 9472K, reserved 9600K
Event: 5.660 GC heap after
Heap after GC invocations=17 (full 0):
 def new generation   total 4928K, used 112K [0x03c00000, 0x04150000, 0x09150000)
  eden space 4416K,   0% used [0x03c00000, 0x03c00000, 0x04050000)
  from space 512K,  21% used [0x040d0000, 0x040ec0d8, 0x04150000)
  to   space 512K,   0% used [0x04050000, 0x04050000, 0x040d0000)
 tenured generation   total 10944K, used 2738K [0x09150000, 0x09c00000, 0x13c00000)
   the space 10944K,  25% used [0x09150000, 0x093fc9e0, 0x093fca00, 0x09c00000)
 Metaspace       used 9188K, capacity 9313K, committed 9472K, reserved 9600K
}
Event: 5.739 GC heap before
{Heap before GC invocations=17 (full 0):
 def new generation   total 4928K, used 4528K [0x03c00000, 0x04150000, 0x09150000)
  eden space 4416K, 100% used [0x03c00000, 0x04050000, 0x04050000)
  from space 512K,  21% used [0x040d0000, 0x040ec0d8, 0x04150000)
  to   space 512K,   0% used [0x04050000, 0x04050000, 0x040d0000)
 tenured generation   total 10944K, used 2738K [0x09150000, 0x09c00000, 0x13c00000)
   the space 10944K,  25% used [0x09150000, 0x093fc9e0, 0x093fca00, 0x09c00000)
 Metaspace       used 9198K, capacity 9313K, committed 9472K, reserved 9600K
Event: 5.741 GC heap after
Heap after GC invocations=18 (full 0):
 def new generation   total 4928K, used 322K [0x03c00000, 0x04150000, 0x09150000)
  eden space 4416K,   0% used [0x03c00000, 0x03c00000, 0x04050000)
  from space 512K,  63% used [0x04050000, 0x040a0b90, 0x040d0000)
  to   space 512K,   0% used [0x040d0000, 0x040d0000, 0x04150000)
 tenured generation   total 10944K, used 2738K [0x09150000, 0x09c00000, 0x13c00000)
   the space 10944K,  25% used [0x09150000, 0x093fc9e0, 0x093fca00, 0x09c00000)
 Metaspace       used 9198K, capacity 9313K, committed 9472K, reserved 9600K
}
Event: 63.467 GC heap before
{Heap before GC invocations=18 (full 0):
 def new generation   total 4928K, used 4738K [0x03c00000, 0x04150000, 0x09150000)
  eden space 4416K, 100% used [0x03c00000, 0x04050000, 0x04050000)
  from space 512K,  63% used [0x04050000, 0x040a0b90, 0x040d0000)
  to   space 512K,   0% used [0x040d0000, 0x040d0000, 0x04150000)
 tenured generation   total 10944K, used 2738K [0x09150000, 0x09c00000, 0x13c00000)
   the space 10944K,  25% used [0x09150000, 0x093fc9e0, 0x093fca00, 0x09c00000)
 Metaspace       used 9218K, capacity 9345K, committed 9472K, reserved 9600K
Event: 63.472 GC heap after
Heap after GC invocations=19 (full 0):
 def new generation   total 4928K, used 317K [0x03c00000, 0x04150000, 0x09150000)
  eden space 4416K,   0% used [0x03c00000, 0x03c00000, 0x04050000)
  from space 512K,  61% used [0x040d0000, 0x0411f4e0, 0x04150000)
  to   space 512K,   0% used [0x04050000, 0x04050000, 0x040d0000)
 tenured generation   total 10944K, used 2817K [0x09150000, 0x09c00000, 0x13c00000)
   the space 10944K,  25% used [0x09150000, 0x094104e8, 0x09410600, 0x09c00000)
 Metaspace       used 9218K, capacity 9345K, committed 9472K, reserved 9600K
}

Deoptimization events (0 events):
No events

Internal exceptions (10 events):
Event: 5.647 Thread 0x1442f400 Exception <a 'java/security/PrivilegedActionException'> (0x03d16a98) thrown at [D:\re\puppet\workspace\8-2-build-windows-i586-cygwin\jdk8u11\648\hotspot\src\share\vm\prims\jvm.cpp, line 1248]
Event: 5.648 Thread 0x1442f400 Exception <a 'java/security/PrivilegedActionException'> (0x03d192a8) thrown at [D:\re\puppet\workspace\8-2-build-windows-i586-cygwin\jdk8u11\648\hotspot\src\share\vm\prims\jvm.cpp, line 1248]
Event: 5.648 Thread 0x1442f400 Exception <a 'java/security/PrivilegedActionException'> (0x03d1b1f8) thrown at [D:\re\puppet\workspace\8-2-build-windows-i586-cygwin\jdk8u11\648\hotspot\src\share\vm\prims\jvm.cpp, line 1248]
Event: 5.649 Thread 0x1442f400 Exception <a 'java/security/PrivilegedActionException'> (0x03d1d0e8) thrown at [D:\re\puppet\workspace\8-2-build-windows-i586-cygwin\jdk8u11\648\hotspot\src\share\vm\prims\jvm.cpp, line 1248]
Event: 5.649 Thread 0x1442f400 Exception <a 'java/security/PrivilegedActionException'> (0x03d1f028) thrown at [D:\re\puppet\workspace\8-2-build-windows-i586-cygwin\jdk8u11\648\hotspot\src\share\vm\prims\jvm.cpp, line 1248]
Event: 5.650 Thread 0x1442f400 Exception <a 'java/security/PrivilegedActionException'> (0x03d20f18) thrown at [D:\re\puppet\workspace\8-2-build-windows-i586-cygwin\jdk8u11\648\hotspot\src\share\vm\prims\jvm.cpp, line 1248]
Event: 5.650 Thread 0x1442f400 Exception <a 'java/security/PrivilegedActionException'> (0x03d22e68) thrown at [D:\re\puppet\workspace\8-2-build-windows-i586-cygwin\jdk8u11\648\hotspot\src\share\vm\prims\jvm.cpp, line 1248]
Event: 5.680 Thread 0x1442f400 Exception <a 'java/security/PrivilegedActionException'> (0x03e32b30) thrown at [D:\re\puppet\workspace\8-2-build-windows-i586-cygwin\jdk8u11\648\hotspot\src\share\vm\prims\jvm.cpp, line 1248]
Event: 8.933 Thread 0x1442f400 Exception <a 'java/security/PrivilegedActionException'> (0x03ffd1c0) thrown at [D:\re\puppet\workspace\8-2-build-windows-i586-cygwin\jdk8u11\648\hotspot\src\share\vm\prims\jvm.cpp, line 1248]
Event: 8.936 Thread 0x1442f400 Exception <a 'java/security/PrivilegedActionException'> (0x04000388) thrown at [D:\re\puppet\workspace\8-2-build-windows-i586-cygwin\jdk8u11\648\hotspot\src\share\vm\prims\jvm.cpp, line 1248]

Events (10 events):
Event: 70.396 Executing VM operation: GetOrSetLocal
Event: 70.396 Executing VM operation: GetOrSetLocal done
Event: 70.408 Executing VM operation: GetOrSetLocal
Event: 70.408 Executing VM operation: GetOrSetLocal done
Event: 72.178 Executing VM operation: GetOrSetLocal
Event: 72.178 Executing VM operation: GetOrSetLocal done
Event: 229.891 Executing VM operation: ChangeBreakpoints
Event: 229.891 Executing VM operation: ChangeBreakpoints done
Event: 229.892 Executing VM operation: ChangeBreakpoints
Event: 229.892 Executing VM operation: ChangeBreakpoints done


Dynamic libraries:
0x00e60000 - 0x00e90000 	C:\Program Files\Java\jdk1.8.0_11\jre\bin\java.exe
0x76e60000 - 0x76f9c000 	C:\Windows\SYSTEM32\ntdll.dll
0x751f0000 - 0x752c4000 	C:\Windows\system32\kernel32.dll
0x75160000 - 0x751ab000 	C:\Windows\system32\KERNELBASE.dll
0x76c60000 - 0x76d00000 	C:\Windows\system32\ADVAPI32.dll
0x76d00000 - 0x76dac000 	C:\Windows\system32\msvcrt.dll
0x75800000 - 0x75819000 	C:\Windows\SYSTEM32\sechost.dll
0x76fe0000 - 0x77082000 	C:\Windows\system32\RPCRT4.dll
0x755c0000 - 0x75689000 	C:\Windows\system32\USER32.dll
0x75690000 - 0x756de000 	C:\Windows\system32\GDI32.dll
0x75570000 - 0x7557a000 	C:\Windows\system32\LPK.dll
0x75be0000 - 0x75c7d000 	C:\Windows\system32\USP10.dll
0x73d20000 - 0x73ebe000 	C:\Windows\WinSxS\x86_microsoft.windows.common-controls_6595b64144ccf1df_6.0.7601.17514_none_41e6975e2bd6f2b2\COMCTL32.dll
0x75a70000 - 0x75ac7000 	C:\Windows\system32\SHLWAPI.dll
0x76fa0000 - 0x76fbf000 	C:\Windows\system32\IMM32.DLL
0x75ad0000 - 0x75b9c000 	C:\Windows\system32\MSCTF.dll
0x624e0000 - 0x6254b000 	c:\program files\f-secure\hips\fshook32.dll
0x76fd0000 - 0x76fd5000 	C:\Windows\system32\PSAPI.DLL
0x6c250000 - 0x6c30f000 	C:\Program Files\Java\jdk1.8.0_11\jre\bin\msvcr100.dll
0x50600000 - 0x50997000 	C:\Program Files\Java\jdk1.8.0_11\jre\bin\client\jvm.dll
0x73240000 - 0x73247000 	C:\Windows\system32\WSOCK32.dll
0x75ba0000 - 0x75bd5000 	C:\Windows\system32\WS2_32.dll
0x76fc0000 - 0x76fc6000 	C:\Windows\system32\NSI.dll
0x73590000 - 0x735c2000 	C:\Windows\system32\WINMM.dll
0x72630000 - 0x72665000 	C:\Program Files\Java\jdk1.8.0_11\jre\bin\splashscreen.dll
0x72620000 - 0x7262c000 	C:\Program Files\Java\jdk1.8.0_11\jre\bin\verify.dll
0x6fe50000 - 0x6fe71000 	C:\Program Files\Java\jdk1.8.0_11\jre\bin\java.dll
0x6fdf0000 - 0x6fe19000 	C:\Program Files\Java\jdk1.8.0_11\jre\bin\jdwp.dll
0x71090000 - 0x71097000 	C:\Program Files\Java\jdk1.8.0_11\jre\bin\npt.dll
0x6ffa0000 - 0x6ffb3000 	C:\Program Files\Java\jdk1.8.0_11\jre\bin\zip.dll
0x75f80000 - 0x76bca000 	C:\Windows\system32\SHELL32.dll
0x75e20000 - 0x75f7c000 	C:\Windows\system32\ole32.dll
0x74ed0000 - 0x74edb000 	C:\Windows\system32\profapi.dll
0x71c20000 - 0x71c29000 	C:\Program Files\Java\jdk1.8.0_11\jre\bin\dt_shmem.dll
0x6c100000 - 0x6c245000 	C:\Program Files\Java\jdk1.8.0_11\jre\bin\awt.dll
0x759e0000 - 0x75a6f000 	C:\Windows\system32\OLEAUT32.dll
0x73b90000 - 0x73bd0000 	C:\Windows\system32\uxtheme.dll
0x73430000 - 0x73443000 	C:\Windows\system32\dwmapi.dll
0x74df0000 - 0x74dfc000 	C:\Windows\system32\CRYPTBASE.dll
0x6df00000 - 0x6e0c3000 	C:\Windows\system32\d3d9.dll
0x74380000 - 0x74389000 	C:\Windows\system32\VERSION.dll
0x6ff20000 - 0x6ff26000 	C:\Windows\system32\d3d8thk.dll
0x63fd0000 - 0x64759000 	C:\Windows\system32\igdumdim32.dll
0x6c9b0000 - 0x6ccf7000 	C:\Windows\system32\igdusc32.dll
0x6c500000 - 0x6c539000 	C:\Program Files\Java\jdk1.8.0_11\jre\bin\fontmanager.dll
0x6fdc0000 - 0x6fdd4000 	C:\Program Files\Java\jdk1.8.0_11\jre\bin\net.dll
0x74930000 - 0x7496c000 	C:\Windows\system32\mswsock.dll
0x74990000 - 0x74996000 	C:\Windows\System32\wship6.dll
0x6fe40000 - 0x6fe4f000 	C:\Program Files\Java\jdk1.8.0_11\jre\bin\nio.dll
0x6c4d0000 - 0x6c500000 	C:\Program Files\Java\jdk1.8.0_11\jre\bin\t2k.dll
0x76bd0000 - 0x76c53000 	C:\Windows\system32\CLBCatQ.DLL
0x71680000 - 0x71704000 	C:\Windows\WinSxS\x86_microsoft.windows.common-controls_6595b64144ccf1df_5.82.7601.18201_none_ec80f00e8593ece5\comctl32.dll
0x75c80000 - 0x75e1d000 	C:\Windows\system32\SETUPAPI.dll
0x75120000 - 0x75147000 	C:\Windows\system32\CFGMGR32.dll
0x751d0000 - 0x751e2000 	C:\Windows\system32\DEVOBJ.dll
0x73a20000 - 0x73b15000 	C:\Windows\system32\propsys.dll
0x73760000 - 0x73781000 	C:\Windows\system32\ntmarta.dll
0x76db0000 - 0x76df5000 	C:\Windows\system32\WLDAP32.dll
0x74da0000 - 0x74dec000 	C:\Windows\system32\apphelp.dll
0x51e90000 - 0x52028000 	C:\Windows\system32\NetworkExplorer.dll
0x6c5c0000 - 0x6c5ef000 	C:\Windows\System32\shdocvw.dll
0x733e0000 - 0x733ea000 	C:\Windows\system32\slc.dll
0x72ea0000 - 0x72fd0000 	C:\Windows\system32\WindowsCodecs.dll
0x6c8f0000 - 0x6c921000 	C:\Windows\system32\EhStorShell.dll
0x6c880000 - 0x6c8ea000 	C:\Windows\System32\cscui.dll
0x6c870000 - 0x6c879000 	C:\Windows\System32\CSCDLL.dll
0x6c540000 - 0x6c54b000 	C:\Windows\system32\CSCAPI.dll
0x6c800000 - 0x6c870000 	C:\Windows\system32\ntshrui.dll
0x74b20000 - 0x74b39000 	C:\Windows\system32\srvcli.dll
0x6d920000 - 0x6d932000 	C:\Windows\system32\MPR.dll
0x72e20000 - 0x72e28000 	C:\Windows\System32\drprov.dll
0x749b0000 - 0x749d9000 	C:\Windows\System32\WINSTA.dll
0x6fe20000 - 0x6fe34000 	C:\Windows\System32\ntlanman.dll
0x6fda0000 - 0x6fdb7000 	C:\Windows\System32\davclnt.dll
0x6fd90000 - 0x6fd98000 	C:\Windows\System32\DAVHLPR.dll
0x72530000 - 0x7253f000 	C:\Windows\system32\wkscli.dll
0x73220000 - 0x73229000 	C:\Windows\system32\netutils.dll
0x55880000 - 0x55ab8000 	C:\Windows\system32\wpdshext.dll
0x73890000 - 0x73a20000 	C:\Windows\WinSxS\x86_microsoft.windows.gdiplus_6595b64144ccf1df_1.1.7601.18455_none_72d576ad8665e853\gdiplus.dll
0x6eaf0000 - 0x6eb79000 	C:\Windows\system32\PortableDeviceApi.dll
0x74f90000 - 0x74fbe000 	C:\Windows\system32\WINTRUST.dll
0x74fe0000 - 0x75100000 	C:\Windows\system32\CRYPT32.dll
0x74ee0000 - 0x74eec000 	C:\Windows\system32\MSASN1.dll
0x6bca0000 - 0x6bcdf000 	C:\Windows\system32\audiodev.dll
0x55610000 - 0x55877000 	C:\Windows\system32\WMVCore.DLL
0x6bc60000 - 0x6bc9d000 	C:\Windows\system32\WMASF.DLL
0x6bfb0000 - 0x6bfd2000 	C:\Windows\system32\EhStorAPI.dll
0x6c5b0000 - 0x6c5b9000 	C:\Windows\system32\LINKINFO.dll
0x74c20000 - 0x74c28000 	C:\Windows\system32\Secur32.dll
0x74d80000 - 0x74d9b000 	C:\Windows\system32\SSPICLI.DLL
0x72520000 - 0x7252f000 	C:\Windows\system32\samcli.dll
0x73b20000 - 0x73b32000 	C:\Windows\system32\SAMLIB.dll
0x6afc0000 - 0x6b056000 	C:\Users\Gebruiker\Documents\MuArgus\libmuargusdll.dll
0x6e940000 - 0x6e964000 	C:\Users\Gebruiker\Documents\MuArgus\libgcc_s_dw2-1.dll
0x6fc40000 - 0x6fd40000 	C:\Users\Gebruiker\Documents\MuArgus\libstdc++-6.dll
0x72790000 - 0x7287b000 	C:\Windows\system32\dbghelp.dll

VM Arguments:
jvm_args: -Xdebug -Xrunjdwp:transport=dt_shmem,address=javadebug -Dfile.encoding=UTF-8 
java_command: muargus.MuARGUS
java_class_path (initial): C:\Program Files\NetBeans 8.0\java\modules\ext\beansbinding-1.2.1.jar;C:\Users\Gebruiker\Documents\ArgusLib\dist\ArgusLib.jar;C:\Users\Gebruiker\Documents\ArgusLib\src\argus\lib\commons-io-2.4.jar;C:\Users\Gebruiker\Documents\ArgusLib\src\argus\lib\commons-lang3-3.1.jar;C:\Users\Gebruiker\Documents\MuArgus\build\classes
Launcher Type: SUN_STANDARD

Environment Variables:
PATH=C:\Program Files\Intel\iCLS Client\;C:\Windows\system32;C:\Windows;C:\Windows\System32\Wbem;C:\Windows\System32\WindowsPowerShell\v1.0\;C:\Program Files\Intel\OpenCL SDK\3.0\bin\x86;C:\Program Files\Intel\Intel(R) Management Engine Components\DAL;C:\Program Files\Intel\Intel(R) Management Engine Components\IPT;C:\Program Files\Intel\WiFi\bin\;C:\Program Files\Common Files\Intel\WirelessCommon\;C:\Program Files\Intel\WiFi\bin\;C:\Program Files\Common Files\Intel\WirelessCommon\
USERNAME=pibd05
OS=Windows_NT
PROCESSOR_IDENTIFIER=x86 Family 6 Model 60 Stepping 3, GenuineIntel



---------------  S Y S T E M  ---------------

OS: Windows 7 Build 7601 Service Pack 1

CPU:total 8 (4 cores per cpu, 2 threads per core) family 6 model 60 stepping 3, cmov, cx8, fxsr, mmx, sse, sse2, sse3, ssse3, sse4.1, sse4.2, popcnt, avx, avx2, aes, clmul, erms, ht, tsc, tscinvbit

Memory: 4k page, physical 3575660k(810888k free), swap 7149568k(3336536k free)

vm_info: Java HotSpot(TM) Client VM (25.11-b03) for windows-x86 JRE (1.8.0_11-b12), built on Jun 16 2014 18:18:58 by "java_re" with MS VC++ 10.0 (VS2010)

time: Tue Aug 19 10:28:02 2014
elapsed time: 233 seconds

