#
# A fatal error has been detected by the Java Runtime Environment:
#
#  EXCEPTION_ACCESS_VIOLATION (0xc0000005) at pc=0x14c38834, pid=5300, tid=3320
#
# JRE version: Java(TM) SE Runtime Environment (8.0-b132) (build 1.8.0-b132)
# Java VM: Java HotSpot(TM) Client VM (25.0-b70 mixed mode windows-x86 )
# Problematic frame:
# C  0x14c38834
#
# Failed to write core dump. Minidumps are not enabled by default on client versions of Windows
#
# If you would like to submit a bug report, please visit:
#   http://bugreport.sun.com/bugreport/crash.jsp
# The crash happened outside the Java Virtual Machine in native code.
# See problematic frame for where to report the bug.
#

---------------  T H R E A D  ---------------

Current thread (0x1523b000):  JavaThread "SwingWorker-pool-2-thread-9" daemon [_thread_in_native, id=3320, stack(0x17670000,0x176c0000)]

siginfo: ExceptionCode=0xc0000005, ExceptionInformation=0x00000008 0x14c38834

Registers:
EAX=0x00453e48, EBX=0x14c38834, ECX=0x00453e48, EDX=0x00000019
ESP=0x176b766c, EBP=0x176b7688, ESI=0x13ecea00, EDI=0x1523b000
EIP=0x14c38834, EFLAGS=0x00010206

Top of Stack: (sp=0x176b766c)
0x176b766c:   6afc1a10 00000019 14c37e28 176bf8ac
0x176b767c:   00453c78 658b47c7 00000000 176bf3e8
0x176b768c:   6afc9760 00000019 176b76b8 0045d388
0x176b769c:   00000001 176bf3c4 027f0c7f 00000019
0x176b76ac:   00453c78 00000000 00000000 34332020
0x176b76bc:   31303431 20303432 34203537 31203120
0x176b76cc:   32323231 32323232 39303137 33303030
0x176b76dc:   31382032 33323231 352e3832 31202030 

Instructions: (pc=0x14c38834)
0x14c38814:   30 34 31 31 00 00 00 00 00 00 00 00 d9 ce 5f 34
0x14c38824:   00 00 00 8f 04 00 00 00 04 00 00 00 00 00 00 00
0x14c38834:   30 39 39 32 00 00 00 00 00 00 00 00 d5 ce 5f 34
0x14c38844:   00 00 00 8f 04 00 00 00 04 00 00 00 00 00 00 00 


Register to memory mapping:

EAX=0x00453e48 is an unknown value
EBX=0x14c38834 is an unknown value
ECX=0x00453e48 is an unknown value
EDX=0x00000019 is an unknown value
ESP=0x176b766c is pointing into the stack for thread: 0x1523b000
EBP=0x176b7688 is pointing into the stack for thread: 0x1523b000
ESI=0x13ecea00 is an unknown value
EDI=0x1523b000 is a thread


Stack: [0x17670000,0x176c0000],  sp=0x176b766c,  free space=285k
Native frames: (J=compiled Java code, j=interpreted, Vv=VM code, C=native code)
C  0x14c38834
C  [libmuargusdll.dll+0x9760]
C  [libmuargusdll.dll+0x18275]
j  muargus.extern.dataengine.MuArgusCtrlJNI.CMuArgCtrl_WriteVariablesInFile(JLmuargus/extern/dataengine/CMuArgCtrl;Ljava/lang/String;Ljava/lang/String;I[ILjava/lang/String;[I)Z+0
j  muargus.extern.dataengine.CMuArgCtrl.WriteVariablesInFile(Ljava/lang/String;Ljava/lang/String;I[ILjava/lang/String;[I)Z+14
j  muargus.CalculationService.makeReplacementFileInBackground()V+70
j  muargus.CalculationService.executeInBackground(Lmuargus/CalculationService$BackgroundTask;)V+70
j  muargus.CalculationService.access$100(Lmuargus/CalculationService;Lmuargus/CalculationService$BackgroundTask;)V+2
j  muargus.CalculationService$2.doInBackground()Ljava/lang/Void;+8
j  muargus.CalculationService$2.doInBackground()Ljava/lang/Object;+1
j  javax.swing.SwingWorker$1.call()Ljava/lang/Object;+14
J 1098 C1 java.util.concurrent.FutureTask.run()V (126 bytes) @ 0x01e05b20 [0x01e05a90+0x90]
j  javax.swing.SwingWorker.run()V+4
J 572 C1 java.util.concurrent.ThreadPoolExecutor.runWorker(Ljava/util/concurrent/ThreadPoolExecutor$Worker;)V (225 bytes) @ 0x01d43d2c [0x01d43b60+0x1cc]
j  java.util.concurrent.ThreadPoolExecutor$Worker.run()V+5
j  java.lang.Thread.run()V+11
v  ~StubRoutines::call_stub
V  [jvm.dll+0x142285]
V  [jvm.dll+0x2070be]
V  [jvm.dll+0x14231e]
V  [jvm.dll+0x1424a6]
V  [jvm.dll+0x142517]
V  [jvm.dll+0xede0f]
V  [jvm.dll+0x1645fc]
V  [jvm.dll+0x164e8a]
V  [jvm.dll+0x1a9186]
C  [msvcr100.dll+0x5c556]
C  [msvcr100.dll+0x5c600]
C  [kernel32.dll+0x4ee1c]
C  [ntdll.dll+0x637eb]
C  [ntdll.dll+0x637be]

Java frames: (J=compiled Java code, j=interpreted, Vv=VM code)
j  muargus.extern.dataengine.MuArgusCtrlJNI.CMuArgCtrl_WriteVariablesInFile(JLmuargus/extern/dataengine/CMuArgCtrl;Ljava/lang/String;Ljava/lang/String;I[ILjava/lang/String;[I)Z+0
j  muargus.extern.dataengine.CMuArgCtrl.WriteVariablesInFile(Ljava/lang/String;Ljava/lang/String;I[ILjava/lang/String;[I)Z+14
j  muargus.CalculationService.makeReplacementFileInBackground()V+70
j  muargus.CalculationService.executeInBackground(Lmuargus/CalculationService$BackgroundTask;)V+70
j  muargus.CalculationService.access$100(Lmuargus/CalculationService;Lmuargus/CalculationService$BackgroundTask;)V+2
j  muargus.CalculationService$2.doInBackground()Ljava/lang/Void;+8
j  muargus.CalculationService$2.doInBackground()Ljava/lang/Object;+1
j  javax.swing.SwingWorker$1.call()Ljava/lang/Object;+14
J 1098 C1 java.util.concurrent.FutureTask.run()V (126 bytes) @ 0x01e05b20 [0x01e05a90+0x90]
j  javax.swing.SwingWorker.run()V+4
J 572 C1 java.util.concurrent.ThreadPoolExecutor.runWorker(Ljava/util/concurrent/ThreadPoolExecutor$Worker;)V (225 bytes) @ 0x01d43d2c [0x01d43b60+0x1cc]
j  java.util.concurrent.ThreadPoolExecutor$Worker.run()V+5
j  java.lang.Thread.run()V+11
v  ~StubRoutines::call_stub

---------------  P R O C E S S  ---------------

Java Threads: ( => current thread )
=>0x1523b000 JavaThread "SwingWorker-pool-2-thread-9" daemon [_thread_in_native, id=3320, stack(0x17670000,0x176c0000)]
  0x1523ac00 JavaThread "SwingWorker-pool-2-thread-8" daemon [_thread_blocked, id=4700, stack(0x17730000,0x17780000)]
  0x1523b800 JavaThread "SwingWorker-pool-2-thread-7" daemon [_thread_blocked, id=5624, stack(0x14bc0000,0x14c10000)]
  0x1523a400 JavaThread "SwingWorker-pool-2-thread-6" daemon [_thread_blocked, id=2328, stack(0x16ae0000,0x16b30000)]
  0x151dac00 JavaThread "SwingWorker-pool-2-thread-5" daemon [_thread_blocked, id=3988, stack(0x16f60000,0x16fb0000)]
  0x15202c00 JavaThread "SwingWorker-pool-2-thread-4" daemon [_thread_blocked, id=1564, stack(0x16a20000,0x16a70000)]
  0x151e8c00 JavaThread "SwingWorker-pool-2-thread-3" daemon [_thread_blocked, id=5556, stack(0x15670000,0x156c0000)]
  0x151ed800 JavaThread "SwingWorker-pool-2-thread-2" daemon [_thread_blocked, id=3796, stack(0x16ee0000,0x16f30000)]
  0x1513d000 JavaThread "SwingWorker-pool-2-thread-1" daemon [_thread_blocked, id=4976, stack(0x159d0000,0x15a20000)]
  0x15223000 JavaThread "Swing-Shell" daemon [_thread_blocked, id=1156, stack(0x15720000,0x15770000)]
  0x142ef800 JavaThread "TimerQueue" daemon [_thread_blocked, id=3852, stack(0x14ef0000,0x14f40000)]
  0x0174c000 JavaThread "DestroyJavaVM" [_thread_blocked, id=1652, stack(0x018b0000,0x01900000)]
  0x142be000 JavaThread "AWT-EventQueue-0" [_thread_blocked, id=2824, stack(0x14740000,0x14790000)]
  0x142b0000 JavaThread "AWT-Windows" daemon [_thread_in_native, id=2516, stack(0x14830000,0x14880000)]
  0x142af800 JavaThread "AWT-Shutdown" [_thread_blocked, id=5128, stack(0x14300000,0x14350000)]
  0x14289000 JavaThread "Java2D Disposer" daemon [_thread_blocked, id=3928, stack(0x147c0000,0x14810000)]
  0x14151c00 JavaThread "Service Thread" daemon [_thread_blocked, id=3572, stack(0x144a0000,0x144f0000)]
  0x14159000 JavaThread "C1 CompilerThread0" daemon [_thread_blocked, id=4460, stack(0x14560000,0x145b0000)]
  0x14158000 JavaThread "Attach Listener" daemon [_thread_blocked, id=2728, stack(0x01180000,0x011d0000)]
  0x14155000 JavaThread "Signal Dispatcher" daemon [_thread_blocked, id=5036, stack(0x14360000,0x143b0000)]
  0x1410f800 JavaThread "Finalizer" daemon [_thread_blocked, id=2736, stack(0x143e0000,0x14430000)]
  0x14109800 JavaThread "Reference Handler" daemon [_thread_blocked, id=1204, stack(0x01860000,0x018b0000)]

Other Threads:
  0x14106400 VMThread [stack: 0x14430000,0x14480000] [id=4560]
  0x14152c00 WatcherThread [stack: 0x14510000,0x14560000] [id=4472]

VM state:not at safepoint (normal execution)

VM Mutex/Monitor currently owned by a thread: None

Heap:
 def new generation   total 5760K, used 1013K [0x03c00000, 0x04230000, 0x09150000)
  eden space 5184K,   9% used [0x03c00000, 0x03c799a8, 0x04110000)
  from space 576K,  91% used [0x041a0000, 0x04223cc8, 0x04230000)
  to   space 576K,   0% used [0x04110000, 0x04110000, 0x041a0000)
 tenured generation   total 12600K, used 7559K [0x09150000, 0x09d9e000, 0x13c00000)
   the space 12600K,  59% used [0x09150000, 0x098b1e80, 0x098b2000, 0x09d9e000)
 Metaspace       used 11245K, capacity 11305K, committed 11392K, reserved 11648K

Card table byte_map: [0x13c00000,0x13c90000] byte_map_base: 0x13be2000

Polling page: 0x00190000

CodeCache: size=32768Kb used=3246Kb max_used=3246Kb free=29521Kb
 bounds [0x01bd0000, 0x01f00000, 0x03bd0000]
 total_blobs=2129 nmethods=1863 adapters=195
 compilation: enabled

Compilation events (10 events):
Event: 230.772 Thread 0x14159000 1859             javax.swing.text.html.parser.Parser::parseContent (882 bytes)
Event: 230.774 Thread 0x14159000 nmethod 1859 0x01ef7b08 code [0x01ef7e20, 0x01ef8d38]
Event: 230.774 Thread 0x14159000 1860   !         javax.swing.text.AbstractDocument::insertUpdate (117 bytes)
Event: 230.775 Thread 0x14159000 nmethod 1860 0x01ef9c88 code [0x01ef9e80, 0x01efa38c]
Event: 230.777 Thread 0x14159000 1861             sun.swing.DefaultLayoutStyle::getButtonGap (50 bytes)
Event: 230.777 Thread 0x14159000 nmethod 1861 0x01efabc8 code [0x01efacf0, 0x01efae84]
Event: 230.779 Thread 0x14159000 1862   !         java.awt.Component::setFont (97 bytes)
Event: 230.780 Thread 0x14159000 nmethod 1862 0x01efafc8 code [0x01efb120, 0x01efb4b8]
Event: 230.800 Thread 0x14159000 1863             javax.swing.DefaultBoundedRangeModel::getValue (5 bytes)
Event: 230.800 Thread 0x14159000 nmethod 1863 0x01efb788 code [0x01efb880, 0x01efb900]

GC Heap History (10 events):
Event: 226.036 GC heap before
{Heap before GC invocations=14 (full 1):
 def new generation   total 5760K, used 5184K [0x03c00000, 0x04230000, 0x09150000)
  eden space 5184K, 100% used [0x03c00000, 0x04110000, 0x04110000)
  from space 576K,   0% used [0x04110000, 0x04110000, 0x041a0000)
  to   space 576K,   0% used [0x041a0000, 0x041a0000, 0x04230000)
 tenured generation   total 12600K, used 7559K [0x09150000, 0x09d9e000, 0x13c00000)
   the space 12600K,  59% used [0x09150000, 0x098b1e80, 0x098b2000, 0x09d9e000)
 Metaspace       used 11245K, capacity 11305K, committed 11392K, reserved 11648K
Event: 226.038 GC heap after
Heap after GC invocations=15 (full 1):
 def new generation   total 5760K, used 6K [0x03c00000, 0x04230000, 0x09150000)
  eden space 5184K,   0% used [0x03c00000, 0x03c00000, 0x04110000)
  from space 576K,   1% used [0x041a0000, 0x041a18b8, 0x04230000)
  to   space 576K,   0% used [0x04110000, 0x04110000, 0x041a0000)
 tenured generation   total 12600K, used 7559K [0x09150000, 0x09d9e000, 0x13c00000)
   the space 12600K,  59% used [0x09150000, 0x098b1e80, 0x098b2000, 0x09d9e000)
 Metaspace       used 11245K, capacity 11305K, committed 11392K, reserved 11648K
}
Event: 226.796 GC heap before
{Heap before GC invocations=15 (full 1):
 def new generation   total 5760K, used 5190K [0x03c00000, 0x04230000, 0x09150000)
  eden space 5184K, 100% used [0x03c00000, 0x04110000, 0x04110000)
  from space 576K,   1% used [0x041a0000, 0x041a18b8, 0x04230000)
  to   space 576K,   0% used [0x04110000, 0x04110000, 0x041a0000)
 tenured generation   total 12600K, used 7559K [0x09150000, 0x09d9e000, 0x13c00000)
   the space 12600K,  59% used [0x09150000, 0x098b1e80, 0x098b2000, 0x09d9e000)
 Metaspace       used 11245K, capacity 11305K, committed 11392K, reserved 11648K
Event: 226.797 GC heap after
Heap after GC invocations=16 (full 1):
 def new generation   total 5760K, used 6K [0x03c00000, 0x04230000, 0x09150000)
  eden space 5184K,   0% used [0x03c00000, 0x03c00000, 0x04110000)
  from space 576K,   1% used [0x04110000, 0x041118a0, 0x041a0000)
  to   space 576K,   0% used [0x041a0000, 0x041a0000, 0x04230000)
 tenured generation   total 12600K, used 7559K [0x09150000, 0x09d9e000, 0x13c00000)
   the space 12600K,  59% used [0x09150000, 0x098b1e80, 0x098b2000, 0x09d9e000)
 Metaspace       used 11245K, capacity 11305K, committed 11392K, reserved 11648K
}
Event: 227.604 GC heap before
{Heap before GC invocations=16 (full 1):
 def new generation   total 5760K, used 5190K [0x03c00000, 0x04230000, 0x09150000)
  eden space 5184K, 100% used [0x03c00000, 0x04110000, 0x04110000)
  from space 576K,   1% used [0x04110000, 0x041118a0, 0x041a0000)
  to   space 576K,   0% used [0x041a0000, 0x041a0000, 0x04230000)
 tenured generation   total 12600K, used 7559K [0x09150000, 0x09d9e000, 0x13c00000)
   the space 12600K,  59% used [0x09150000, 0x098b1e80, 0x098b2000, 0x09d9e000)
 Metaspace       used 11245K, capacity 11305K, committed 11392K, reserved 11648K
Event: 227.605 GC heap after
Heap after GC invocations=17 (full 1):
 def new generation   total 5760K, used 5K [0x03c00000, 0x04230000, 0x09150000)
  eden space 5184K,   0% used [0x03c00000, 0x03c00000, 0x04110000)
  from space 576K,   0% used [0x041a0000, 0x041a1680, 0x04230000)
  to   space 576K,   0% used [0x04110000, 0x04110000, 0x041a0000)
 tenured generation   total 12600K, used 7559K [0x09150000, 0x09d9e000, 0x13c00000)
   the space 12600K,  59% used [0x09150000, 0x098b1e80, 0x098b2000, 0x09d9e000)
 Metaspace       used 11245K, capacity 11305K, committed 11392K, reserved 11648K
}
Event: 227.836 GC heap before
{Heap before GC invocations=17 (full 1):
 def new generation   total 5760K, used 5189K [0x03c00000, 0x04230000, 0x09150000)
  eden space 5184K, 100% used [0x03c00000, 0x04110000, 0x04110000)
  from space 576K,   0% used [0x041a0000, 0x041a1680, 0x04230000)
  to   space 576K,   0% used [0x04110000, 0x04110000, 0x041a0000)
 tenured generation   total 12600K, used 7559K [0x09150000, 0x09d9e000, 0x13c00000)
   the space 12600K,  59% used [0x09150000, 0x098b1e80, 0x098b2000, 0x09d9e000)
 Metaspace       used 11245K, capacity 11305K, committed 11392K, reserved 11648K
Event: 227.837 GC heap after
Heap after GC invocations=18 (full 1):
 def new generation   total 5760K, used 5K [0x03c00000, 0x04230000, 0x09150000)
  eden space 5184K,   0% used [0x03c00000, 0x03c00000, 0x04110000)
  from space 576K,   1% used [0x04110000, 0x04111788, 0x041a0000)
  to   space 576K,   0% used [0x041a0000, 0x041a0000, 0x04230000)
 tenured generation   total 12600K, used 7559K [0x09150000, 0x09d9e000, 0x13c00000)
   the space 12600K,  59% used [0x09150000, 0x098b1e80, 0x098b2000, 0x09d9e000)
 Metaspace       used 11245K, capacity 11305K, committed 11392K, reserved 11648K
}
Event: 232.579 GC heap before
{Heap before GC invocations=18 (full 1):
 def new generation   total 5760K, used 5189K [0x03c00000, 0x04230000, 0x09150000)
  eden space 5184K, 100% used [0x03c00000, 0x04110000, 0x04110000)
  from space 576K,   1% used [0x04110000, 0x04111788, 0x041a0000)
  to   space 576K,   0% used [0x041a0000, 0x041a0000, 0x04230000)
 tenured generation   total 12600K, used 7559K [0x09150000, 0x09d9e000, 0x13c00000)
   the space 12600K,  59% used [0x09150000, 0x098b1e80, 0x098b2000, 0x09d9e000)
 Metaspace       used 11245K, capacity 11305K, committed 11392K, reserved 11648K
Event: 232.581 GC heap after
Heap after GC invocations=19 (full 1):
 def new generation   total 5760K, used 527K [0x03c00000, 0x04230000, 0x09150000)
  eden space 5184K,   0% used [0x03c00000, 0x03c00000, 0x04110000)
  from space 576K,  91% used [0x041a0000, 0x04223cc8, 0x04230000)
  to   space 576K,   0% used [0x04110000, 0x04110000, 0x041a0000)
 tenured generation   total 12600K, used 7559K [0x09150000, 0x09d9e000, 0x13c00000)
   the space 12600K,  59% used [0x09150000, 0x098b1e80, 0x098b2000, 0x09d9e000)
 Metaspace       used 11245K, capacity 11305K, committed 11392K, reserved 11648K
}

Deoptimization events (0 events):
No events

Internal exceptions (10 events):
Event: 218.572 Thread 0x142be000 Exception <a 'java/security/PrivilegedActionException'> (0x03c4c6a8) thrown at [D:\re\workspace\8-2-build-windows-i586-cygwin\jdk8\2238\hotspot\src\share\vm\prims\jvm.cpp, line 1248]
Event: 218.572 Thread 0x142be000 Exception <a 'java/security/PrivilegedActionException'> (0x03c5a5b8) thrown at [D:\re\workspace\8-2-build-windows-i586-cygwin\jdk8\2238\hotspot\src\share\vm\prims\jvm.cpp, line 1248]
Event: 218.572 Thread 0x142be000 Exception <a 'java/security/PrivilegedActionException'> (0x03c5c600) thrown at [D:\re\workspace\8-2-build-windows-i586-cygwin\jdk8\2238\hotspot\src\share\vm\prims\jvm.cpp, line 1248]
Event: 218.573 Thread 0x142be000 Exception <a 'java/security/PrivilegedActionException'> (0x03c5f030) thrown at [D:\re\workspace\8-2-build-windows-i586-cygwin\jdk8\2238\hotspot\src\share\vm\prims\jvm.cpp, line 1248]
Event: 218.573 Thread 0x142be000 Exception <a 'java/security/PrivilegedActionException'> (0x03c61128) thrown at [D:\re\workspace\8-2-build-windows-i586-cygwin\jdk8\2238\hotspot\src\share\vm\prims\jvm.cpp, line 1248]
Event: 219.897 Thread 0x142be000 Exception <a 'java/security/PrivilegedActionException'> (0x03e4b998) thrown at [D:\re\workspace\8-2-build-windows-i586-cygwin\jdk8\2238\hotspot\src\share\vm\prims\jvm.cpp, line 1248]
Event: 219.897 Thread 0x142be000 Exception <a 'java/security/PrivilegedActionException'> (0x03e4dc98) thrown at [D:\re\workspace\8-2-build-windows-i586-cygwin\jdk8\2238\hotspot\src\share\vm\prims\jvm.cpp, line 1248]
Event: 219.898 Thread 0x142be000 Exception <a 'java/security/PrivilegedActionException'> (0x03e51060) thrown at [D:\re\workspace\8-2-build-windows-i586-cygwin\jdk8\2238\hotspot\src\share\vm\prims\jvm.cpp, line 1248]
Event: 219.898 Thread 0x142be000 Exception <a 'java/security/PrivilegedActionException'> (0x03e53408) thrown at [D:\re\workspace\8-2-build-windows-i586-cygwin\jdk8\2238\hotspot\src\share\vm\prims\jvm.cpp, line 1248]
Event: 220.352 Thread 0x142be000 Implicit null exception at 0x01e9ed09 to 0x01e9eee0

Events (10 events):
Event: 230.775 Executing VM operation: BulkRevokeBias done
Event: 232.372 Executing VM operation: BulkRevokeBias
Event: 232.372 Executing VM operation: BulkRevokeBias done
Event: 232.579 Executing VM operation: GenCollectForAllocation
Event: 232.581 Executing VM operation: GenCollectForAllocation done
Event: 233.499 Thread 0x1523b000 Thread added: 0x1523b000
Event: 233.499 Executing VM operation: RevokeBias
Event: 233.500 Executing VM operation: RevokeBias done
Event: 233.500 Executing VM operation: RevokeBias
Event: 233.500 Executing VM operation: RevokeBias done


Dynamic libraries:
0x011e0000 - 0x01210000 	C:\Program Files\Java\jdk1.8.0\jre\bin\java.exe
0x77250000 - 0x7738c000 	C:\Windows\SYSTEM32\ntdll.dll
0x76de0000 - 0x76eb4000 	C:\Windows\system32\kernel32.dll
0x75380000 - 0x753cb000 	C:\Windows\system32\KERNELBASE.dll
0x75690000 - 0x75730000 	C:\Windows\system32\ADVAPI32.dll
0x755c0000 - 0x7566c000 	C:\Windows\system32\msvcrt.dll
0x75670000 - 0x75689000 	C:\Windows\SYSTEM32\sechost.dll
0x771a0000 - 0x77242000 	C:\Windows\system32\RPCRT4.dll
0x76a50000 - 0x76b19000 	C:\Windows\system32\USER32.dll
0x77020000 - 0x7706e000 	C:\Windows\system32\GDI32.dll
0x75b20000 - 0x75b2a000 	C:\Windows\system32\LPK.dll
0x76d40000 - 0x76ddd000 	C:\Windows\system32\USP10.dll
0x73ea0000 - 0x7403e000 	C:\Windows\WinSxS\x86_microsoft.windows.common-controls_6595b64144ccf1df_6.0.7601.17514_none_41e6975e2bd6f2b2\COMCTL32.dll
0x773a0000 - 0x773f7000 	C:\Windows\system32\SHLWAPI.dll
0x75bc0000 - 0x75bdf000 	C:\Windows\system32\IMM32.DLL
0x77070000 - 0x7713c000 	C:\Windows\system32\MSCTF.dll
0x5b1c0000 - 0x5b27f000 	C:\Program Files\Java\jdk1.8.0\jre\bin\msvcr100.dll
0x56d10000 - 0x570a6000 	C:\Program Files\Java\jdk1.8.0\jre\bin\client\jvm.dll
0x72530000 - 0x72537000 	C:\Windows\system32\WSOCK32.dll
0x76b30000 - 0x76b65000 	C:\Windows\system32\WS2_32.dll
0x77390000 - 0x77396000 	C:\Windows\system32\NSI.dll
0x73810000 - 0x73842000 	C:\Windows\system32\WINMM.dll
0x76b20000 - 0x76b25000 	C:\Windows\system32\PSAPI.DLL
0x5c800000 - 0x5c835000 	C:\Program Files\Java\jdk1.8.0\jre\bin\splashscreen.dll
0x74490000 - 0x7449c000 	C:\Program Files\Java\jdk1.8.0\jre\bin\verify.dll
0x5ad30000 - 0x5ad51000 	C:\Program Files\Java\jdk1.8.0\jre\bin\java.dll
0x5ad10000 - 0x5ad23000 	C:\Program Files\Java\jdk1.8.0\jre\bin\zip.dll
0x75be0000 - 0x7682a000 	C:\Windows\system32\SHELL32.dll
0x76ec0000 - 0x7701c000 	C:\Windows\system32\ole32.dll
0x752a0000 - 0x752ab000 	C:\Windows\system32\profapi.dll
0x6afc0000 - 0x6b05a000 	D:\Users\pwof\Documents\Argus\Java\muargus\libmuargusdll.dll
0x6e940000 - 0x6e964000 	D:\Users\pwof\Documents\Argus\Java\muargus\libgcc_s_dw2-1.dll
0x6fc40000 - 0x6fd40000 	D:\Users\pwof\Documents\Argus\Java\muargus\libstdc++-6.dll
0x6ca00000 - 0x6ca38000 	D:\Users\pwof\Documents\Argus\Java\muargus\libnumericaldll.dll
0x59130000 - 0x59275000 	C:\Program Files\Java\jdk1.8.0\jre\bin\awt.dll
0x75b30000 - 0x75bbf000 	C:\Windows\system32\OLEAUT32.dll
0x73e40000 - 0x73e80000 	C:\Windows\system32\uxtheme.dll
0x73880000 - 0x73893000 	C:\Windows\system32\dwmapi.dll
0x751c0000 - 0x751cc000 	C:\Windows\system32\CRYPTBASE.dll
0x590f0000 - 0x59129000 	C:\Program Files\Java\jdk1.8.0\jre\bin\fontmanager.dll
0x5acf0000 - 0x5ad04000 	C:\Program Files\Java\jdk1.8.0\jre\bin\net.dll
0x74c70000 - 0x74cac000 	C:\Windows\system32\mswsock.dll
0x74c60000 - 0x74c66000 	C:\Windows\System32\wship6.dll
0x74480000 - 0x7448f000 	C:\Program Files\Java\jdk1.8.0\jre\bin\nio.dll
0x59060000 - 0x59090000 	C:\Program Files\Java\jdk1.8.0\jre\bin\t2k.dll
0x76b70000 - 0x76bf3000 	C:\Windows\system32\CLBCatQ.DLL
0x71f20000 - 0x71f27000 	C:\Windows\system32\msiltcfg.dll
0x74750000 - 0x74759000 	C:\Windows\system32\VERSION.dll
0x715f0000 - 0x71835000 	C:\Windows\system32\msi.dll
0x71f10000 - 0x71f13000 	C:\Windows\system32\SFC.DLL
0x71e10000 - 0x71e1d000 	C:\Windows\system32\sfc_os.DLL
0x714c0000 - 0x71544000 	C:\Windows\WinSxS\x86_microsoft.windows.common-controls_6595b64144ccf1df_5.82.7601.18201_none_ec80f00e8593ece5\comctl32.dll
0x75730000 - 0x758cd000 	C:\Windows\system32\SETUPAPI.dll
0x75460000 - 0x75487000 	C:\Windows\system32\CFGMGR32.dll
0x752e0000 - 0x752f2000 	C:\Windows\system32\DEVOBJ.dll
0x74300000 - 0x743f5000 	C:\Windows\system32\propsys.dll
0x73c80000 - 0x73ca1000 	C:\Windows\system32\ntmarta.dll
0x76830000 - 0x76875000 	C:\Windows\system32\WLDAP32.dll
0x75170000 - 0x751bc000 	C:\Windows\system32\apphelp.dll
0x6bd70000 - 0x6bf08000 	C:\Windows\system32\NetworkExplorer.dll
0x6ea70000 - 0x6ea9f000 	C:\Windows\System32\shdocvw.dll
0x735f0000 - 0x735fa000 	C:\Windows\system32\slc.dll
0x734a0000 - 0x735d0000 	C:\Windows\system32\WindowsCodecs.dll
0x6ed90000 - 0x6edb3000 	D:\Users\pwof\AppData\Roaming\Dropbox\bin\DropboxExt.24.dll
0x723f0000 - 0x724db000 	C:\Windows\system32\dbghelp.dll
0x6ed00000 - 0x6ed8e000 	C:\Windows\WinSxS\x86_microsoft.vc90.crt_1fc8b3b9a1e18e3b_9.0.30729.6161_none_50934f2ebcb7eb57\MSVCP90.dll
0x6ec50000 - 0x6ecf3000 	C:\Windows\WinSxS\x86_microsoft.vc90.crt_1fc8b3b9a1e18e3b_9.0.30729.6161_none_50934f2ebcb7eb57\MSVCR90.dll
0x6ec10000 - 0x6ec41000 	C:\Windows\system32\EhStorShell.dll
0x6eb80000 - 0x6ec0f000 	C:\Program Files\Google\Drive\googledrivesync32.dll
0x71e20000 - 0x71e32000 	C:\Windows\system32\MPR.dll
0x736f0000 - 0x736f8000 	C:\Windows\System32\drprov.dll
0x75100000 - 0x75129000 	C:\Windows\System32\WINSTA.dll
0x736d0000 - 0x736e4000 	C:\Windows\System32\ntlanman.dll
0x736b0000 - 0x736c7000 	C:\Windows\System32\davclnt.dll
0x736a0000 - 0x736a8000 	C:\Windows\System32\DAVHLPR.dll
0x730a0000 - 0x730af000 	C:\Windows\system32\wkscli.dll
0x72190000 - 0x7219b000 	C:\Windows\system32\cscapi.dll
0x730b0000 - 0x730b9000 	C:\Windows\system32\netutils.dll
0x55680000 - 0x558b8000 	C:\Windows\system32\wpdshext.dll
0x73cb0000 - 0x73e40000 	C:\Windows\WinSxS\x86_microsoft.windows.gdiplus_6595b64144ccf1df_1.1.7601.18455_none_72d576ad8665e853\gdiplus.dll
0x67c10000 - 0x67c99000 	C:\Windows\system32\PortableDeviceApi.dll
0x75310000 - 0x7533e000 	C:\Windows\system32\WINTRUST.dll
0x754a0000 - 0x755c0000 	C:\Windows\system32\CRYPT32.dll
0x752b0000 - 0x752bc000 	C:\Windows\system32\MSASN1.dll
0x67ca0000 - 0x67ccb000 	C:\Windows\system32\PortableDeviceTypes.dll
0x5b100000 - 0x5b13f000 	C:\Windows\system32\audiodev.dll
0x5e2f0000 - 0x5e557000 	C:\Windows\system32\WMVCore.DLL
0x62e30000 - 0x62e6d000 	C:\Windows\system32\WMASF.DLL
0x5c7d0000 - 0x5c7f2000 	C:\Windows\system32\EhStorAPI.dll
0x6ea60000 - 0x6ea69000 	C:\Windows\system32\LINKINFO.dll
0x64b20000 - 0x64bc0000 	C:\Windows\system32\SearchFolder.dll
0x73850000 - 0x7387f000 	C:\Windows\system32\XmlLite.dll
0x74cb0000 - 0x74cc6000 	C:\Windows\system32\CRYPTSP.dll
0x74940000 - 0x7497b000 	C:\Windows\system32\rsaenh.dll
0x75230000 - 0x7523e000 	C:\Windows\system32\RpcRtRemote.dll
0x5bdd0000 - 0x5be5d000 	C:\Windows\AppPatch\AcLayers.DLL
0x75150000 - 0x7516b000 	C:\Windows\system32\SspiCli.dll
0x75340000 - 0x75357000 	C:\Windows\system32\USERENV.dll
0x71460000 - 0x714b1000 	C:\Windows\system32\WINSPOOL.DRV
0x5bd50000 - 0x5bdcb000 	C:\Windows\AppPatch\AcSpecfc.DLL
0x66260000 - 0x662d9000 	C:\Windows\system32\mscms.dll
0x5b3c0000 - 0x5b4a7000 	C:\Windows\system32\DDRAW.dll
0x658d0000 - 0x658d6000 	C:\Windows\system32\DCIMAN32.dll
0x77400000 - 0x7747b000 	C:\Windows\system32\COMDLG32.dll
0x64b10000 - 0x64b16000 	C:\Windows\system32\SHUNIMPL.DLL
0x49090000 - 0x491e5000 	C:\PROGRA~1\COMMON~1\MICROS~1\WEBFOL~1\MSONSEXT.DLL
0x49970000 - 0x49985000 	C:\PROGRA~1\COMMON~1\MICROS~1\WEBFOL~1\pkmws.dll
0x76c10000 - 0x76d3c000 	C:\Windows\system32\urlmon.dll
0x752d0000 - 0x752d4000 	C:\Windows\system32\api-ms-win-downlevel-ole32-l1-1-0.dll
0x75490000 - 0x75494000 	C:\Windows\system32\api-ms-win-downlevel-shlwapi-l1-1-0.dll
0x75360000 - 0x75365000 	C:\Windows\system32\api-ms-win-downlevel-advapi32-l1-1-0.dll
0x75370000 - 0x75374000 	C:\Windows\system32\api-ms-win-downlevel-user32-l1-1-0.dll
0x75300000 - 0x75304000 	C:\Windows\system32\api-ms-win-downlevel-version-l1-1-0.dll
0x752c0000 - 0x752c3000 	C:\Windows\system32\api-ms-win-downlevel-normaliz-l1-1-0.dll
0x76c00000 - 0x76c03000 	C:\Windows\system32\normaliz.DLL
0x758d0000 - 0x75aeb000 	C:\Windows\system32\iertutil.dll
0x76880000 - 0x76a42000 	C:\Windows\system32\WININET.dll
0x5c960000 - 0x5c978000 	C:\Windows\system32\hlink.dll
0x74fd0000 - 0x74fd8000 	C:\Windows\system32\Secur32.dll
0x71090000 - 0x71094000 	C:\Windows\system32\api-ms-win-downlevel-advapi32-l2-1-0.dll
0x72e50000 - 0x72e6c000 	C:\Windows\system32\IPHLPAPI.DLL
0x72e40000 - 0x72e47000 	C:\Windows\system32\WINNSI.DLL
0x492e0000 - 0x492ec000 	C:\Program Files\Common Files\Microsoft Shared\Web Folders\1033\nsextint.dll
0x73610000 - 0x73620000 	C:\Windows\system32\NLAapi.dll
0x719b0000 - 0x719c0000 	C:\Windows\system32\napinsp.dll
0x71990000 - 0x719a2000 	C:\Windows\system32\pnrpnsp.dll
0x74b30000 - 0x74b74000 	C:\Windows\system32\DNSAPI.dll
0x71980000 - 0x71988000 	C:\Windows\System32\winrnr.dll

VM Arguments:
jvm_args: -Dfile.encoding=UTF-8 
java_command: muargus.MuARGUS
java_class_path (initial): C:\Program Files\NetBeans 8.0\java\modules\ext\beansbinding-1.2.1.jar;D:\Users\pwof\Documents\Argus\Java\arguslibrary\dist\ArgusLib.jar;D:\Users\pwof\Documents\Argus\Java\muargus\lib\commons-io-2.4.jar;D:\Users\pwof\Documents\Argus\Java\muargus\lib\commons-lang3-3.1.jar;D:\Users\pwof\Documents\Argus\Java\muargus\lib\jcommon-1.0.23.jar;D:\Users\pwof\Documents\Argus\Java\muargus\lib\jfreechart-1.0.19.jar;D:\Users\pwof\Documents\Argus\Java\muargus\build\classes
Launcher Type: SUN_STANDARD

Environment Variables:
PATH=C:\Windows\system32;C:\Windows;C:\Windows\System32\Wbem;C:\Windows\System32\WindowsPowerShell\v1.0\;C:\Program Files\Microsoft SQL Server\90\Tools\binn\;C:\Program Files\MiKTeX 2.9\miktex\bin\;C:\MinGW\bin;C:\MinGW\msys\1.0\bin;C:\strawberry\c\bin;C:\strawberry\perl\site\bin;C:\strawberry\perl\bin;C:\Program Files\AMD\CodeAnalyst\bin;C:\Program Files\doxygen\bin;C:\Program Files\Microsoft Windows Performance Toolkit\;C:\Program Files\IBM\RationalPurifyPlus
USERNAME=pwof
OS=Windows_NT
PROCESSOR_IDENTIFIER=x86 Family 6 Model 23 Stepping 10, GenuineIntel



---------------  S Y S T E M  ---------------

OS: Windows 7 Build 7601 Service Pack 1

CPU:total 4 (4 cores per cpu, 1 threads per core) family 6 model 23 stepping 10, cmov, cx8, fxsr, mmx, sse, sse2, sse3, ssse3, sse4.1, tsc

Memory: 4k page, physical 3600624k(191320k free), swap 7199496k(2873900k free)

vm_info: Java HotSpot(TM) Client VM (25.0-b70) for windows-x86 JRE (1.8.0-b132), built on Mar  4 2014 03:51:15 by "java_re" with MS VC++ 10.0 (VS2010)

time: Thu Oct 09 15:31:05 2014
elapsed time: 235 seconds

