#
# A fatal error has been detected by the Java Runtime Environment:
#
#  EXCEPTION_ACCESS_VIOLATION (0xc0000005) at pc=0x152f2004, pid=7304, tid=5816
#
# JRE version: Java(TM) SE Runtime Environment (8.0_11-b12) (build 1.8.0_11-b12)
# Java VM: Java HotSpot(TM) Client VM (25.11-b03 mixed mode windows-x86 )
# Problematic frame:
# C  0x152f2004
#
# Failed to write core dump. Minidumps are not enabled by default on client versions of Windows
#
# If you would like to submit a bug report, please visit:
#   http://bugreport.sun.com/bugreport/crash.jsp
# The crash happened outside the Java Virtual Machine in native code.
# See problematic frame for where to report the bug.
#

---------------  T H R E A D  ---------------

Current thread (0x14ec6800):  JavaThread "SwingWorker-pool-2-thread-3" daemon [_thread_in_native, id=5816, stack(0x179b0000,0x17a00000)]

siginfo: ExceptionCode=0xc0000005, ExceptionInformation=0x00000008 0x152f2004

Registers:
EAX=0x0017ac80, EBX=0x152f2004, ECX=0x0017ac80, EDX=0x00000019
ESP=0x179f7b2c, EBP=0x179f7b48, ESI=0x1403e290, EDI=0x14ec6800
EIP=0x152f2004, EFLAGS=0x00010212

Top of Stack: (sp=0x179f7b2c)
0x179f7b2c:   6afc1a08 00000019 152e9c38 179ffd1c
0x179f7b3c:   00173a78 db5ce3f5 00000000 179ff8b8
0x179f7b4c:   6afc9784 00000019 179f7b88 152eb0a0
0x179f7b5c:   00000001 179ff894 00000000 00000000
0x179f7b6c:   00000000 00190000 027f0c7f 0004d260
0x179f7b7c:   00173a78 00000000 00000000 34332020
0x179f7b8c:   31303431 20303432 34203537 31203120
0x179f7b9c:   32323231 32323232 39303137 33303030 

Instructions: (pc=0x152f2004)
0x152f1fe4:   20 20 39 35 00 00 17 00 90 00 17 00 8a b1 6e 0f
0x152f1ff4:   38 00 00 8f 04 00 00 00 04 00 00 00 00 00 00 00
0x152f2004:   20 31 34 35 00 00 00 00 00 00 00 00 76 b6 6e 0f
0x152f2014:   00 00 00 8f 04 00 00 00 04 00 00 00 00 00 00 00 


Register to memory mapping:

EAX=0x0017ac80 is an unknown value
EBX=0x152f2004 is an unknown value
ECX=0x0017ac80 is an unknown value
EDX=0x00000019 is an unknown value
ESP=0x179f7b2c is pointing into the stack for thread: 0x14ec6800
EBP=0x179f7b48 is pointing into the stack for thread: 0x14ec6800
ESI=0x1403e290 is an unknown value
EDI=0x14ec6800 is a thread


Stack: [0x179b0000,0x17a00000],  sp=0x179f7b2c,  free space=286k
Native frames: (J=compiled Java code, j=interpreted, Vv=VM code, C=native code)
C  0x152f2004
C  [libmuargusdll.dll+0x9784]
C  [libmuargusdll.dll+0x1829d]
j  muargus.extern.dataengine.MuArgusCtrlJNI.CMuArgCtrl_WriteVariablesInFile(JLmuargus/extern/dataengine/CMuArgCtrl;Ljava/lang/String;Ljava/lang/String;I[ILjava/lang/String;[I)Z+0
j  muargus.extern.dataengine.CMuArgCtrl.WriteVariablesInFile(Ljava/lang/String;Ljava/lang/String;I[ILjava/lang/String;[I)Z+14
j  muargus.controller.CalculationService.makeReplacementFileInBackground()V+67
j  muargus.controller.CalculationService.executeInBackground(Lmuargus/controller/CalculationService$BackgroundTask;)V+70
j  muargus.controller.CalculationService.access$100(Lmuargus/controller/CalculationService;Lmuargus/controller/CalculationService$BackgroundTask;)V+2
j  muargus.controller.CalculationService$2.doInBackground()Ljava/lang/Void;+8
j  muargus.controller.CalculationService$2.doInBackground()Ljava/lang/Object;+1
j  javax.swing.SwingWorker$1.call()Ljava/lang/Object;+14
j  java.util.concurrent.FutureTask.run()V+42
j  javax.swing.SwingWorker.run()V+4
j  java.util.concurrent.ThreadPoolExecutor.runWorker(Ljava/util/concurrent/ThreadPoolExecutor$Worker;)V+95
j  java.util.concurrent.ThreadPoolExecutor$Worker.run()V+5
j  java.lang.Thread.run()V+11
v  ~StubRoutines::call_stub
V  [jvm.dll+0x142295]
V  [jvm.dll+0x2073ae]
V  [jvm.dll+0x14232e]
V  [jvm.dll+0x1424b6]
V  [jvm.dll+0x142527]
V  [jvm.dll+0xedebf]
V  [jvm.dll+0x1646ac]
V  [jvm.dll+0x164f3a]
V  [jvm.dll+0x1a9316]
C  [msvcr100.dll+0x5c556]
C  [msvcr100.dll+0x5c600]
C  [kernel32.dll+0x4ee1c]
C  [ntdll.dll+0x637eb]
C  [ntdll.dll+0x637be]

Java frames: (J=compiled Java code, j=interpreted, Vv=VM code)
j  muargus.extern.dataengine.MuArgusCtrlJNI.CMuArgCtrl_WriteVariablesInFile(JLmuargus/extern/dataengine/CMuArgCtrl;Ljava/lang/String;Ljava/lang/String;I[ILjava/lang/String;[I)Z+0
j  muargus.extern.dataengine.CMuArgCtrl.WriteVariablesInFile(Ljava/lang/String;Ljava/lang/String;I[ILjava/lang/String;[I)Z+14
j  muargus.controller.CalculationService.makeReplacementFileInBackground()V+67
j  muargus.controller.CalculationService.executeInBackground(Lmuargus/controller/CalculationService$BackgroundTask;)V+70
j  muargus.controller.CalculationService.access$100(Lmuargus/controller/CalculationService;Lmuargus/controller/CalculationService$BackgroundTask;)V+2
j  muargus.controller.CalculationService$2.doInBackground()Ljava/lang/Void;+8
j  muargus.controller.CalculationService$2.doInBackground()Ljava/lang/Object;+1
j  javax.swing.SwingWorker$1.call()Ljava/lang/Object;+14
j  java.util.concurrent.FutureTask.run()V+42
j  javax.swing.SwingWorker.run()V+4
j  java.util.concurrent.ThreadPoolExecutor.runWorker(Ljava/util/concurrent/ThreadPoolExecutor$Worker;)V+95
j  java.util.concurrent.ThreadPoolExecutor$Worker.run()V+5
j  java.lang.Thread.run()V+11
v  ~StubRoutines::call_stub

---------------  P R O C E S S  ---------------

Java Threads: ( => current thread )
=>0x14ec6800 JavaThread "SwingWorker-pool-2-thread-3" daemon [_thread_in_native, id=5816, stack(0x179b0000,0x17a00000)]
  0x14f52000 JavaThread "SwingWorker-pool-2-thread-2" daemon [_thread_blocked, id=8908, stack(0x18350000,0x183a0000)]
  0x14f50c00 JavaThread "SwingWorker-pool-2-thread-1" daemon [_thread_blocked, id=5468, stack(0x17ca0000,0x17cf0000)]
  0x15036400 JavaThread "TimerQueue" daemon [_thread_blocked, id=12092, stack(0x16af0000,0x16b40000)]
  0x14e06400 JavaThread "Swing-Shell" daemon [_thread_blocked, id=4280, stack(0x14860000,0x148b0000)]
  0x14fee000 JavaThread "D3D Screen Updater" daemon [_thread_blocked, id=11744, stack(0x17a90000,0x17ae0000)]
  0x00a0c000 JavaThread "DestroyJavaVM" [_thread_blocked, id=10536, stack(0x006b0000,0x00700000)]
  0x14dc4000 JavaThread "AWT-EventQueue-0" [_thread_blocked, id=11304, stack(0x03d50000,0x03da0000)]
  0x14445400 JavaThread "AWT-Windows" daemon [_thread_in_native, id=6112, stack(0x01020000,0x01070000)]
  0x14444800 JavaThread "AWT-Shutdown" [_thread_blocked, id=9288, stack(0x14610000,0x14660000)]
  0x14442000 JavaThread "Java2D Disposer" daemon [_thread_blocked, id=5396, stack(0x00f70000,0x00fc0000)]
  0x0090d400 JavaThread "Service Thread" daemon [_thread_blocked, id=8440, stack(0x00fd0000,0x01020000)]
  0x142dd400 JavaThread "C1 CompilerThread0" daemon [_thread_blocked, id=10104, stack(0x01080000,0x010d0000)]
  0x142dc400 JavaThread "Attach Listener" daemon [_thread_blocked, id=8708, stack(0x00ec0000,0x00f10000)]
  0x142d9400 JavaThread "Signal Dispatcher" daemon [_thread_blocked, id=7252, stack(0x009b0000,0x00a00000)]
  0x008fbc00 JavaThread "Finalizer" daemon [_thread_blocked, id=11996, stack(0x00f20000,0x00f70000)]
  0x008f5c00 JavaThread "Reference Handler" daemon [_thread_blocked, id=9372, stack(0x00e00000,0x00e50000)]

Other Threads:
  0x008f2800 VMThread [stack: 0x00d80000,0x00dd0000] [id=8328]
  0x0090e800 WatcherThread [stack: 0x03db0000,0x03e00000] [id=7024]

VM state:not at safepoint (normal execution)

VM Mutex/Monitor currently owned by a thread: None

Heap:
 def new generation   total 4928K, used 1811K [0x03e00000, 0x04350000, 0x09350000)
  eden space 4416K,  29% used [0x03e00000, 0x03f44d70, 0x04250000)
  from space 512K, 100% used [0x04250000, 0x042d0000, 0x042d0000)
  to   space 512K,   0% used [0x042d0000, 0x042d0000, 0x04350000)
 tenured generation   total 10944K, used 3206K [0x09350000, 0x09e00000, 0x13e00000)
   the space 10944K,  29% used [0x09350000, 0x09671890, 0x09671a00, 0x09e00000)
 Metaspace       used 10333K, capacity 10459K, committed 10496K, reserved 10624K

Card table byte_map: [0x00ce0000,0x00d70000] byte_map_base: 0x00cc1000

Polling page: 0x00130000

CodeCache: size=32768Kb used=1844Kb max_used=1844Kb free=30923Kb
 bounds [0x01d30000, 0x01f00000, 0x03d30000]
 total_blobs=1154 nmethods=883 adapters=202
 compilation: enabled

Compilation events (10 events):
Event: 13.295 Thread 0x142dd400  877             java.util.AbstractMap::<init> (15 bytes)
Event: 13.295 Thread 0x142dd400 nmethod 877 0x01ef8308 code [0x01ef8400, 0x01ef84b0]
Event: 13.330 Thread 0x142dd400  878             sun.security.provider.SHA::implCompress (491 bytes)
Event: 13.331 Thread 0x142dd400 nmethod 878 0x01ef8508 code [0x01ef8630, 0x01ef8a7c]
Event: 13.607 Thread 0x142dd400  879             java.util.concurrent.locks.AbstractQueuedSynchronizer$ConditionObject::awaitNanos (156 bytes)
Event: 13.610 Thread 0x142dd400 nmethod 879 0x01ef8e48 code [0x01ef9010, 0x01ef95c8]
Event: 13.816 Thread 0x142dd400  881             java.lang.Integer::reverseBytes (26 bytes)
Event: 13.816 Thread 0x142dd400 nmethod 881 0x01efaec8 code [0x01efafc0, 0x01efb050]
Event: 13.828 Thread 0x142dd400  882             java.util.concurrent.ConcurrentHashMap::addCount (292 bytes)
Event: 13.829 Thread 0x142dd400 nmethod 882 0x01efb088 code [0x01efb1e0, 0x01efb5d4]

GC Heap History (8 events):
Event: 0.297 GC heap before
{Heap before GC invocations=0 (full 0):
 def new generation   total 4928K, used 4416K [0x03e00000, 0x04350000, 0x09350000)
  eden space 4416K, 100% used [0x03e00000, 0x04250000, 0x04250000)
  from space 512K,   0% used [0x04250000, 0x04250000, 0x042d0000)
  to   space 512K,   0% used [0x042d0000, 0x042d0000, 0x04350000)
 tenured generation   total 10944K, used 0K [0x09350000, 0x09e00000, 0x13e00000)
   the space 10944K,   0% used [0x09350000, 0x09350000, 0x09350200, 0x09e00000)
 Metaspace       used 6664K, capacity 6757K, committed 6784K, reserved 7552K
Event: 0.303 GC heap after
Heap after GC invocations=1 (full 0):
 def new generation   total 4928K, used 512K [0x03e00000, 0x04350000, 0x09350000)
  eden space 4416K,   0% used [0x03e00000, 0x03e00000, 0x04250000)
  from space 512K, 100% used [0x042d0000, 0x04350000, 0x04350000)
  to   space 512K,   0% used [0x04250000, 0x04250000, 0x042d0000)
 tenured generation   total 10944K, used 1070K [0x09350000, 0x09e00000, 0x13e00000)
   the space 10944K,   9% used [0x09350000, 0x0945b888, 0x0945ba00, 0x09e00000)
 Metaspace       used 6664K, capacity 6757K, committed 6784K, reserved 7552K
}
Event: 3.704 GC heap before
{Heap before GC invocations=1 (full 0):
 def new generation   total 4928K, used 4928K [0x03e00000, 0x04350000, 0x09350000)
  eden space 4416K, 100% used [0x03e00000, 0x04250000, 0x04250000)
  from space 512K, 100% used [0x042d0000, 0x04350000, 0x04350000)
  to   space 512K,   0% used [0x04250000, 0x04250000, 0x042d0000)
 tenured generation   total 10944K, used 1070K [0x09350000, 0x09e00000, 0x13e00000)
   the space 10944K,   9% used [0x09350000, 0x0945b888, 0x0945ba00, 0x09e00000)
 Metaspace       used 8910K, capacity 9046K, committed 9088K, reserved 9600K
Event: 3.720 GC heap after
Heap after GC invocations=2 (full 0):
 def new generation   total 4928K, used 512K [0x03e00000, 0x04350000, 0x09350000)
  eden space 4416K,   0% used [0x03e00000, 0x03e00000, 0x04250000)
  from space 512K, 100% used [0x04250000, 0x042d0000, 0x042d0000)
  to   space 512K,   0% used [0x042d0000, 0x042d0000, 0x04350000)
 tenured generation   total 10944K, used 2043K [0x09350000, 0x09e00000, 0x13e00000)
   the space 10944K,  18% used [0x09350000, 0x0954ef08, 0x0954f000, 0x09e00000)
 Metaspace       used 8910K, capacity 9046K, committed 9088K, reserved 9600K
}
Event: 8.008 GC heap before
{Heap before GC invocations=2 (full 0):
 def new generation   total 4928K, used 4928K [0x03e00000, 0x04350000, 0x09350000)
  eden space 4416K, 100% used [0x03e00000, 0x04250000, 0x04250000)
  from space 512K, 100% used [0x04250000, 0x042d0000, 0x042d0000)
  to   space 512K,   0% used [0x042d0000, 0x042d0000, 0x04350000)
 tenured generation   total 10944K, used 2043K [0x09350000, 0x09e00000, 0x13e00000)
   the space 10944K,  18% used [0x09350000, 0x0954ef08, 0x0954f000, 0x09e00000)
 Metaspace       used 9136K, capacity 9243K, committed 9344K, reserved 9600K
Event: 8.018 GC heap after
Heap after GC invocations=3 (full 0):
 def new generation   total 4928K, used 511K [0x03e00000, 0x04350000, 0x09350000)
  eden space 4416K,   0% used [0x03e00000, 0x03e00000, 0x04250000)
  from space 512K,  99% used [0x042d0000, 0x0434fff8, 0x04350000)
  to   space 512K,   0% used [0x04250000, 0x04250000, 0x042d0000)
 tenured generation   total 10944K, used 2545K [0x09350000, 0x09e00000, 0x13e00000)
   the space 10944K,  23% used [0x09350000, 0x095cc548, 0x095cc600, 0x09e00000)
 Metaspace       used 9136K, capacity 9243K, committed 9344K, reserved 9600K
}
Event: 12.963 GC heap before
{Heap before GC invocations=3 (full 0):
 def new generation   total 4928K, used 4927K [0x03e00000, 0x04350000, 0x09350000)
  eden space 4416K, 100% used [0x03e00000, 0x04250000, 0x04250000)
  from space 512K,  99% used [0x042d0000, 0x0434fff8, 0x04350000)
  to   space 512K,   0% used [0x04250000, 0x04250000, 0x042d0000)
 tenured generation   total 10944K, used 2545K [0x09350000, 0x09e00000, 0x13e00000)
   the space 10944K,  23% used [0x09350000, 0x095cc548, 0x095cc600, 0x09e00000)
 Metaspace       used 9758K, capacity 9851K, committed 9984K, reserved 10624K
Event: 12.972 GC heap after
Heap after GC invocations=4 (full 0):
 def new generation   total 4928K, used 512K [0x03e00000, 0x04350000, 0x09350000)
  eden space 4416K,   0% used [0x03e00000, 0x03e00000, 0x04250000)
  from space 512K, 100% used [0x04250000, 0x042d0000, 0x042d0000)
  to   space 512K,   0% used [0x042d0000, 0x042d0000, 0x04350000)
 tenured generation   total 10944K, used 3206K [0x09350000, 0x09e00000, 0x13e00000)
   the space 10944K,  29% used [0x09350000, 0x09671890, 0x09671a00, 0x09e00000)
 Metaspace       used 9758K, capacity 9851K, committed 9984K, reserved 10624K
}

Deoptimization events (0 events):
No events

Internal exceptions (10 events):
Event: 10.869 Thread 0x14dc4000 Exception <a 'java/security/PrivilegedActionException'> (0x040d92b0) thrown at [D:\re\puppet\workspace\8-2-build-windows-i586-cygwin\jdk8u11\648\hotspot\src\share\vm\prims\jvm.cpp, line 1248]
Event: 10.870 Thread 0x14dc4000 Exception <a 'java/security/PrivilegedActionException'> (0x040db4f8) thrown at [D:\re\puppet\workspace\8-2-build-windows-i586-cygwin\jdk8u11\648\hotspot\src\share\vm\prims\jvm.cpp, line 1248]
Event: 10.871 Thread 0x14dc4000 Exception <a 'java/security/PrivilegedActionException'> (0x040dd760) thrown at [D:\re\puppet\workspace\8-2-build-windows-i586-cygwin\jdk8u11\648\hotspot\src\share\vm\prims\jvm.cpp, line 1248]
Event: 10.871 Thread 0x14dc4000 Exception <a 'java/security/PrivilegedActionException'> (0x040df978) thrown at [D:\re\puppet\workspace\8-2-build-windows-i586-cygwin\jdk8u11\648\hotspot\src\share\vm\prims\jvm.cpp, line 1248]
Event: 13.276 Thread 0x14dc4000 Exception <a 'java/security/PrivilegedActionException'> (0x03e3a620) thrown at [D:\re\puppet\workspace\8-2-build-windows-i586-cygwin\jdk8u11\648\hotspot\src\share\vm\prims\jvm.cpp, line 1248]
Event: 13.278 Thread 0x14dc4000 Exception <a 'java/security/PrivilegedActionException'> (0x03e3d080) thrown at [D:\re\puppet\workspace\8-2-build-windows-i586-cygwin\jdk8u11\648\hotspot\src\share\vm\prims\jvm.cpp, line 1248]
Event: 13.824 Thread 0x14dc4000 Exception <a 'java/security/PrivilegedActionException'> (0x03ec8d58) thrown at [D:\re\puppet\workspace\8-2-build-windows-i586-cygwin\jdk8u11\648\hotspot\src\share\vm\prims\jvm.cpp, line 1248]
Event: 13.827 Thread 0x14dc4000 Exception <a 'java/security/PrivilegedActionException'> (0x03eeef20) thrown at [D:\re\puppet\workspace\8-2-build-windows-i586-cygwin\jdk8u11\648\hotspot\src\share\vm\prims\jvm.cpp, line 1248]
Event: 13.828 Thread 0x14dc4000 Exception <a 'java/security/PrivilegedActionException'> (0x03ef1da8) thrown at [D:\re\puppet\workspace\8-2-build-windows-i586-cygwin\jdk8u11\648\hotspot\src\share\vm\prims\jvm.cpp, line 1248]
Event: 13.830 Thread 0x14dc4000 Exception <a 'java/security/PrivilegedActionException'> (0x03ef5308) thrown at [D:\re\puppet\workspace\8-2-build-windows-i586-cygwin\jdk8u11\648\hotspot\src\share\vm\prims\jvm.cpp, line 1248]

Events (10 events):
Event: 13.825 Executing VM operation: RevokeBias done
Event: 13.827 loading class org/apache/commons/io/filefilter/IOFileFilter
Event: 13.827 loading class org/apache/commons/io/filefilter/IOFileFilter done
Event: 13.828 loading class java/util/zip/CheckedInputStream
Event: 13.828 loading class java/util/zip/CheckedInputStream done
Event: 13.828 loading class org/apache/commons/io/output/NullOutputStream
Event: 13.828 loading class org/apache/commons/io/output/NullOutputStream done
Event: 13.830 loading class org/apache/commons/io/FileExistsException
Event: 13.830 loading class org/apache/commons/io/FileExistsException done
Event: 13.831 loading class java/math/BigInteger


Dynamic libraries:
0x01100000 - 0x01130000 	C:\Program Files\Java\jdk1.8.0_11\jre\bin\java.exe
0x76e60000 - 0x76f9c000 	C:\Windows\SYSTEM32\ntdll.dll
0x751f0000 - 0x752c4000 	C:\Windows\system32\kernel32.dll
0x75160000 - 0x751ab000 	C:\Windows\system32\KERNELBASE.dll
0x76c60000 - 0x76d00000 	C:\Windows\system32\ADVAPI32.dll
0x76d00000 - 0x76dac000 	C:\Windows\system32\msvcrt.dll
0x75800000 - 0x75819000 	C:\Windows\SYSTEM32\sechost.dll
0x76fe0000 - 0x77082000 	C:\Windows\system32\RPCRT4.dll
0x755c0000 - 0x75689000 	C:\Windows\system32\USER32.dll
0x75690000 - 0x756de000 	C:\Windows\system32\GDI32.dll
0x75570000 - 0x7557a000 	C:\Windows\system32\LPK.dll
0x75be0000 - 0x75c7d000 	C:\Windows\system32\USP10.dll
0x73d20000 - 0x73ebe000 	C:\Windows\WinSxS\x86_microsoft.windows.common-controls_6595b64144ccf1df_6.0.7601.17514_none_41e6975e2bd6f2b2\COMCTL32.dll
0x75a70000 - 0x75ac7000 	C:\Windows\system32\SHLWAPI.dll
0x76fa0000 - 0x76fbf000 	C:\Windows\system32\IMM32.DLL
0x75ad0000 - 0x75b9c000 	C:\Windows\system32\MSCTF.dll
0x624e0000 - 0x6254b000 	c:\program files\f-secure\hips\fshook32.dll
0x76fd0000 - 0x76fd5000 	C:\Windows\system32\PSAPI.DLL
0x687c0000 - 0x6887f000 	C:\Program Files\Java\jdk1.8.0_11\jre\bin\msvcr100.dll
0x67800000 - 0x67b97000 	C:\Program Files\Java\jdk1.8.0_11\jre\bin\client\jvm.dll
0x73240000 - 0x73247000 	C:\Windows\system32\WSOCK32.dll
0x75ba0000 - 0x75bd5000 	C:\Windows\system32\WS2_32.dll
0x76fc0000 - 0x76fc6000 	C:\Windows\system32\NSI.dll
0x73590000 - 0x735c2000 	C:\Windows\system32\WINMM.dll
0x71c40000 - 0x71c75000 	C:\Program Files\Java\jdk1.8.0_11\jre\bin\splashscreen.dll
0x72e50000 - 0x72e5c000 	C:\Program Files\Java\jdk1.8.0_11\jre\bin\verify.dll
0x725e0000 - 0x72601000 	C:\Program Files\Java\jdk1.8.0_11\jre\bin\java.dll
0x72640000 - 0x72653000 	C:\Program Files\Java\jdk1.8.0_11\jre\bin\zip.dll
0x75f80000 - 0x76bca000 	C:\Windows\system32\SHELL32.dll
0x75e20000 - 0x75f7c000 	C:\Windows\system32\ole32.dll
0x74ed0000 - 0x74edb000 	C:\Windows\system32\profapi.dll
0x6afc0000 - 0x6b050000 	C:\Users\Gebruiker\Documents\MuArgus\libmuargusdll.dll
0x6e940000 - 0x6e964000 	C:\Users\Gebruiker\Documents\MuArgus\libgcc_s_dw2-1.dll
0x6fc40000 - 0x6fd40000 	C:\Users\Gebruiker\Documents\MuArgus\libstdc++-6.dll
0x681b0000 - 0x682f5000 	C:\Program Files\Java\jdk1.8.0_11\jre\bin\awt.dll
0x759e0000 - 0x75a6f000 	C:\Windows\system32\OLEAUT32.dll
0x73b90000 - 0x73bd0000 	C:\Windows\system32\uxtheme.dll
0x73430000 - 0x73443000 	C:\Windows\system32\dwmapi.dll
0x74df0000 - 0x74dfc000 	C:\Windows\system32\CRYPTBASE.dll
0x65280000 - 0x65443000 	C:\Windows\system32\d3d9.dll
0x74380000 - 0x74389000 	C:\Windows\system32\VERSION.dll
0x72e70000 - 0x72e76000 	C:\Windows\system32\d3d8thk.dll
0x64560000 - 0x64ce9000 	C:\Windows\system32\igdumdim32.dll
0x6c9b0000 - 0x6ccf7000 	C:\Windows\system32\igdusc32.dll
0x00e50000 - 0x00e89000 	C:\Program Files\Java\jdk1.8.0_11\jre\bin\fontmanager.dll
0x724d0000 - 0x724e4000 	C:\Program Files\Java\jdk1.8.0_11\jre\bin\net.dll
0x74930000 - 0x7496c000 	C:\Windows\system32\mswsock.dll
0x74990000 - 0x74996000 	C:\Windows\System32\wship6.dll
0x726a0000 - 0x726af000 	C:\Program Files\Java\jdk1.8.0_11\jre\bin\nio.dll
0x6ff90000 - 0x6ffc0000 	C:\Program Files\Java\jdk1.8.0_11\jre\bin\t2k.dll
0x76bd0000 - 0x76c53000 	C:\Windows\system32\CLBCatQ.DLL
0x71680000 - 0x71704000 	C:\Windows\WinSxS\x86_microsoft.windows.common-controls_6595b64144ccf1df_5.82.7601.18201_none_ec80f00e8593ece5\comctl32.dll
0x75c80000 - 0x75e1d000 	C:\Windows\system32\SETUPAPI.dll
0x75120000 - 0x75147000 	C:\Windows\system32\CFGMGR32.dll
0x751d0000 - 0x751e2000 	C:\Windows\system32\DEVOBJ.dll
0x73a20000 - 0x73b15000 	C:\Windows\system32\propsys.dll
0x73760000 - 0x73781000 	C:\Windows\system32\ntmarta.dll
0x76db0000 - 0x76df5000 	C:\Windows\system32\WLDAP32.dll
0x74da0000 - 0x74dec000 	C:\Windows\system32\apphelp.dll
0x51e90000 - 0x52028000 	C:\Windows\system32\NetworkExplorer.dll
0x6c5c0000 - 0x6c5ef000 	C:\Windows\System32\shdocvw.dll
0x733e0000 - 0x733ea000 	C:\Windows\system32\slc.dll
0x72ea0000 - 0x72fd0000 	C:\Windows\system32\WindowsCodecs.dll
0x6c8f0000 - 0x6c921000 	C:\Windows\system32\EhStorShell.dll
0x6c880000 - 0x6c8ea000 	C:\Windows\System32\cscui.dll
0x6c870000 - 0x6c879000 	C:\Windows\System32\CSCDLL.dll
0x6c540000 - 0x6c54b000 	C:\Windows\system32\CSCAPI.dll
0x6c800000 - 0x6c870000 	C:\Windows\system32\ntshrui.dll
0x74b20000 - 0x74b39000 	C:\Windows\system32\srvcli.dll
0x6d920000 - 0x6d932000 	C:\Windows\system32\MPR.dll
0x72e20000 - 0x72e28000 	C:\Windows\System32\drprov.dll
0x749b0000 - 0x749d9000 	C:\Windows\System32\WINSTA.dll
0x6fe20000 - 0x6fe34000 	C:\Windows\System32\ntlanman.dll
0x6fda0000 - 0x6fdb7000 	C:\Windows\System32\davclnt.dll
0x6fd90000 - 0x6fd98000 	C:\Windows\System32\DAVHLPR.dll
0x72530000 - 0x7253f000 	C:\Windows\system32\wkscli.dll
0x73220000 - 0x73229000 	C:\Windows\system32\netutils.dll
0x5f870000 - 0x5faa8000 	C:\Windows\system32\wpdshext.dll
0x73890000 - 0x73a20000 	C:\Windows\WinSxS\x86_microsoft.windows.gdiplus_6595b64144ccf1df_1.1.7601.18455_none_72d576ad8665e853\gdiplus.dll
0x6eaf0000 - 0x6eb79000 	C:\Windows\system32\PortableDeviceApi.dll
0x74f90000 - 0x74fbe000 	C:\Windows\system32\WINTRUST.dll
0x74fe0000 - 0x75100000 	C:\Windows\system32\CRYPT32.dll
0x74ee0000 - 0x74eec000 	C:\Windows\system32\MSASN1.dll
0x6e2e0000 - 0x6e31f000 	C:\Windows\system32\audiodev.dll
0x638b0000 - 0x63b17000 	C:\Windows\system32\WMVCore.DLL
0x6c7b0000 - 0x6c7ed000 	C:\Windows\system32\WMASF.DLL
0x6bfb0000 - 0x6bfd2000 	C:\Windows\system32\EhStorAPI.dll
0x6c5b0000 - 0x6c5b9000 	C:\Windows\system32\LINKINFO.dll
0x74c20000 - 0x74c28000 	C:\Windows\system32\Secur32.dll
0x74d80000 - 0x74d9b000 	C:\Windows\system32\SSPICLI.DLL
0x72520000 - 0x7252f000 	C:\Windows\system32\samcli.dll
0x73b20000 - 0x73b32000 	C:\Windows\system32\SAMLIB.dll
0x74970000 - 0x74986000 	C:\Windows\system32\CRYPTSP.dll
0x74650000 - 0x7468b000 	C:\Windows\system32\rsaenh.dll
0x75100000 - 0x75117000 	C:\Windows\system32\USERENV.dll
0x72470000 - 0x7248c000 	C:\Windows\system32\IPHLPAPI.DLL
0x72460000 - 0x72467000 	C:\Windows\system32\WINNSI.DLL
0x722d0000 - 0x722e2000 	C:\Windows\system32\dhcpcsvc.DLL
0x720e0000 - 0x720ed000 	C:\Windows\system32\dhcpcsvc6.DLL
0x72790000 - 0x7287b000 	C:\Windows\system32\dbghelp.dll

VM Arguments:
jvm_args: -Dfile.encoding=UTF-8 
java_command: muargus.MuARGUS
java_class_path (initial): C:\Program Files\NetBeans 8.0\java\modules\ext\beansbinding-1.2.1.jar;C:\Users\Gebruiker\Documents\ArgusLib\dist\ArgusLib.jar;C:\Users\Gebruiker\Documents\ArgusLib\src\argus\lib\commons-io-2.4.jar;C:\Users\Gebruiker\Documents\ArgusLib\src\argus\lib\commons-lang3-3.1.jar;C:\Users\Gebruiker\Documents\MuArgus\lib\jcommon-1.0.23.jar;C:\Users\Gebruiker\Documents\MuArgus\lib\jfreechart-1.0.19.jar;C:\Users\Gebruiker\Documents\MuArgus\build\classes
Launcher Type: SUN_STANDARD

Environment Variables:
PATH=C:\Program Files\Intel\iCLS Client\;C:\Windows\system32;C:\Windows;C:\Windows\System32\Wbem;C:\Windows\System32\WindowsPowerShell\v1.0\;C:\Program Files\Intel\OpenCL SDK\3.0\bin\x86;C:\Program Files\Intel\Intel(R) Management Engine Components\DAL;C:\Program Files\Intel\Intel(R) Management Engine Components\IPT;C:\Program Files\Intel\WiFi\bin\;C:\Program Files\Common Files\Intel\WirelessCommon\;C:\MinGW\bin;C:\MinGW\MSYS\1.0\bin;C:\Program Files\Intel\WiFi\bin\;C:\Program Files\Common Files\Intel\WirelessCommon\
USERNAME=pibd05
OS=Windows_NT
PROCESSOR_IDENTIFIER=x86 Family 6 Model 60 Stepping 3, GenuineIntel



---------------  S Y S T E M  ---------------

OS: Windows 7 Build 7601 Service Pack 1

CPU:total 8 (4 cores per cpu, 2 threads per core) family 6 model 60 stepping 3, cmov, cx8, fxsr, mmx, sse, sse2, sse3, ssse3, sse4.1, sse4.2, popcnt, avx, avx2, aes, clmul, erms, ht, tsc, tscinvbit

Memory: 4k page, physical 3575660k(388656k free), swap 7149568k(2831096k free)

vm_info: Java HotSpot(TM) Client VM (25.11-b03) for windows-x86 JRE (1.8.0_11-b12), built on Jun 16 2014 18:18:58 by "java_re" with MS VC++ 10.0 (VS2010)

time: Sat Sep 13 16:53:10 2014
elapsed time: 13 seconds

